Using hg38 memmap file
running window 6610413
WARNING:pygenometracks.tracksClass:title not set for section 4. [test gtf collapsed]

INFO:pygenometracks.tracksClass:initialize 1. [spacer]
INFO:pygenometracks.tracksClass:initialize 2. [x-axis]
INFO:pygenometracks.tracksClass:initialize 3. [spacer]
INFO:pygenometracks.tracksClass:initialize 4. [test gtf collapsed]
  0%|          | 0/1 [00:00<?, ?it/s]100%|██████████| 1/1 [00:00<00:00, 3423.92it/s]
INFO:pygenometracks.tracksClass:time initializing track(s):
INFO:pygenometracks.tracksClass:0.1022181510925293
DEBUG:pygenometracks.tracksClass:Figure size in cm is 40.0 x 28.776595744680854. Dpi is set to 10

INFO:pygenometracks.tracksClass:plotting 1. [spacer]
INFO:pygenometracks.tracksClass:plotting 2. [x-axis]
INFO:pygenometracks.tracksClass:plotting 3. [spacer]
INFO:pygenometracks.tracksClass:plotting 4. [test gtf collapsed]
DEBUG:pygenometracks.tracks.GenomeTrack:ylim 93.08,-0.08
INFO:fontTools.subset:maxp pruned
INFO:fontTools.subset:cmap pruned
INFO:fontTools.subset:kern dropped
INFO:fontTools.subset:post pruned
INFO:fontTools.subset:FFTM dropped
INFO:fontTools.subset:GPOS pruned
INFO:fontTools.subset:GSUB pruned
INFO:fontTools.subset:name pruned
INFO:fontTools.subset:glyf pruned
INFO:fontTools.subset:Added gid0 to subset
INFO:fontTools.subset:Added first four glyphs to subset
INFO:fontTools.subset:Closing glyph list over 'GSUB': 16 glyphs before
INFO:fontTools.subset:Glyph names: ['.notdef', '.null', 'M', 'O', 'P', 'b', 'd', 'e', 'l', 'nonmarkingreturn', 'o', 'one', 'r', 's', 'space', 'zero']
INFO:fontTools.subset:Glyph IDs:   [0, 1, 2, 3, 19, 20, 48, 50, 51, 69, 71, 72, 79, 82, 85, 86]
INFO:fontTools.subset:Closed glyph list over 'GSUB': 16 glyphs after
INFO:fontTools.subset:Glyph names: ['.notdef', '.null', 'M', 'O', 'P', 'b', 'd', 'e', 'l', 'nonmarkingreturn', 'o', 'one', 'r', 's', 'space', 'zero']
INFO:fontTools.subset:Glyph IDs:   [0, 1, 2, 3, 19, 20, 48, 50, 51, 69, 71, 72, 79, 82, 85, 86]
INFO:fontTools.subset:Closing glyph list over 'glyf': 16 glyphs before
INFO:fontTools.subset:Glyph names: ['.notdef', '.null', 'M', 'O', 'P', 'b', 'd', 'e', 'l', 'nonmarkingreturn', 'o', 'one', 'r', 's', 'space', 'zero']
INFO:fontTools.subset:Glyph IDs:   [0, 1, 2, 3, 19, 20, 48, 50, 51, 69, 71, 72, 79, 82, 85, 86]
INFO:fontTools.subset:Closed glyph list over 'glyf': 16 glyphs after
INFO:fontTools.subset:Glyph names: ['.notdef', '.null', 'M', 'O', 'P', 'b', 'd', 'e', 'l', 'nonmarkingreturn', 'o', 'one', 'r', 's', 'space', 'zero']
INFO:fontTools.subset:Glyph IDs:   [0, 1, 2, 3, 19, 20, 48, 50, 51, 69, 71, 72, 79, 82, 85, 86]
INFO:fontTools.subset:Retaining 16 glyphs
INFO:fontTools.subset:head subsetting not needed
INFO:fontTools.subset:hhea subsetting not needed
INFO:fontTools.subset:maxp subsetting not needed
INFO:fontTools.subset:OS/2 subsetting not needed
INFO:fontTools.subset:hmtx subsetted
INFO:fontTools.subset:cmap subsetted
INFO:fontTools.subset:fpgm subsetting not needed
INFO:fontTools.subset:prep subsetting not needed
INFO:fontTools.subset:cvt  subsetting not needed
INFO:fontTools.subset:loca subsetting not needed
INFO:fontTools.subset:post subsetted
INFO:fontTools.subset:gasp subsetting not needed
INFO:fontTools.subset:GDEF subsetted
INFO:fontTools.subset:GPOS subsetted
INFO:fontTools.subset:GSUB subsetted
INFO:fontTools.subset:name subsetting not needed
INFO:fontTools.subset:glyf subsetted
INFO:fontTools.subset:head pruned
INFO:fontTools.subset:OS/2 Unicode ranges pruned: [0]
INFO:fontTools.subset:glyf pruned
INFO:fontTools.subset:GDEF pruned
INFO:fontTools.subset:GPOS pruned
INFO:fontTools.subset:GSUB pruned
INFO:fontTools.subset:maxp pruned
INFO:fontTools.subset:cmap pruned
INFO:fontTools.subset:kern dropped
INFO:fontTools.subset:post pruned
INFO:fontTools.subset:FFTM dropped
INFO:fontTools.subset:GPOS pruned
INFO:fontTools.subset:GSUB pruned
INFO:fontTools.subset:name pruned
INFO:fontTools.subset:glyf pruned
INFO:fontTools.subset:Added gid0 to subset
INFO:fontTools.subset:Added first four glyphs to subset
INFO:fontTools.subset:Closing glyph list over 'GSUB': 18 glyphs before
INFO:fontTools.subset:Glyph names: ['.notdef', '.null', 'c', 'colon', 'four', 'h', 'hyphen', 'minus', 'nine', 'nonmarkingreturn', 'one', 'r', 'seven', 'six', 'space', 'three', 'two', 'zero']
INFO:fontTools.subset:Glyph IDs:   [0, 1, 2, 3, 16, 19, 20, 21, 22, 23, 25, 26, 28, 29, 70, 75, 85, 3228]
INFO:fontTools.subset:Closed glyph list over 'GSUB': 18 glyphs after
INFO:fontTools.subset:Glyph names: ['.notdef', '.null', 'c', 'colon', 'four', 'h', 'hyphen', 'minus', 'nine', 'nonmarkingreturn', 'one', 'r', 'seven', 'six', 'space', 'three', 'two', 'zero']
INFO:fontTools.subset:Glyph IDs:   [0, 1, 2, 3, 16, 19, 20, 21, 22, 23, 25, 26, 28, 29, 70, 75, 85, 3228]
INFO:fontTools.subset:Closing glyph list over 'MATH': 18 glyphs before
INFO:fontTools.subset:Glyph names: ['.notdef', '.null', 'c', 'colon', 'four', 'h', 'hyphen', 'minus', 'nine', 'nonmarkingreturn', 'one', 'r', 'seven', 'six', 'space', 'three', 'two', 'zero']
INFO:fontTools.subset:Glyph IDs:   [0, 1, 2, 3, 16, 19, 20, 21, 22, 23, 25, 26, 28, 29, 70, 75, 85, 3228]
INFO:fontTools.subset:Closed glyph list over 'MATH': 18 glyphs after
INFO:fontTools.subset:Glyph names: ['.notdef', '.null', 'c', 'colon', 'four', 'h', 'hyphen', 'minus', 'nine', 'nonmarkingreturn', 'one', 'r', 'seven', 'six', 'space', 'three', 'two', 'zero']
INFO:fontTools.subset:Glyph IDs:   [0, 1, 2, 3, 16, 19, 20, 21, 22, 23, 25, 26, 28, 29, 70, 75, 85, 3228]
INFO:fontTools.subset:Closing glyph list over 'glyf': 18 glyphs before
INFO:fontTools.subset:Glyph names: ['.notdef', '.null', 'c', 'colon', 'four', 'h', 'hyphen', 'minus', 'nine', 'nonmarkingreturn', 'one', 'r', 'seven', 'six', 'space', 'three', 'two', 'zero']
INFO:fontTools.subset:Glyph IDs:   [0, 1, 2, 3, 16, 19, 20, 21, 22, 23, 25, 26, 28, 29, 70, 75, 85, 3228]
INFO:fontTools.subset:Closed glyph list over 'glyf': 18 glyphs after
INFO:fontTools.subset:Glyph names: ['.notdef', '.null', 'c', 'colon', 'four', 'h', 'hyphen', 'minus', 'nine', 'nonmarkingreturn', 'one', 'r', 'seven', 'six', 'space', 'three', 'two', 'zero']
INFO:fontTools.subset:Glyph IDs:   [0, 1, 2, 3, 16, 19, 20, 21, 22, 23, 25, 26, 28, 29, 70, 75, 85, 3228]
INFO:fontTools.subset:Retaining 18 glyphs
INFO:fontTools.subset:head subsetting not needed
INFO:fontTools.subset:hhea subsetting not needed
INFO:fontTools.subset:maxp subsetting not needed
INFO:fontTools.subset:OS/2 subsetting not needed
INFO:fontTools.subset:hmtx subsetted
INFO:fontTools.subset:cmap subsetted
INFO:fontTools.subset:fpgm subsetting not needed
INFO:fontTools.subset:prep subsetting not needed
INFO:fontTools.subset:cvt  subsetting not needed
INFO:fontTools.subset:loca subsetting not needed
INFO:fontTools.subset:post subsetted
INFO:fontTools.subset:gasp subsetting not needed
INFO:fontTools.subset:GDEF subsetted
INFO:fontTools.subset:GPOS subsetted
INFO:fontTools.subset:GSUB subsetted
INFO:fontTools.subset:MATH subsetted
INFO:fontTools.subset:name subsetting not needed
INFO:fontTools.subset:glyf subsetted
INFO:fontTools.subset:head pruned
INFO:fontTools.subset:OS/2 Unicode ranges pruned: [0, 38]
INFO:fontTools.subset:glyf pruned
INFO:fontTools.subset:GDEF pruned
INFO:fontTools.subset:GPOS pruned
INFO:fontTools.subset:GSUB pruned
INFO:fontTools.subset:maxp pruned
INFO:fontTools.subset:cmap pruned
INFO:fontTools.subset:kern dropped
INFO:fontTools.subset:post pruned
INFO:fontTools.subset:FFTM dropped
INFO:fontTools.subset:GPOS pruned
INFO:fontTools.subset:GSUB pruned
INFO:fontTools.subset:name pruned
INFO:fontTools.subset:glyf pruned
INFO:fontTools.subset:Added gid0 to subset
INFO:fontTools.subset:Added first four glyphs to subset
INFO:fontTools.subset:Closing glyph list over 'GSUB': 16 glyphs before
INFO:fontTools.subset:Glyph names: ['.notdef', '.null', 'M', 'O', 'P', 'b', 'd', 'e', 'l', 'nonmarkingreturn', 'o', 'one', 'r', 's', 'space', 'zero']
INFO:fontTools.subset:Glyph IDs:   [0, 1, 2, 3, 19, 20, 48, 50, 51, 69, 71, 72, 79, 82, 85, 86]
INFO:fontTools.subset:Closed glyph list over 'GSUB': 16 glyphs after
INFO:fontTools.subset:Glyph names: ['.notdef', '.null', 'M', 'O', 'P', 'b', 'd', 'e', 'l', 'nonmarkingreturn', 'o', 'one', 'r', 's', 'space', 'zero']
INFO:fontTools.subset:Glyph IDs:   [0, 1, 2, 3, 19, 20, 48, 50, 51, 69, 71, 72, 79, 82, 85, 86]
INFO:fontTools.subset:Closing glyph list over 'glyf': 16 glyphs before
INFO:fontTools.subset:Glyph names: ['.notdef', '.null', 'M', 'O', 'P', 'b', 'd', 'e', 'l', 'nonmarkingreturn', 'o', 'one', 'r', 's', 'space', 'zero']
INFO:fontTools.subset:Glyph IDs:   [0, 1, 2, 3, 19, 20, 48, 50, 51, 69, 71, 72, 79, 82, 85, 86]
INFO:fontTools.subset:Closed glyph list over 'glyf': 16 glyphs after
INFO:fontTools.subset:Glyph names: ['.notdef', '.null', 'M', 'O', 'P', 'b', 'd', 'e', 'l', 'nonmarkingreturn', 'o', 'one', 'r', 's', 'space', 'zero']
INFO:fontTools.subset:Glyph IDs:   [0, 1, 2, 3, 19, 20, 48, 50, 51, 69, 71, 72, 79, 82, 85, 86]
INFO:fontTools.subset:Retaining 16 glyphs
INFO:fontTools.subset:head subsetting not needed
INFO:fontTools.subset:hhea subsetting not needed
INFO:fontTools.subset:maxp subsetting not needed
INFO:fontTools.subset:OS/2 subsetting not needed
INFO:fontTools.subset:hmtx subsetted
INFO:fontTools.subset:cmap subsetted
INFO:fontTools.subset:fpgm subsetting not needed
INFO:fontTools.subset:prep subsetting not needed
INFO:fontTools.subset:cvt  subsetting not needed
INFO:fontTools.subset:loca subsetting not needed
INFO:fontTools.subset:post subsetted
INFO:fontTools.subset:gasp subsetting not needed
INFO:fontTools.subset:GDEF subsetted
INFO:fontTools.subset:GPOS subsetted
INFO:fontTools.subset:GSUB subsetted
INFO:fontTools.subset:name subsetting not needed
INFO:fontTools.subset:glyf subsetted
INFO:fontTools.subset:head pruned
INFO:fontTools.subset:OS/2 Unicode ranges pruned: [0]
INFO:fontTools.subset:glyf pruned
INFO:fontTools.subset:GDEF pruned
INFO:fontTools.subset:GPOS pruned
INFO:fontTools.subset:GSUB pruned
INFO:fontTools.subset:maxp pruned
INFO:fontTools.subset:cmap pruned
INFO:fontTools.subset:kern dropped
INFO:fontTools.subset:post pruned
INFO:fontTools.subset:FFTM dropped
INFO:fontTools.subset:GPOS pruned
INFO:fontTools.subset:GSUB pruned
INFO:fontTools.subset:name pruned
INFO:fontTools.subset:glyf pruned
INFO:fontTools.subset:Added gid0 to subset
INFO:fontTools.subset:Added first four glyphs to subset
INFO:fontTools.subset:Closing glyph list over 'GSUB': 18 glyphs before
INFO:fontTools.subset:Glyph names: ['.notdef', '.null', 'c', 'colon', 'four', 'h', 'hyphen', 'minus', 'nine', 'nonmarkingreturn', 'one', 'r', 'seven', 'six', 'space', 'three', 'two', 'zero']
INFO:fontTools.subset:Glyph IDs:   [0, 1, 2, 3, 16, 19, 20, 21, 22, 23, 25, 26, 28, 29, 70, 75, 85, 3228]
INFO:fontTools.subset:Closed glyph list over 'GSUB': 18 glyphs after
INFO:fontTools.subset:Glyph names: ['.notdef', '.null', 'c', 'colon', 'four', 'h', 'hyphen', 'minus', 'nine', 'nonmarkingreturn', 'one', 'r', 'seven', 'six', 'space', 'three', 'two', 'zero']
INFO:fontTools.subset:Glyph IDs:   [0, 1, 2, 3, 16, 19, 20, 21, 22, 23, 25, 26, 28, 29, 70, 75, 85, 3228]
INFO:fontTools.subset:Closing glyph list over 'MATH': 18 glyphs before
INFO:fontTools.subset:Glyph names: ['.notdef', '.null', 'c', 'colon', 'four', 'h', 'hyphen', 'minus', 'nine', 'nonmarkingreturn', 'one', 'r', 'seven', 'six', 'space', 'three', 'two', 'zero']
INFO:fontTools.subset:Glyph IDs:   [0, 1, 2, 3, 16, 19, 20, 21, 22, 23, 25, 26, 28, 29, 70, 75, 85, 3228]
INFO:fontTools.subset:Closed glyph list over 'MATH': 18 glyphs after
INFO:fontTools.subset:Glyph names: ['.notdef', '.null', 'c', 'colon', 'four', 'h', 'hyphen', 'minus', 'nine', 'nonmarkingreturn', 'one', 'r', 'seven', 'six', 'space', 'three', 'two', 'zero']
INFO:fontTools.subset:Glyph IDs:   [0, 1, 2, 3, 16, 19, 20, 21, 22, 23, 25, 26, 28, 29, 70, 75, 85, 3228]
INFO:fontTools.subset:Closing glyph list over 'glyf': 18 glyphs before
INFO:fontTools.subset:Glyph names: ['.notdef', '.null', 'c', 'colon', 'four', 'h', 'hyphen', 'minus', 'nine', 'nonmarkingreturn', 'one', 'r', 'seven', 'six', 'space', 'three', 'two', 'zero']
INFO:fontTools.subset:Glyph IDs:   [0, 1, 2, 3, 16, 19, 20, 21, 22, 23, 25, 26, 28, 29, 70, 75, 85, 3228]
INFO:fontTools.subset:Closed glyph list over 'glyf': 18 glyphs after
INFO:fontTools.subset:Glyph names: ['.notdef', '.null', 'c', 'colon', 'four', 'h', 'hyphen', 'minus', 'nine', 'nonmarkingreturn', 'one', 'r', 'seven', 'six', 'space', 'three', 'two', 'zero']
INFO:fontTools.subset:Glyph IDs:   [0, 1, 2, 3, 16, 19, 20, 21, 22, 23, 25, 26, 28, 29, 70, 75, 85, 3228]
INFO:fontTools.subset:Retaining 18 glyphs
INFO:fontTools.subset:head subsetting not needed
INFO:fontTools.subset:hhea subsetting not needed
INFO:fontTools.subset:maxp subsetting not needed
INFO:fontTools.subset:OS/2 subsetting not needed
INFO:fontTools.subset:hmtx subsetted
INFO:fontTools.subset:cmap subsetted
INFO:fontTools.subset:fpgm subsetting not needed
INFO:fontTools.subset:prep subsetting not needed
INFO:fontTools.subset:cvt  subsetting not needed
INFO:fontTools.subset:loca subsetting not needed
INFO:fontTools.subset:post subsetted
INFO:fontTools.subset:gasp subsetting not needed
INFO:fontTools.subset:GDEF subsetted
INFO:fontTools.subset:GPOS subsetted
INFO:fontTools.subset:GSUB subsetted
INFO:fontTools.subset:MATH subsetted
INFO:fontTools.subset:name subsetting not needed
INFO:fontTools.subset:glyf subsetted
INFO:fontTools.subset:head pruned
INFO:fontTools.subset:OS/2 Unicode ranges pruned: [0, 38]
INFO:fontTools.subset:glyf pruned
INFO:fontTools.subset:GDEF pruned
INFO:fontTools.subset:GPOS pruned
INFO:fontTools.subset:GSUB pruned
running window 17525244
WARNING:pygenometracks.tracksClass:title not set for section 4. [test gtf collapsed]

INFO:pygenometracks.tracksClass:initialize 1. [spacer]
INFO:pygenometracks.tracksClass:initialize 2. [x-axis]
INFO:pygenometracks.tracksClass:initialize 3. [spacer]
INFO:pygenometracks.tracksClass:initialize 4. [test gtf collapsed]
  0%|          | 0/3 [00:00<?, ?it/s]100%|██████████| 3/3 [00:00<00:00, 5031.15it/s]
INFO:pygenometracks.tracksClass:time initializing track(s):
INFO:pygenometracks.tracksClass:0.06462311744689941
DEBUG:pygenometracks.tracksClass:Figure size in cm is 40.0 x 28.776595744680854. Dpi is set to 10

INFO:pygenometracks.tracksClass:plotting 1. [spacer]
INFO:pygenometracks.tracksClass:plotting 2. [x-axis]
INFO:pygenometracks.tracksClass:plotting 3. [spacer]
INFO:pygenometracks.tracksClass:plotting 4. [test gtf collapsed]
DEBUG:pygenometracks.tracks.GenomeTrack:ylim 93.08,-0.08
INFO:fontTools.subset:maxp pruned
INFO:fontTools.subset:cmap pruned
INFO:fontTools.subset:kern dropped
INFO:fontTools.subset:post pruned
INFO:fontTools.subset:FFTM dropped
INFO:fontTools.subset:GPOS pruned
INFO:fontTools.subset:GSUB pruned
INFO:fontTools.subset:name pruned
INFO:fontTools.subset:glyf pruned
INFO:fontTools.subset:Added gid0 to subset
INFO:fontTools.subset:Added first four glyphs to subset
INFO:fontTools.subset:Closing glyph list over 'GSUB': 16 glyphs before
INFO:fontTools.subset:Glyph names: ['.notdef', '.null', 'M', 'O', 'P', 'b', 'd', 'e', 'l', 'nonmarkingreturn', 'o', 'one', 'r', 's', 'space', 'zero']
INFO:fontTools.subset:Glyph IDs:   [0, 1, 2, 3, 19, 20, 48, 50, 51, 69, 71, 72, 79, 82, 85, 86]
INFO:fontTools.subset:Closed glyph list over 'GSUB': 16 glyphs after
INFO:fontTools.subset:Glyph names: ['.notdef', '.null', 'M', 'O', 'P', 'b', 'd', 'e', 'l', 'nonmarkingreturn', 'o', 'one', 'r', 's', 'space', 'zero']
INFO:fontTools.subset:Glyph IDs:   [0, 1, 2, 3, 19, 20, 48, 50, 51, 69, 71, 72, 79, 82, 85, 86]
INFO:fontTools.subset:Closing glyph list over 'glyf': 16 glyphs before
INFO:fontTools.subset:Glyph names: ['.notdef', '.null', 'M', 'O', 'P', 'b', 'd', 'e', 'l', 'nonmarkingreturn', 'o', 'one', 'r', 's', 'space', 'zero']
INFO:fontTools.subset:Glyph IDs:   [0, 1, 2, 3, 19, 20, 48, 50, 51, 69, 71, 72, 79, 82, 85, 86]
INFO:fontTools.subset:Closed glyph list over 'glyf': 16 glyphs after
INFO:fontTools.subset:Glyph names: ['.notdef', '.null', 'M', 'O', 'P', 'b', 'd', 'e', 'l', 'nonmarkingreturn', 'o', 'one', 'r', 's', 'space', 'zero']
INFO:fontTools.subset:Glyph IDs:   [0, 1, 2, 3, 19, 20, 48, 50, 51, 69, 71, 72, 79, 82, 85, 86]
INFO:fontTools.subset:Retaining 16 glyphs
INFO:fontTools.subset:head subsetting not needed
INFO:fontTools.subset:hhea subsetting not needed
INFO:fontTools.subset:maxp subsetting not needed
INFO:fontTools.subset:OS/2 subsetting not needed
INFO:fontTools.subset:hmtx subsetted
INFO:fontTools.subset:cmap subsetted
INFO:fontTools.subset:fpgm subsetting not needed
INFO:fontTools.subset:prep subsetting not needed
INFO:fontTools.subset:cvt  subsetting not needed
INFO:fontTools.subset:loca subsetting not needed
INFO:fontTools.subset:post subsetted
INFO:fontTools.subset:gasp subsetting not needed
INFO:fontTools.subset:GDEF subsetted
INFO:fontTools.subset:GPOS subsetted
INFO:fontTools.subset:GSUB subsetted
INFO:fontTools.subset:name subsetting not needed
INFO:fontTools.subset:glyf subsetted
INFO:fontTools.subset:head pruned
INFO:fontTools.subset:OS/2 Unicode ranges pruned: [0]
INFO:fontTools.subset:glyf pruned
INFO:fontTools.subset:GDEF pruned
INFO:fontTools.subset:GPOS pruned
INFO:fontTools.subset:GSUB pruned
INFO:fontTools.subset:maxp pruned
INFO:fontTools.subset:cmap pruned
INFO:fontTools.subset:kern dropped
INFO:fontTools.subset:post pruned
INFO:fontTools.subset:FFTM dropped
INFO:fontTools.subset:GPOS pruned
INFO:fontTools.subset:GSUB pruned
INFO:fontTools.subset:name pruned
INFO:fontTools.subset:glyf pruned
INFO:fontTools.subset:Added gid0 to subset
INFO:fontTools.subset:Added first four glyphs to subset
INFO:fontTools.subset:Closing glyph list over 'GSUB': 18 glyphs before
INFO:fontTools.subset:Glyph names: ['.notdef', '.null', 'c', 'colon', 'eight', 'five', 'four', 'h', 'hyphen', 'minus', 'nine', 'nonmarkingreturn', 'one', 'r', 'seven', 'space', 'two', 'zero']
INFO:fontTools.subset:Glyph IDs:   [0, 1, 2, 3, 16, 19, 20, 21, 23, 24, 26, 27, 28, 29, 70, 75, 85, 3228]
INFO:fontTools.subset:Closed glyph list over 'GSUB': 18 glyphs after
INFO:fontTools.subset:Glyph names: ['.notdef', '.null', 'c', 'colon', 'eight', 'five', 'four', 'h', 'hyphen', 'minus', 'nine', 'nonmarkingreturn', 'one', 'r', 'seven', 'space', 'two', 'zero']
INFO:fontTools.subset:Glyph IDs:   [0, 1, 2, 3, 16, 19, 20, 21, 23, 24, 26, 27, 28, 29, 70, 75, 85, 3228]
INFO:fontTools.subset:Closing glyph list over 'MATH': 18 glyphs before
INFO:fontTools.subset:Glyph names: ['.notdef', '.null', 'c', 'colon', 'eight', 'five', 'four', 'h', 'hyphen', 'minus', 'nine', 'nonmarkingreturn', 'one', 'r', 'seven', 'space', 'two', 'zero']
INFO:fontTools.subset:Glyph IDs:   [0, 1, 2, 3, 16, 19, 20, 21, 23, 24, 26, 27, 28, 29, 70, 75, 85, 3228]
INFO:fontTools.subset:Closed glyph list over 'MATH': 18 glyphs after
INFO:fontTools.subset:Glyph names: ['.notdef', '.null', 'c', 'colon', 'eight', 'five', 'four', 'h', 'hyphen', 'minus', 'nine', 'nonmarkingreturn', 'one', 'r', 'seven', 'space', 'two', 'zero']
INFO:fontTools.subset:Glyph IDs:   [0, 1, 2, 3, 16, 19, 20, 21, 23, 24, 26, 27, 28, 29, 70, 75, 85, 3228]
INFO:fontTools.subset:Closing glyph list over 'glyf': 18 glyphs before
INFO:fontTools.subset:Glyph names: ['.notdef', '.null', 'c', 'colon', 'eight', 'five', 'four', 'h', 'hyphen', 'minus', 'nine', 'nonmarkingreturn', 'one', 'r', 'seven', 'space', 'two', 'zero']
INFO:fontTools.subset:Glyph IDs:   [0, 1, 2, 3, 16, 19, 20, 21, 23, 24, 26, 27, 28, 29, 70, 75, 85, 3228]
INFO:fontTools.subset:Closed glyph list over 'glyf': 18 glyphs after
INFO:fontTools.subset:Glyph names: ['.notdef', '.null', 'c', 'colon', 'eight', 'five', 'four', 'h', 'hyphen', 'minus', 'nine', 'nonmarkingreturn', 'one', 'r', 'seven', 'space', 'two', 'zero']
INFO:fontTools.subset:Glyph IDs:   [0, 1, 2, 3, 16, 19, 20, 21, 23, 24, 26, 27, 28, 29, 70, 75, 85, 3228]
INFO:fontTools.subset:Retaining 18 glyphs
INFO:fontTools.subset:head subsetting not needed
INFO:fontTools.subset:hhea subsetting not needed
INFO:fontTools.subset:maxp subsetting not needed
INFO:fontTools.subset:OS/2 subsetting not needed
INFO:fontTools.subset:hmtx subsetted
INFO:fontTools.subset:cmap subsetted
INFO:fontTools.subset:fpgm subsetting not needed
INFO:fontTools.subset:prep subsetting not needed
INFO:fontTools.subset:cvt  subsetting not needed
INFO:fontTools.subset:loca subsetting not needed
INFO:fontTools.subset:post subsetted
INFO:fontTools.subset:gasp subsetting not needed
INFO:fontTools.subset:GDEF subsetted
INFO:fontTools.subset:GPOS subsetted
INFO:fontTools.subset:GSUB subsetted
INFO:fontTools.subset:MATH subsetted
INFO:fontTools.subset:name subsetting not needed
INFO:fontTools.subset:glyf subsetted
INFO:fontTools.subset:head pruned
INFO:fontTools.subset:OS/2 Unicode ranges pruned: [0, 38]
INFO:fontTools.subset:glyf pruned
INFO:fontTools.subset:GDEF pruned
INFO:fontTools.subset:GPOS pruned
INFO:fontTools.subset:GSUB pruned
INFO:fontTools.subset:maxp pruned
INFO:fontTools.subset:cmap pruned
INFO:fontTools.subset:kern dropped
INFO:fontTools.subset:post pruned
INFO:fontTools.subset:FFTM dropped
INFO:fontTools.subset:GPOS pruned
INFO:fontTools.subset:GSUB pruned
INFO:fontTools.subset:name pruned
INFO:fontTools.subset:glyf pruned
INFO:fontTools.subset:Added gid0 to subset
INFO:fontTools.subset:Added first four glyphs to subset
INFO:fontTools.subset:Closing glyph list over 'GSUB': 16 glyphs before
INFO:fontTools.subset:Glyph names: ['.notdef', '.null', 'M', 'O', 'P', 'b', 'd', 'e', 'l', 'nonmarkingreturn', 'o', 'one', 'r', 's', 'space', 'zero']
INFO:fontTools.subset:Glyph IDs:   [0, 1, 2, 3, 19, 20, 48, 50, 51, 69, 71, 72, 79, 82, 85, 86]
INFO:fontTools.subset:Closed glyph list over 'GSUB': 16 glyphs after
INFO:fontTools.subset:Glyph names: ['.notdef', '.null', 'M', 'O', 'P', 'b', 'd', 'e', 'l', 'nonmarkingreturn', 'o', 'one', 'r', 's', 'space', 'zero']
INFO:fontTools.subset:Glyph IDs:   [0, 1, 2, 3, 19, 20, 48, 50, 51, 69, 71, 72, 79, 82, 85, 86]
INFO:fontTools.subset:Closing glyph list over 'glyf': 16 glyphs before
INFO:fontTools.subset:Glyph names: ['.notdef', '.null', 'M', 'O', 'P', 'b', 'd', 'e', 'l', 'nonmarkingreturn', 'o', 'one', 'r', 's', 'space', 'zero']
INFO:fontTools.subset:Glyph IDs:   [0, 1, 2, 3, 19, 20, 48, 50, 51, 69, 71, 72, 79, 82, 85, 86]
INFO:fontTools.subset:Closed glyph list over 'glyf': 16 glyphs after
INFO:fontTools.subset:Glyph names: ['.notdef', '.null', 'M', 'O', 'P', 'b', 'd', 'e', 'l', 'nonmarkingreturn', 'o', 'one', 'r', 's', 'space', 'zero']
INFO:fontTools.subset:Glyph IDs:   [0, 1, 2, 3, 19, 20, 48, 50, 51, 69, 71, 72, 79, 82, 85, 86]
INFO:fontTools.subset:Retaining 16 glyphs
INFO:fontTools.subset:head subsetting not needed
INFO:fontTools.subset:hhea subsetting not needed
INFO:fontTools.subset:maxp subsetting not needed
INFO:fontTools.subset:OS/2 subsetting not needed
INFO:fontTools.subset:hmtx subsetted
INFO:fontTools.subset:cmap subsetted
INFO:fontTools.subset:fpgm subsetting not needed
INFO:fontTools.subset:prep subsetting not needed
INFO:fontTools.subset:cvt  subsetting not needed
INFO:fontTools.subset:loca subsetting not needed
INFO:fontTools.subset:post subsetted
INFO:fontTools.subset:gasp subsetting not needed
INFO:fontTools.subset:GDEF subsetted
INFO:fontTools.subset:GPOS subsetted
INFO:fontTools.subset:GSUB subsetted
INFO:fontTools.subset:name subsetting not needed
INFO:fontTools.subset:glyf subsetted
INFO:fontTools.subset:head pruned
INFO:fontTools.subset:OS/2 Unicode ranges pruned: [0]
INFO:fontTools.subset:glyf pruned
INFO:fontTools.subset:GDEF pruned
INFO:fontTools.subset:GPOS pruned
INFO:fontTools.subset:GSUB pruned
INFO:fontTools.subset:maxp pruned
INFO:fontTools.subset:cmap pruned
INFO:fontTools.subset:kern dropped
INFO:fontTools.subset:post pruned
INFO:fontTools.subset:FFTM dropped
INFO:fontTools.subset:GPOS pruned
INFO:fontTools.subset:GSUB pruned
INFO:fontTools.subset:name pruned
INFO:fontTools.subset:glyf pruned
INFO:fontTools.subset:Added gid0 to subset
INFO:fontTools.subset:Added first four glyphs to subset
INFO:fontTools.subset:Closing glyph list over 'GSUB': 18 glyphs before
INFO:fontTools.subset:Glyph names: ['.notdef', '.null', 'c', 'colon', 'eight', 'five', 'four', 'h', 'hyphen', 'minus', 'nine', 'nonmarkingreturn', 'one', 'r', 'seven', 'space', 'two', 'zero']
INFO:fontTools.subset:Glyph IDs:   [0, 1, 2, 3, 16, 19, 20, 21, 23, 24, 26, 27, 28, 29, 70, 75, 85, 3228]
INFO:fontTools.subset:Closed glyph list over 'GSUB': 18 glyphs after
INFO:fontTools.subset:Glyph names: ['.notdef', '.null', 'c', 'colon', 'eight', 'five', 'four', 'h', 'hyphen', 'minus', 'nine', 'nonmarkingreturn', 'one', 'r', 'seven', 'space', 'two', 'zero']
INFO:fontTools.subset:Glyph IDs:   [0, 1, 2, 3, 16, 19, 20, 21, 23, 24, 26, 27, 28, 29, 70, 75, 85, 3228]
INFO:fontTools.subset:Closing glyph list over 'MATH': 18 glyphs before
INFO:fontTools.subset:Glyph names: ['.notdef', '.null', 'c', 'colon', 'eight', 'five', 'four', 'h', 'hyphen', 'minus', 'nine', 'nonmarkingreturn', 'one', 'r', 'seven', 'space', 'two', 'zero']
INFO:fontTools.subset:Glyph IDs:   [0, 1, 2, 3, 16, 19, 20, 21, 23, 24, 26, 27, 28, 29, 70, 75, 85, 3228]
INFO:fontTools.subset:Closed glyph list over 'MATH': 18 glyphs after
INFO:fontTools.subset:Glyph names: ['.notdef', '.null', 'c', 'colon', 'eight', 'five', 'four', 'h', 'hyphen', 'minus', 'nine', 'nonmarkingreturn', 'one', 'r', 'seven', 'space', 'two', 'zero']
INFO:fontTools.subset:Glyph IDs:   [0, 1, 2, 3, 16, 19, 20, 21, 23, 24, 26, 27, 28, 29, 70, 75, 85, 3228]
INFO:fontTools.subset:Closing glyph list over 'glyf': 18 glyphs before
INFO:fontTools.subset:Glyph names: ['.notdef', '.null', 'c', 'colon', 'eight', 'five', 'four', 'h', 'hyphen', 'minus', 'nine', 'nonmarkingreturn', 'one', 'r', 'seven', 'space', 'two', 'zero']
INFO:fontTools.subset:Glyph IDs:   [0, 1, 2, 3, 16, 19, 20, 21, 23, 24, 26, 27, 28, 29, 70, 75, 85, 3228]
INFO:fontTools.subset:Closed glyph list over 'glyf': 18 glyphs after
INFO:fontTools.subset:Glyph names: ['.notdef', '.null', 'c', 'colon', 'eight', 'five', 'four', 'h', 'hyphen', 'minus', 'nine', 'nonmarkingreturn', 'one', 'r', 'seven', 'space', 'two', 'zero']
INFO:fontTools.subset:Glyph IDs:   [0, 1, 2, 3, 16, 19, 20, 21, 23, 24, 26, 27, 28, 29, 70, 75, 85, 3228]
INFO:fontTools.subset:Retaining 18 glyphs
INFO:fontTools.subset:head subsetting not needed
INFO:fontTools.subset:hhea subsetting not needed
INFO:fontTools.subset:maxp subsetting not needed
INFO:fontTools.subset:OS/2 subsetting not needed
INFO:fontTools.subset:hmtx subsetted
INFO:fontTools.subset:cmap subsetted
INFO:fontTools.subset:fpgm subsetting not needed
INFO:fontTools.subset:prep subsetting not needed
INFO:fontTools.subset:cvt  subsetting not needed
INFO:fontTools.subset:loca subsetting not needed
INFO:fontTools.subset:post subsetted
INFO:fontTools.subset:gasp subsetting not needed
INFO:fontTools.subset:GDEF subsetted
INFO:fontTools.subset:GPOS subsetted
INFO:fontTools.subset:GSUB subsetted
INFO:fontTools.subset:MATH subsetted
INFO:fontTools.subset:name subsetting not needed
INFO:fontTools.subset:glyf subsetted
INFO:fontTools.subset:head pruned
INFO:fontTools.subset:OS/2 Unicode ranges pruned: [0, 38]
INFO:fontTools.subset:glyf pruned
INFO:fontTools.subset:GDEF pruned
INFO:fontTools.subset:GPOS pruned
INFO:fontTools.subset:GSUB pruned
running window 7600036
WARNING:pygenometracks.tracksClass:title not set for section 4. [test gtf collapsed]

INFO:pygenometracks.tracksClass:initialize 1. [spacer]
INFO:pygenometracks.tracksClass:initialize 2. [x-axis]
INFO:pygenometracks.tracksClass:initialize 3. [spacer]
INFO:pygenometracks.tracksClass:initialize 4. [test gtf collapsed]
  0%|          | 0/2 [00:00<?, ?it/s]100%|██████████| 2/2 [00:00<00:00, 6114.15it/s]
INFO:pygenometracks.tracksClass:time initializing track(s):
INFO:pygenometracks.tracksClass:0.06232428550720215
DEBUG:pygenometracks.tracksClass:Figure size in cm is 40.0 x 28.776595744680854. Dpi is set to 10

INFO:pygenometracks.tracksClass:plotting 1. [spacer]
INFO:pygenometracks.tracksClass:plotting 2. [x-axis]
INFO:pygenometracks.tracksClass:plotting 3. [spacer]
INFO:pygenometracks.tracksClass:plotting 4. [test gtf collapsed]
DEBUG:pygenometracks.tracks.GenomeTrack:ylim 93.08,-0.08
INFO:fontTools.subset:maxp pruned
INFO:fontTools.subset:cmap pruned
INFO:fontTools.subset:kern dropped
INFO:fontTools.subset:post pruned
INFO:fontTools.subset:FFTM dropped
INFO:fontTools.subset:GPOS pruned
INFO:fontTools.subset:GSUB pruned
INFO:fontTools.subset:name pruned
INFO:fontTools.subset:glyf pruned
INFO:fontTools.subset:Added gid0 to subset
INFO:fontTools.subset:Added first four glyphs to subset
INFO:fontTools.subset:Closing glyph list over 'GSUB': 16 glyphs before
INFO:fontTools.subset:Glyph names: ['.notdef', '.null', 'M', 'O', 'P', 'b', 'd', 'e', 'l', 'nonmarkingreturn', 'o', 'one', 'r', 's', 'space', 'zero']
INFO:fontTools.subset:Glyph IDs:   [0, 1, 2, 3, 19, 20, 48, 50, 51, 69, 71, 72, 79, 82, 85, 86]
INFO:fontTools.subset:Closed glyph list over 'GSUB': 16 glyphs after
INFO:fontTools.subset:Glyph names: ['.notdef', '.null', 'M', 'O', 'P', 'b', 'd', 'e', 'l', 'nonmarkingreturn', 'o', 'one', 'r', 's', 'space', 'zero']
INFO:fontTools.subset:Glyph IDs:   [0, 1, 2, 3, 19, 20, 48, 50, 51, 69, 71, 72, 79, 82, 85, 86]
INFO:fontTools.subset:Closing glyph list over 'glyf': 16 glyphs before
INFO:fontTools.subset:Glyph names: ['.notdef', '.null', 'M', 'O', 'P', 'b', 'd', 'e', 'l', 'nonmarkingreturn', 'o', 'one', 'r', 's', 'space', 'zero']
INFO:fontTools.subset:Glyph IDs:   [0, 1, 2, 3, 19, 20, 48, 50, 51, 69, 71, 72, 79, 82, 85, 86]
INFO:fontTools.subset:Closed glyph list over 'glyf': 16 glyphs after
INFO:fontTools.subset:Glyph names: ['.notdef', '.null', 'M', 'O', 'P', 'b', 'd', 'e', 'l', 'nonmarkingreturn', 'o', 'one', 'r', 's', 'space', 'zero']
INFO:fontTools.subset:Glyph IDs:   [0, 1, 2, 3, 19, 20, 48, 50, 51, 69, 71, 72, 79, 82, 85, 86]
INFO:fontTools.subset:Retaining 16 glyphs
INFO:fontTools.subset:head subsetting not needed
INFO:fontTools.subset:hhea subsetting not needed
INFO:fontTools.subset:maxp subsetting not needed
INFO:fontTools.subset:OS/2 subsetting not needed
INFO:fontTools.subset:hmtx subsetted
INFO:fontTools.subset:cmap subsetted
INFO:fontTools.subset:fpgm subsetting not needed
INFO:fontTools.subset:prep subsetting not needed
INFO:fontTools.subset:cvt  subsetting not needed
INFO:fontTools.subset:loca subsetting not needed
INFO:fontTools.subset:post subsetted
INFO:fontTools.subset:gasp subsetting not needed
INFO:fontTools.subset:GDEF subsetted
INFO:fontTools.subset:GPOS subsetted
INFO:fontTools.subset:GSUB subsetted
INFO:fontTools.subset:name subsetting not needed
INFO:fontTools.subset:glyf subsetted
INFO:fontTools.subset:head pruned
INFO:fontTools.subset:OS/2 Unicode ranges pruned: [0]
INFO:fontTools.subset:glyf pruned
INFO:fontTools.subset:GDEF pruned
INFO:fontTools.subset:GPOS pruned
INFO:fontTools.subset:GSUB pruned
INFO:fontTools.subset:maxp pruned
INFO:fontTools.subset:cmap pruned
INFO:fontTools.subset:kern dropped
INFO:fontTools.subset:post pruned
INFO:fontTools.subset:FFTM dropped
INFO:fontTools.subset:GPOS pruned
INFO:fontTools.subset:GSUB pruned
INFO:fontTools.subset:name pruned
INFO:fontTools.subset:glyf pruned
INFO:fontTools.subset:Added gid0 to subset
INFO:fontTools.subset:Added first four glyphs to subset
INFO:fontTools.subset:Closing glyph list over 'GSUB': 18 glyphs before
INFO:fontTools.subset:Glyph names: ['.notdef', '.null', 'c', 'colon', 'eight', 'h', 'hyphen', 'minus', 'nine', 'nonmarkingreturn', 'one', 'r', 'seven', 'six', 'space', 'three', 'two', 'zero']
INFO:fontTools.subset:Glyph IDs:   [0, 1, 2, 3, 16, 19, 20, 21, 22, 25, 26, 27, 28, 29, 70, 75, 85, 3228]
INFO:fontTools.subset:Closed glyph list over 'GSUB': 18 glyphs after
INFO:fontTools.subset:Glyph names: ['.notdef', '.null', 'c', 'colon', 'eight', 'h', 'hyphen', 'minus', 'nine', 'nonmarkingreturn', 'one', 'r', 'seven', 'six', 'space', 'three', 'two', 'zero']
INFO:fontTools.subset:Glyph IDs:   [0, 1, 2, 3, 16, 19, 20, 21, 22, 25, 26, 27, 28, 29, 70, 75, 85, 3228]
INFO:fontTools.subset:Closing glyph list over 'MATH': 18 glyphs before
INFO:fontTools.subset:Glyph names: ['.notdef', '.null', 'c', 'colon', 'eight', 'h', 'hyphen', 'minus', 'nine', 'nonmarkingreturn', 'one', 'r', 'seven', 'six', 'space', 'three', 'two', 'zero']
INFO:fontTools.subset:Glyph IDs:   [0, 1, 2, 3, 16, 19, 20, 21, 22, 25, 26, 27, 28, 29, 70, 75, 85, 3228]
INFO:fontTools.subset:Closed glyph list over 'MATH': 18 glyphs after
INFO:fontTools.subset:Glyph names: ['.notdef', '.null', 'c', 'colon', 'eight', 'h', 'hyphen', 'minus', 'nine', 'nonmarkingreturn', 'one', 'r', 'seven', 'six', 'space', 'three', 'two', 'zero']
INFO:fontTools.subset:Glyph IDs:   [0, 1, 2, 3, 16, 19, 20, 21, 22, 25, 26, 27, 28, 29, 70, 75, 85, 3228]
INFO:fontTools.subset:Closing glyph list over 'glyf': 18 glyphs before
INFO:fontTools.subset:Glyph names: ['.notdef', '.null', 'c', 'colon', 'eight', 'h', 'hyphen', 'minus', 'nine', 'nonmarkingreturn', 'one', 'r', 'seven', 'six', 'space', 'three', 'two', 'zero']
INFO:fontTools.subset:Glyph IDs:   [0, 1, 2, 3, 16, 19, 20, 21, 22, 25, 26, 27, 28, 29, 70, 75, 85, 3228]
INFO:fontTools.subset:Closed glyph list over 'glyf': 18 glyphs after
INFO:fontTools.subset:Glyph names: ['.notdef', '.null', 'c', 'colon', 'eight', 'h', 'hyphen', 'minus', 'nine', 'nonmarkingreturn', 'one', 'r', 'seven', 'six', 'space', 'three', 'two', 'zero']
INFO:fontTools.subset:Glyph IDs:   [0, 1, 2, 3, 16, 19, 20, 21, 22, 25, 26, 27, 28, 29, 70, 75, 85, 3228]
INFO:fontTools.subset:Retaining 18 glyphs
INFO:fontTools.subset:head subsetting not needed
INFO:fontTools.subset:hhea subsetting not needed
INFO:fontTools.subset:maxp subsetting not needed
INFO:fontTools.subset:OS/2 subsetting not needed
INFO:fontTools.subset:hmtx subsetted
INFO:fontTools.subset:cmap subsetted
INFO:fontTools.subset:fpgm subsetting not needed
INFO:fontTools.subset:prep subsetting not needed
INFO:fontTools.subset:cvt  subsetting not needed
INFO:fontTools.subset:loca subsetting not needed
INFO:fontTools.subset:post subsetted
INFO:fontTools.subset:gasp subsetting not needed
INFO:fontTools.subset:GDEF subsetted
INFO:fontTools.subset:GPOS subsetted
INFO:fontTools.subset:GSUB subsetted
INFO:fontTools.subset:MATH subsetted
INFO:fontTools.subset:name subsetting not needed
INFO:fontTools.subset:glyf subsetted
INFO:fontTools.subset:head pruned
INFO:fontTools.subset:OS/2 Unicode ranges pruned: [0, 38]
INFO:fontTools.subset:glyf pruned
INFO:fontTools.subset:GDEF pruned
INFO:fontTools.subset:GPOS pruned
INFO:fontTools.subset:GSUB pruned
INFO:fontTools.subset:maxp pruned
INFO:fontTools.subset:cmap pruned
INFO:fontTools.subset:kern dropped
INFO:fontTools.subset:post pruned
INFO:fontTools.subset:FFTM dropped
INFO:fontTools.subset:GPOS pruned
INFO:fontTools.subset:GSUB pruned
INFO:fontTools.subset:name pruned
INFO:fontTools.subset:glyf pruned
INFO:fontTools.subset:Added gid0 to subset
INFO:fontTools.subset:Added first four glyphs to subset
INFO:fontTools.subset:Closing glyph list over 'GSUB': 16 glyphs before
INFO:fontTools.subset:Glyph names: ['.notdef', '.null', 'M', 'O', 'P', 'b', 'd', 'e', 'l', 'nonmarkingreturn', 'o', 'one', 'r', 's', 'space', 'zero']
INFO:fontTools.subset:Glyph IDs:   [0, 1, 2, 3, 19, 20, 48, 50, 51, 69, 71, 72, 79, 82, 85, 86]
INFO:fontTools.subset:Closed glyph list over 'GSUB': 16 glyphs after
INFO:fontTools.subset:Glyph names: ['.notdef', '.null', 'M', 'O', 'P', 'b', 'd', 'e', 'l', 'nonmarkingreturn', 'o', 'one', 'r', 's', 'space', 'zero']
INFO:fontTools.subset:Glyph IDs:   [0, 1, 2, 3, 19, 20, 48, 50, 51, 69, 71, 72, 79, 82, 85, 86]
INFO:fontTools.subset:Closing glyph list over 'glyf': 16 glyphs before
INFO:fontTools.subset:Glyph names: ['.notdef', '.null', 'M', 'O', 'P', 'b', 'd', 'e', 'l', 'nonmarkingreturn', 'o', 'one', 'r', 's', 'space', 'zero']
INFO:fontTools.subset:Glyph IDs:   [0, 1, 2, 3, 19, 20, 48, 50, 51, 69, 71, 72, 79, 82, 85, 86]
INFO:fontTools.subset:Closed glyph list over 'glyf': 16 glyphs after
INFO:fontTools.subset:Glyph names: ['.notdef', '.null', 'M', 'O', 'P', 'b', 'd', 'e', 'l', 'nonmarkingreturn', 'o', 'one', 'r', 's', 'space', 'zero']
INFO:fontTools.subset:Glyph IDs:   [0, 1, 2, 3, 19, 20, 48, 50, 51, 69, 71, 72, 79, 82, 85, 86]
INFO:fontTools.subset:Retaining 16 glyphs
INFO:fontTools.subset:head subsetting not needed
INFO:fontTools.subset:hhea subsetting not needed
INFO:fontTools.subset:maxp subsetting not needed
INFO:fontTools.subset:OS/2 subsetting not needed
INFO:fontTools.subset:hmtx subsetted
INFO:fontTools.subset:cmap subsetted
INFO:fontTools.subset:fpgm subsetting not needed
INFO:fontTools.subset:prep subsetting not needed
INFO:fontTools.subset:cvt  subsetting not needed
INFO:fontTools.subset:loca subsetting not needed
INFO:fontTools.subset:post subsetted
INFO:fontTools.subset:gasp subsetting not needed
INFO:fontTools.subset:GDEF subsetted
INFO:fontTools.subset:GPOS subsetted
INFO:fontTools.subset:GSUB subsetted
INFO:fontTools.subset:name subsetting not needed
INFO:fontTools.subset:glyf subsetted
INFO:fontTools.subset:head pruned
INFO:fontTools.subset:OS/2 Unicode ranges pruned: [0]
INFO:fontTools.subset:glyf pruned
INFO:fontTools.subset:GDEF pruned
INFO:fontTools.subset:GPOS pruned
INFO:fontTools.subset:GSUB pruned
INFO:fontTools.subset:maxp pruned
INFO:fontTools.subset:cmap pruned
INFO:fontTools.subset:kern dropped
INFO:fontTools.subset:post pruned
INFO:fontTools.subset:FFTM dropped
INFO:fontTools.subset:GPOS pruned
INFO:fontTools.subset:GSUB pruned
INFO:fontTools.subset:name pruned
INFO:fontTools.subset:glyf pruned
INFO:fontTools.subset:Added gid0 to subset
INFO:fontTools.subset:Added first four glyphs to subset
INFO:fontTools.subset:Closing glyph list over 'GSUB': 18 glyphs before
INFO:fontTools.subset:Glyph names: ['.notdef', '.null', 'c', 'colon', 'eight', 'h', 'hyphen', 'minus', 'nine', 'nonmarkingreturn', 'one', 'r', 'seven', 'six', 'space', 'three', 'two', 'zero']
INFO:fontTools.subset:Glyph IDs:   [0, 1, 2, 3, 16, 19, 20, 21, 22, 25, 26, 27, 28, 29, 70, 75, 85, 3228]
INFO:fontTools.subset:Closed glyph list over 'GSUB': 18 glyphs after
INFO:fontTools.subset:Glyph names: ['.notdef', '.null', 'c', 'colon', 'eight', 'h', 'hyphen', 'minus', 'nine', 'nonmarkingreturn', 'one', 'r', 'seven', 'six', 'space', 'three', 'two', 'zero']
INFO:fontTools.subset:Glyph IDs:   [0, 1, 2, 3, 16, 19, 20, 21, 22, 25, 26, 27, 28, 29, 70, 75, 85, 3228]
INFO:fontTools.subset:Closing glyph list over 'MATH': 18 glyphs before
INFO:fontTools.subset:Glyph names: ['.notdef', '.null', 'c', 'colon', 'eight', 'h', 'hyphen', 'minus', 'nine', 'nonmarkingreturn', 'one', 'r', 'seven', 'six', 'space', 'three', 'two', 'zero']
INFO:fontTools.subset:Glyph IDs:   [0, 1, 2, 3, 16, 19, 20, 21, 22, 25, 26, 27, 28, 29, 70, 75, 85, 3228]
INFO:fontTools.subset:Closed glyph list over 'MATH': 18 glyphs after
INFO:fontTools.subset:Glyph names: ['.notdef', '.null', 'c', 'colon', 'eight', 'h', 'hyphen', 'minus', 'nine', 'nonmarkingreturn', 'one', 'r', 'seven', 'six', 'space', 'three', 'two', 'zero']
INFO:fontTools.subset:Glyph IDs:   [0, 1, 2, 3, 16, 19, 20, 21, 22, 25, 26, 27, 28, 29, 70, 75, 85, 3228]
INFO:fontTools.subset:Closing glyph list over 'glyf': 18 glyphs before
INFO:fontTools.subset:Glyph names: ['.notdef', '.null', 'c', 'colon', 'eight', 'h', 'hyphen', 'minus', 'nine', 'nonmarkingreturn', 'one', 'r', 'seven', 'six', 'space', 'three', 'two', 'zero']
INFO:fontTools.subset:Glyph IDs:   [0, 1, 2, 3, 16, 19, 20, 21, 22, 25, 26, 27, 28, 29, 70, 75, 85, 3228]
INFO:fontTools.subset:Closed glyph list over 'glyf': 18 glyphs after
INFO:fontTools.subset:Glyph names: ['.notdef', '.null', 'c', 'colon', 'eight', 'h', 'hyphen', 'minus', 'nine', 'nonmarkingreturn', 'one', 'r', 'seven', 'six', 'space', 'three', 'two', 'zero']
INFO:fontTools.subset:Glyph IDs:   [0, 1, 2, 3, 16, 19, 20, 21, 22, 25, 26, 27, 28, 29, 70, 75, 85, 3228]
INFO:fontTools.subset:Retaining 18 glyphs
INFO:fontTools.subset:head subsetting not needed
INFO:fontTools.subset:hhea subsetting not needed
INFO:fontTools.subset:maxp subsetting not needed
INFO:fontTools.subset:OS/2 subsetting not needed
INFO:fontTools.subset:hmtx subsetted
INFO:fontTools.subset:cmap subsetted
INFO:fontTools.subset:fpgm subsetting not needed
INFO:fontTools.subset:prep subsetting not needed
INFO:fontTools.subset:cvt  subsetting not needed
INFO:fontTools.subset:loca subsetting not needed
INFO:fontTools.subset:post subsetted
INFO:fontTools.subset:gasp subsetting not needed
INFO:fontTools.subset:GDEF subsetted
INFO:fontTools.subset:GPOS subsetted
INFO:fontTools.subset:GSUB subsetted
INFO:fontTools.subset:MATH subsetted
INFO:fontTools.subset:name subsetting not needed
INFO:fontTools.subset:glyf subsetted
INFO:fontTools.subset:head pruned
INFO:fontTools.subset:OS/2 Unicode ranges pruned: [0, 38]
INFO:fontTools.subset:glyf pruned
INFO:fontTools.subset:GDEF pruned
INFO:fontTools.subset:GPOS pruned
INFO:fontTools.subset:GSUB pruned
running window 37817132
WARNING:pygenometracks.tracksClass:title not set for section 4. [test gtf collapsed]

INFO:pygenometracks.tracksClass:initialize 1. [spacer]
INFO:pygenometracks.tracksClass:initialize 2. [x-axis]
INFO:pygenometracks.tracksClass:initialize 3. [spacer]
INFO:pygenometracks.tracksClass:initialize 4. [test gtf collapsed]
  0%|          | 0/9 [00:00<?, ?it/s]100%|██████████| 9/9 [00:00<00:00, 4560.13it/s]
INFO:pygenometracks.tracksClass:time initializing track(s):
INFO:pygenometracks.tracksClass:0.06581354141235352
DEBUG:pygenometracks.tracksClass:Figure size in cm is 40.0 x 28.776595744680854. Dpi is set to 10

INFO:pygenometracks.tracksClass:plotting 1. [spacer]
INFO:pygenometracks.tracksClass:plotting 2. [x-axis]
INFO:pygenometracks.tracksClass:plotting 3. [spacer]
INFO:pygenometracks.tracksClass:plotting 4. [test gtf collapsed]
DEBUG:pygenometracks.tracks.GenomeTrack:ylim 93.08,-0.08
INFO:fontTools.subset:maxp pruned
INFO:fontTools.subset:cmap pruned
INFO:fontTools.subset:kern dropped
INFO:fontTools.subset:post pruned
INFO:fontTools.subset:FFTM dropped
INFO:fontTools.subset:GPOS pruned
INFO:fontTools.subset:GSUB pruned
INFO:fontTools.subset:name pruned
INFO:fontTools.subset:glyf pruned
INFO:fontTools.subset:Added gid0 to subset
INFO:fontTools.subset:Added first four glyphs to subset
INFO:fontTools.subset:Closing glyph list over 'GSUB': 16 glyphs before
INFO:fontTools.subset:Glyph names: ['.notdef', '.null', 'M', 'O', 'P', 'b', 'd', 'e', 'l', 'nonmarkingreturn', 'o', 'one', 'r', 's', 'space', 'zero']
INFO:fontTools.subset:Glyph IDs:   [0, 1, 2, 3, 19, 20, 48, 50, 51, 69, 71, 72, 79, 82, 85, 86]
INFO:fontTools.subset:Closed glyph list over 'GSUB': 16 glyphs after
INFO:fontTools.subset:Glyph names: ['.notdef', '.null', 'M', 'O', 'P', 'b', 'd', 'e', 'l', 'nonmarkingreturn', 'o', 'one', 'r', 's', 'space', 'zero']
INFO:fontTools.subset:Glyph IDs:   [0, 1, 2, 3, 19, 20, 48, 50, 51, 69, 71, 72, 79, 82, 85, 86]
INFO:fontTools.subset:Closing glyph list over 'glyf': 16 glyphs before
INFO:fontTools.subset:Glyph names: ['.notdef', '.null', 'M', 'O', 'P', 'b', 'd', 'e', 'l', 'nonmarkingreturn', 'o', 'one', 'r', 's', 'space', 'zero']
INFO:fontTools.subset:Glyph IDs:   [0, 1, 2, 3, 19, 20, 48, 50, 51, 69, 71, 72, 79, 82, 85, 86]
INFO:fontTools.subset:Closed glyph list over 'glyf': 16 glyphs after
INFO:fontTools.subset:Glyph names: ['.notdef', '.null', 'M', 'O', 'P', 'b', 'd', 'e', 'l', 'nonmarkingreturn', 'o', 'one', 'r', 's', 'space', 'zero']
INFO:fontTools.subset:Glyph IDs:   [0, 1, 2, 3, 19, 20, 48, 50, 51, 69, 71, 72, 79, 82, 85, 86]
INFO:fontTools.subset:Retaining 16 glyphs
INFO:fontTools.subset:head subsetting not needed
INFO:fontTools.subset:hhea subsetting not needed
INFO:fontTools.subset:maxp subsetting not needed
INFO:fontTools.subset:OS/2 subsetting not needed
INFO:fontTools.subset:hmtx subsetted
INFO:fontTools.subset:cmap subsetted
INFO:fontTools.subset:fpgm subsetting not needed
INFO:fontTools.subset:prep subsetting not needed
INFO:fontTools.subset:cvt  subsetting not needed
INFO:fontTools.subset:loca subsetting not needed
INFO:fontTools.subset:post subsetted
INFO:fontTools.subset:gasp subsetting not needed
INFO:fontTools.subset:GDEF subsetted
INFO:fontTools.subset:GPOS subsetted
INFO:fontTools.subset:GSUB subsetted
INFO:fontTools.subset:name subsetting not needed
INFO:fontTools.subset:glyf subsetted
INFO:fontTools.subset:head pruned
INFO:fontTools.subset:OS/2 Unicode ranges pruned: [0]
INFO:fontTools.subset:glyf pruned
INFO:fontTools.subset:GDEF pruned
INFO:fontTools.subset:GPOS pruned
INFO:fontTools.subset:GSUB pruned
INFO:fontTools.subset:maxp pruned
INFO:fontTools.subset:cmap pruned
INFO:fontTools.subset:kern dropped
INFO:fontTools.subset:post pruned
INFO:fontTools.subset:FFTM dropped
INFO:fontTools.subset:GPOS pruned
INFO:fontTools.subset:GSUB pruned
INFO:fontTools.subset:name pruned
INFO:fontTools.subset:glyf pruned
INFO:fontTools.subset:Added gid0 to subset
INFO:fontTools.subset:Added first four glyphs to subset
INFO:fontTools.subset:Closing glyph list over 'GSUB': 17 glyphs before
INFO:fontTools.subset:Glyph names: ['.notdef', '.null', 'c', 'colon', 'eight', 'h', 'hyphen', 'minus', 'nine', 'nonmarkingreturn', 'one', 'r', 'seven', 'space', 'three', 'two', 'zero']
INFO:fontTools.subset:Glyph IDs:   [0, 1, 2, 3, 16, 19, 20, 21, 22, 26, 27, 28, 29, 70, 75, 85, 3228]
INFO:fontTools.subset:Closed glyph list over 'GSUB': 17 glyphs after
INFO:fontTools.subset:Glyph names: ['.notdef', '.null', 'c', 'colon', 'eight', 'h', 'hyphen', 'minus', 'nine', 'nonmarkingreturn', 'one', 'r', 'seven', 'space', 'three', 'two', 'zero']
INFO:fontTools.subset:Glyph IDs:   [0, 1, 2, 3, 16, 19, 20, 21, 22, 26, 27, 28, 29, 70, 75, 85, 3228]
INFO:fontTools.subset:Closing glyph list over 'MATH': 17 glyphs before
INFO:fontTools.subset:Glyph names: ['.notdef', '.null', 'c', 'colon', 'eight', 'h', 'hyphen', 'minus', 'nine', 'nonmarkingreturn', 'one', 'r', 'seven', 'space', 'three', 'two', 'zero']
INFO:fontTools.subset:Glyph IDs:   [0, 1, 2, 3, 16, 19, 20, 21, 22, 26, 27, 28, 29, 70, 75, 85, 3228]
INFO:fontTools.subset:Closed glyph list over 'MATH': 17 glyphs after
INFO:fontTools.subset:Glyph names: ['.notdef', '.null', 'c', 'colon', 'eight', 'h', 'hyphen', 'minus', 'nine', 'nonmarkingreturn', 'one', 'r', 'seven', 'space', 'three', 'two', 'zero']
INFO:fontTools.subset:Glyph IDs:   [0, 1, 2, 3, 16, 19, 20, 21, 22, 26, 27, 28, 29, 70, 75, 85, 3228]
INFO:fontTools.subset:Closing glyph list over 'glyf': 17 glyphs before
INFO:fontTools.subset:Glyph names: ['.notdef', '.null', 'c', 'colon', 'eight', 'h', 'hyphen', 'minus', 'nine', 'nonmarkingreturn', 'one', 'r', 'seven', 'space', 'three', 'two', 'zero']
INFO:fontTools.subset:Glyph IDs:   [0, 1, 2, 3, 16, 19, 20, 21, 22, 26, 27, 28, 29, 70, 75, 85, 3228]
INFO:fontTools.subset:Closed glyph list over 'glyf': 17 glyphs after
INFO:fontTools.subset:Glyph names: ['.notdef', '.null', 'c', 'colon', 'eight', 'h', 'hyphen', 'minus', 'nine', 'nonmarkingreturn', 'one', 'r', 'seven', 'space', 'three', 'two', 'zero']
INFO:fontTools.subset:Glyph IDs:   [0, 1, 2, 3, 16, 19, 20, 21, 22, 26, 27, 28, 29, 70, 75, 85, 3228]
INFO:fontTools.subset:Retaining 17 glyphs
INFO:fontTools.subset:head subsetting not needed
INFO:fontTools.subset:hhea subsetting not needed
INFO:fontTools.subset:maxp subsetting not needed
INFO:fontTools.subset:OS/2 subsetting not needed
INFO:fontTools.subset:hmtx subsetted
INFO:fontTools.subset:cmap subsetted
INFO:fontTools.subset:fpgm subsetting not needed
INFO:fontTools.subset:prep subsetting not needed
INFO:fontTools.subset:cvt  subsetting not needed
INFO:fontTools.subset:loca subsetting not needed
INFO:fontTools.subset:post subsetted
INFO:fontTools.subset:gasp subsetting not needed
INFO:fontTools.subset:GDEF subsetted
INFO:fontTools.subset:GPOS subsetted
INFO:fontTools.subset:GSUB subsetted
INFO:fontTools.subset:MATH subsetted
INFO:fontTools.subset:name subsetting not needed
INFO:fontTools.subset:glyf subsetted
INFO:fontTools.subset:head pruned
INFO:fontTools.subset:OS/2 Unicode ranges pruned: [0, 38]
INFO:fontTools.subset:glyf pruned
INFO:fontTools.subset:GDEF pruned
INFO:fontTools.subset:GPOS pruned
INFO:fontTools.subset:GSUB pruned
INFO:fontTools.subset:maxp pruned
INFO:fontTools.subset:cmap pruned
INFO:fontTools.subset:kern dropped
INFO:fontTools.subset:post pruned
INFO:fontTools.subset:FFTM dropped
INFO:fontTools.subset:GPOS pruned
INFO:fontTools.subset:GSUB pruned
INFO:fontTools.subset:name pruned
INFO:fontTools.subset:glyf pruned
INFO:fontTools.subset:Added gid0 to subset
INFO:fontTools.subset:Added first four glyphs to subset
INFO:fontTools.subset:Closing glyph list over 'GSUB': 16 glyphs before
INFO:fontTools.subset:Glyph names: ['.notdef', '.null', 'M', 'O', 'P', 'b', 'd', 'e', 'l', 'nonmarkingreturn', 'o', 'one', 'r', 's', 'space', 'zero']
INFO:fontTools.subset:Glyph IDs:   [0, 1, 2, 3, 19, 20, 48, 50, 51, 69, 71, 72, 79, 82, 85, 86]
INFO:fontTools.subset:Closed glyph list over 'GSUB': 16 glyphs after
INFO:fontTools.subset:Glyph names: ['.notdef', '.null', 'M', 'O', 'P', 'b', 'd', 'e', 'l', 'nonmarkingreturn', 'o', 'one', 'r', 's', 'space', 'zero']
INFO:fontTools.subset:Glyph IDs:   [0, 1, 2, 3, 19, 20, 48, 50, 51, 69, 71, 72, 79, 82, 85, 86]
INFO:fontTools.subset:Closing glyph list over 'glyf': 16 glyphs before
INFO:fontTools.subset:Glyph names: ['.notdef', '.null', 'M', 'O', 'P', 'b', 'd', 'e', 'l', 'nonmarkingreturn', 'o', 'one', 'r', 's', 'space', 'zero']
INFO:fontTools.subset:Glyph IDs:   [0, 1, 2, 3, 19, 20, 48, 50, 51, 69, 71, 72, 79, 82, 85, 86]
INFO:fontTools.subset:Closed glyph list over 'glyf': 16 glyphs after
INFO:fontTools.subset:Glyph names: ['.notdef', '.null', 'M', 'O', 'P', 'b', 'd', 'e', 'l', 'nonmarkingreturn', 'o', 'one', 'r', 's', 'space', 'zero']
INFO:fontTools.subset:Glyph IDs:   [0, 1, 2, 3, 19, 20, 48, 50, 51, 69, 71, 72, 79, 82, 85, 86]
INFO:fontTools.subset:Retaining 16 glyphs
INFO:fontTools.subset:head subsetting not needed
INFO:fontTools.subset:hhea subsetting not needed
INFO:fontTools.subset:maxp subsetting not needed
INFO:fontTools.subset:OS/2 subsetting not needed
INFO:fontTools.subset:hmtx subsetted
INFO:fontTools.subset:cmap subsetted
INFO:fontTools.subset:fpgm subsetting not needed
INFO:fontTools.subset:prep subsetting not needed
INFO:fontTools.subset:cvt  subsetting not needed
INFO:fontTools.subset:loca subsetting not needed
INFO:fontTools.subset:post subsetted
INFO:fontTools.subset:gasp subsetting not needed
INFO:fontTools.subset:GDEF subsetted
INFO:fontTools.subset:GPOS subsetted
INFO:fontTools.subset:GSUB subsetted
INFO:fontTools.subset:name subsetting not needed
INFO:fontTools.subset:glyf subsetted
INFO:fontTools.subset:head pruned
INFO:fontTools.subset:OS/2 Unicode ranges pruned: [0]
INFO:fontTools.subset:glyf pruned
INFO:fontTools.subset:GDEF pruned
INFO:fontTools.subset:GPOS pruned
INFO:fontTools.subset:GSUB pruned
INFO:fontTools.subset:maxp pruned
INFO:fontTools.subset:cmap pruned
INFO:fontTools.subset:kern dropped
INFO:fontTools.subset:post pruned
INFO:fontTools.subset:FFTM dropped
INFO:fontTools.subset:GPOS pruned
INFO:fontTools.subset:GSUB pruned
INFO:fontTools.subset:name pruned
INFO:fontTools.subset:glyf pruned
INFO:fontTools.subset:Added gid0 to subset
INFO:fontTools.subset:Added first four glyphs to subset
INFO:fontTools.subset:Closing glyph list over 'GSUB': 17 glyphs before
INFO:fontTools.subset:Glyph names: ['.notdef', '.null', 'c', 'colon', 'eight', 'h', 'hyphen', 'minus', 'nine', 'nonmarkingreturn', 'one', 'r', 'seven', 'space', 'three', 'two', 'zero']
INFO:fontTools.subset:Glyph IDs:   [0, 1, 2, 3, 16, 19, 20, 21, 22, 26, 27, 28, 29, 70, 75, 85, 3228]
INFO:fontTools.subset:Closed glyph list over 'GSUB': 17 glyphs after
INFO:fontTools.subset:Glyph names: ['.notdef', '.null', 'c', 'colon', 'eight', 'h', 'hyphen', 'minus', 'nine', 'nonmarkingreturn', 'one', 'r', 'seven', 'space', 'three', 'two', 'zero']
INFO:fontTools.subset:Glyph IDs:   [0, 1, 2, 3, 16, 19, 20, 21, 22, 26, 27, 28, 29, 70, 75, 85, 3228]
INFO:fontTools.subset:Closing glyph list over 'MATH': 17 glyphs before
INFO:fontTools.subset:Glyph names: ['.notdef', '.null', 'c', 'colon', 'eight', 'h', 'hyphen', 'minus', 'nine', 'nonmarkingreturn', 'one', 'r', 'seven', 'space', 'three', 'two', 'zero']
INFO:fontTools.subset:Glyph IDs:   [0, 1, 2, 3, 16, 19, 20, 21, 22, 26, 27, 28, 29, 70, 75, 85, 3228]
INFO:fontTools.subset:Closed glyph list over 'MATH': 17 glyphs after
INFO:fontTools.subset:Glyph names: ['.notdef', '.null', 'c', 'colon', 'eight', 'h', 'hyphen', 'minus', 'nine', 'nonmarkingreturn', 'one', 'r', 'seven', 'space', 'three', 'two', 'zero']
INFO:fontTools.subset:Glyph IDs:   [0, 1, 2, 3, 16, 19, 20, 21, 22, 26, 27, 28, 29, 70, 75, 85, 3228]
INFO:fontTools.subset:Closing glyph list over 'glyf': 17 glyphs before
INFO:fontTools.subset:Glyph names: ['.notdef', '.null', 'c', 'colon', 'eight', 'h', 'hyphen', 'minus', 'nine', 'nonmarkingreturn', 'one', 'r', 'seven', 'space', 'three', 'two', 'zero']
INFO:fontTools.subset:Glyph IDs:   [0, 1, 2, 3, 16, 19, 20, 21, 22, 26, 27, 28, 29, 70, 75, 85, 3228]
INFO:fontTools.subset:Closed glyph list over 'glyf': 17 glyphs after
INFO:fontTools.subset:Glyph names: ['.notdef', '.null', 'c', 'colon', 'eight', 'h', 'hyphen', 'minus', 'nine', 'nonmarkingreturn', 'one', 'r', 'seven', 'space', 'three', 'two', 'zero']
INFO:fontTools.subset:Glyph IDs:   [0, 1, 2, 3, 16, 19, 20, 21, 22, 26, 27, 28, 29, 70, 75, 85, 3228]
INFO:fontTools.subset:Retaining 17 glyphs
INFO:fontTools.subset:head subsetting not needed
INFO:fontTools.subset:hhea subsetting not needed
INFO:fontTools.subset:maxp subsetting not needed
INFO:fontTools.subset:OS/2 subsetting not needed
INFO:fontTools.subset:hmtx subsetted
INFO:fontTools.subset:cmap subsetted
INFO:fontTools.subset:fpgm subsetting not needed
INFO:fontTools.subset:prep subsetting not needed
INFO:fontTools.subset:cvt  subsetting not needed
INFO:fontTools.subset:loca subsetting not needed
INFO:fontTools.subset:post subsetted
INFO:fontTools.subset:gasp subsetting not needed
INFO:fontTools.subset:GDEF subsetted
INFO:fontTools.subset:GPOS subsetted
INFO:fontTools.subset:GSUB subsetted
INFO:fontTools.subset:MATH subsetted
INFO:fontTools.subset:name subsetting not needed
INFO:fontTools.subset:glyf subsetted
INFO:fontTools.subset:head pruned
INFO:fontTools.subset:OS/2 Unicode ranges pruned: [0, 38]
INFO:fontTools.subset:glyf pruned
INFO:fontTools.subset:GDEF pruned
INFO:fontTools.subset:GPOS pruned
INFO:fontTools.subset:GSUB pruned
