Training transformer model.
Not using SWA.
Attempting to load models...
saved model loaded
Beginning training loop...
Completing iteration 256250...
Completing iteration 256500...
Train loss @ 256500:  0.08683457
Completing iteration 256750...
Completing iteration 257000...
Train loss @ 257000:  0.08752004
Completing iteration 257250...
Completing iteration 257500...
Train loss @ 257500:  0.08726043
Completing iteration 257750...
Average Corr0.1916777178971279, MSE 0.17632025480270386, 1D N/A
Completing iteration 258000...
Train loss @ 258000:  0.087264456
Completing iteration 258250...
Completing iteration 258500...
Train loss @ 258500:  0.087292284
Completing iteration 258750...
Completing iteration 259000...
Train loss @ 259000:  0.08733359
Completing iteration 259250...
Completing iteration 259500...
Train loss @ 259500:  0.08713714
Completing iteration 259750...
Average Corr0.2005356988568274, MSE 0.17495357990264893, 1D N/A
Completing iteration 260000...
Train loss @ 260000:  0.08731836
Completing iteration 260250...
Completing iteration 260500...
Train loss @ 260500:  0.08728027
Completing iteration 260750...
Completing iteration 261000...
Train loss @ 261000:  0.086974666
Completing iteration 261250...
Completing iteration 261500...
Train loss @ 261500:  0.08678012
Completing iteration 261750...
Average Corr0.19471466820509223, MSE 0.1756647229194641, 1D N/A
Completing iteration 262000...
Train loss @ 262000:  0.0869676
Completing iteration 262250...
Completing iteration 262500...
Train loss @ 262500:  0.08683882
Completing iteration 262750...
Completing iteration 263000...
Train loss @ 263000:  0.08661322
Completing iteration 263250...
Completing iteration 263500...
Train loss @ 263500:  0.08653093
Completing iteration 263750...
Average Corr0.19906094101458757, MSE 0.1752975732088089, 1D N/A
Completing iteration 264000...
Train loss @ 264000:  0.08683693
Completing iteration 264250...
Completing iteration 264500...
Train loss @ 264500:  0.08629
Completing iteration 264750...
Completing iteration 265000...
Train loss @ 265000:  0.08628745
Completing iteration 265250...
Completing iteration 265500...
Train loss @ 265500:  0.086640686
Completing iteration 265750...
Average Corr0.19265032439066299, MSE 0.17492657899856567, 1D N/A
Completing iteration 266000...
Train loss @ 266000:  0.08650374
Completing iteration 266250...
Completing iteration 266500...
Train loss @ 266500:  0.08665948
Completing iteration 266750...
Completing iteration 267000...
Train loss @ 267000:  0.08670306
Completing iteration 267250...
Completing iteration 267500...
Train loss @ 267500:  0.08656331
Completing iteration 267750...
Average Corr0.1962332284092813, MSE 0.17639313638210297, 1D N/A
Completing iteration 268000...
Train loss @ 268000:  0.086235
Completing iteration 268250...
Completing iteration 268500...
Train loss @ 268500:  0.08692932
Completing iteration 268750...
Completing iteration 269000...
Train loss @ 269000:  0.08655893
Completing iteration 269250...
Completing iteration 269500...
Train loss @ 269500:  0.08625447
Completing iteration 269750...
Average Corr0.19211542857403754, MSE 0.1756805181503296, 1D N/A
Completing iteration 270000...
Train loss @ 270000:  0.08648593
Completing iteration 270250...
Completing iteration 270500...
Train loss @ 270500:  0.086401425
Completing iteration 270750...
Completing iteration 271000...
Train loss @ 271000:  0.086203046
Completing iteration 271250...
Completing iteration 271500...
Train loss @ 271500:  0.08611222
Completing iteration 271750...
Average Corr0.19730537998027978, MSE 0.17229491472244263, 1D N/A
Completing iteration 272000...
Train loss @ 272000:  0.086029954
Completing iteration 272250...
Completing iteration 272500...
Train loss @ 272500:  0.08631968
Completing iteration 272750...
Completing iteration 273000...
Train loss @ 273000:  0.0859093
Completing iteration 273250...
Completing iteration 273500...
Train loss @ 273500:  0.08640445
Completing iteration 273750...
Average Corr0.19221192811317014, MSE 0.17609168589115143, 1D N/A
Completing iteration 274000...
Train loss @ 274000:  0.086456485
Completing iteration 274250...
Completing iteration 274500...
Train loss @ 274500:  0.08616617
Completing iteration 274750...
Completing iteration 275000...
Train loss @ 275000:  0.08597195
Completing iteration 275250...
Completing iteration 275500...
Train loss @ 275500:  0.085582346
Completing iteration 275750...
Average Corr0.19283244512924796, MSE 0.17531859874725342, 1D N/A
Completing iteration 276000...
Train loss @ 276000:  0.08651625
Completing iteration 276250...
Completing iteration 276500...
Train loss @ 276500:  0.08580274
Completing iteration 276750...
Completing iteration 277000...
Train loss @ 277000:  0.085510194
Completing iteration 277250...
Completing iteration 277500...
Train loss @ 277500:  0.08575189
Completing iteration 277750...
Average Corr0.20485043597380884, MSE 0.17442451417446136, 1D N/A
Completing iteration 278000...
Train loss @ 278000:  0.08537636
Completing iteration 278250...
Completing iteration 278500...
Train loss @ 278500:  0.08570221
Completing iteration 278750...
Completing iteration 279000...
Train loss @ 279000:  0.085642554
Completing iteration 279250...
Completing iteration 279500...
Train loss @ 279500:  0.08531917
Completing iteration 279750...
Average Corr0.19642381827974836, MSE 0.17515350878238678, 1D N/A
Completing iteration 280000...
Train loss @ 280000:  0.08544846
Completing iteration 280250...
Completing iteration 280500...
Train loss @ 280500:  0.085388355
Completing iteration 280750...
Completing iteration 281000...
Train loss @ 281000:  0.08520781
Completing iteration 281250...
Completing iteration 281500...
Train loss @ 281500:  0.085393704
Completing iteration 281750...
Average Corr0.19317274771558804, MSE 0.1731228530406952, 1D N/A
Completing iteration 282000...
Train loss @ 282000:  0.08528963
Completing iteration 282250...
Completing iteration 282500...
Train loss @ 282500:  0.08570922
Completing iteration 282750...
Completing iteration 283000...
Train loss @ 283000:  0.085204385
Completing iteration 283250...
Completing iteration 283500...
Train loss @ 283500:  0.08531105
Completing iteration 283750...
Average Corr0.19316566685612782, MSE 0.17271098494529724, 1D N/A
Completing iteration 284000...
Train loss @ 284000:  0.08523018
Completing iteration 284250...
Completing iteration 284500...
Train loss @ 284500:  0.08508366
Completing iteration 284750...
Completing iteration 285000...
Train loss @ 285000:  0.08514006
Completing iteration 285250...
Completing iteration 285500...
Train loss @ 285500:  0.08449878
Completing iteration 285750...
Average Corr0.19698684769431968, MSE 0.17360472679138184, 1D N/A
Completing iteration 286000...
Train loss @ 286000:  0.08515506
Completing iteration 286250...
Completing iteration 286500...
Train loss @ 286500:  0.0852138
Completing iteration 286750...
Completing iteration 287000...
Train loss @ 287000:  0.08479303
Completing iteration 287250...
Completing iteration 287500...
Train loss @ 287500:  0.08451408
Completing iteration 287750...
Average Corr0.19055857375794866, MSE 0.17825423181056976, 1D N/A
Completing iteration 288000...
Train loss @ 288000:  0.08496642
Completing iteration 288250...
Completing iteration 288500...
Train loss @ 288500:  0.084653236
Completing iteration 288750...
Completing iteration 289000...
Train loss @ 289000:  0.08509441
Completing iteration 289250...
Completing iteration 289500...
Train loss @ 289500:  0.08459076
Completing iteration 289750...
Average Corr0.18777523604350663, MSE 0.17455455660820007, 1D N/A
Completing iteration 290000...
Train loss @ 290000:  0.085079625
Completing iteration 290250...
Completing iteration 290500...
Train loss @ 290500:  0.08509102
Completing iteration 290750...
Completing iteration 291000...
Train loss @ 291000:  0.084480256
Completing iteration 291250...
Completing iteration 291500...
Train loss @ 291500:  0.08454925
Completing iteration 291750...
Average Corr0.20259926261333414, MSE 0.17413295805454254, 1D N/A
Completing iteration 292000...
Train loss @ 292000:  0.08443432
Completing iteration 292250...
Completing iteration 292500...
Train loss @ 292500:  0.08482791
Completing iteration 292750...
Completing iteration 293000...
Train loss @ 293000:  0.08434859
Completing iteration 293250...
Completing iteration 293500...
Train loss @ 293500:  0.08428323
Completing iteration 293750...
Average Corr0.19520508324366567, MSE 0.17310360074043274, 1D N/A
Completing iteration 294000...
Train loss @ 294000:  0.08464265
Completing iteration 294250...
Completing iteration 294500...
Train loss @ 294500:  0.08425356
Completing iteration 294750...
Completing iteration 295000...
Train loss @ 295000:  0.084232464
Completing iteration 295250...
Completing iteration 295500...
Train loss @ 295500:  0.084339984
Completing iteration 295750...
Average Corr0.19871426117010804, MSE 0.1773805022239685, 1D N/A
Completing iteration 296000...
Train loss @ 296000:  0.08440109
Completing iteration 296250...
Completing iteration 296500...
Train loss @ 296500:  0.08397629
Completing iteration 296750...
Completing iteration 297000...
Train loss @ 297000:  0.084100865
Completing iteration 297250...
Completing iteration 297500...
Train loss @ 297500:  0.08450029
Completing iteration 297750...
Average Corr0.1934158848045164, MSE 0.17468242347240448, 1D N/A
Completing iteration 298000...
Train loss @ 298000:  0.08421255
Completing iteration 298250...
Completing iteration 298500...
Train loss @ 298500:  0.084227204
Completing iteration 298750...
Completing iteration 299000...
Train loss @ 299000:  0.08430898
Completing iteration 299250...
Completing iteration 299500...
Train loss @ 299500:  0.083863944
Completing iteration 299750...
Average Corr0.18720167576263355, MSE 0.1761305332183838, 1D N/A
Completing iteration 300000...
Train loss @ 300000:  0.08435564
Completing iteration 300250...
Completing iteration 300500...
Train loss @ 300500:  0.0837707
Completing iteration 300750...
Completing iteration 301000...
Train loss @ 301000:  0.08384227
Completing iteration 301250...
Completing iteration 301500...
Train loss @ 301500:  0.08361445
Completing iteration 301750...
Average Corr0.19300515068495938, MSE 0.17459139227867126, 1D N/A
Completing iteration 302000...
Train loss @ 302000:  0.083610125
Completing iteration 302250...
Completing iteration 302500...
Train loss @ 302500:  0.08343404
Completing iteration 302750...
Completing iteration 303000...
Train loss @ 303000:  0.08325675
Completing iteration 303250...
Completing iteration 303500...
Train loss @ 303500:  0.08356891
Completing iteration 303750...
Average Corr0.20804702663488403, MSE 0.17549821734428406, 1D N/A
Completing iteration 304000...
Train loss @ 304000:  0.08348885
Completing iteration 304250...
Completing iteration 304500...
Train loss @ 304500:  0.08359922
Completing iteration 304750...
Completing iteration 305000...
Train loss @ 305000:  0.08369873
Completing iteration 305250...
Completing iteration 305500...
Train loss @ 305500:  0.083476946
Completing iteration 305750...
Average Corr0.2046796236445708, MSE 0.17262208461761475, 1D N/A
Completing iteration 306000...
Train loss @ 306000:  0.083393924
Completing iteration 306250...
Completing iteration 306500...
Train loss @ 306500:  0.0830495
Completing iteration 306750...
Completing iteration 307000...
Train loss @ 307000:  0.083279856
Completing iteration 307250...
Completing iteration 307500...
Train loss @ 307500:  0.08333243
Completing iteration 307750...
Average Corr0.2023116386134951, MSE 0.17258954048156738, 1D N/A
Completing iteration 308000...
Train loss @ 308000:  0.08291873
Completing iteration 308250...
Completing iteration 308500...
Train loss @ 308500:  0.08319992
Completing iteration 308750...
Completing iteration 309000...
Train loss @ 309000:  0.08321742
Completing iteration 309250...
Completing iteration 309500...
Train loss @ 309500:  0.082976565
Completing iteration 309750...
Average Corr0.20908480123680542, MSE 0.1733190268278122, 1D N/A
Completing iteration 310000...
Train loss @ 310000:  0.083026
Completing iteration 310250...
Completing iteration 310500...
Train loss @ 310500:  0.08279921
Completing iteration 310750...
Completing iteration 311000...
Train loss @ 311000:  0.08263843
Completing iteration 311250...
Completing iteration 311500...
Train loss @ 311500:  0.0830053
Completing iteration 311750...
Average Corr0.19941309653678135, MSE 0.1731850802898407, 1D N/A
Completing iteration 312000...
Train loss @ 312000:  0.08291463
Completing iteration 312250...
Completing iteration 312500...
Train loss @ 312500:  0.08300624
Completing iteration 312750...
Completing iteration 313000...
Train loss @ 313000:  0.08287314
Completing iteration 313250...
Completing iteration 313500...
Train loss @ 313500:  0.08277477
Completing iteration 313750...
Average Corr0.19936765189613093, MSE 0.17662101984024048, 1D N/A
Completing iteration 314000...
Train loss @ 314000:  0.08259611
Completing iteration 314250...
Completing iteration 314500...
Train loss @ 314500:  0.08274043
Completing iteration 314750...
Completing iteration 315000...
Train loss @ 315000:  0.08266769
Completing iteration 315250...
Completing iteration 315500...
Train loss @ 315500:  0.08299261
Completing iteration 315750...
Average Corr0.20352486114657764, MSE 0.17194953560829163, 1D N/A
Completing iteration 316000...
Train loss @ 316000:  0.08260712
Completing iteration 316250...
Completing iteration 316500...
Train loss @ 316500:  0.08263176
Completing iteration 316750...
Completing iteration 317000...
Train loss @ 317000:  0.082726926
Completing iteration 317250...
Completing iteration 317500...
Train loss @ 317500:  0.082787335
Completing iteration 317750...
Average Corr0.20188224307268038, MSE 0.1737525463104248, 1D N/A
Completing iteration 318000...
Train loss @ 318000:  0.08269902
slurmstepd: error: *** JOB 2134188 ON adroit-h11g3 CANCELLED AT 2024-04-30T11:21:51 DUE TO TIME LIMIT ***
