Training transformer model.
Training in SWA mode.
Attempting to load models...
saved model loaded
Beginning training loop...
Completing iteration 318000...
Train loss @ 318000:  0.08059012
Completing iteration 318250...
Completing iteration 318500...
Train loss @ 318500:  0.08366496
Completing iteration 318750...
Completing iteration 319000...
Train loss @ 319000:  0.084575124
Completing iteration 319250...
Completing iteration 319500...
Train loss @ 319500:  0.08487311
Completing iteration 319750...
Average Corr0.13098915821457846, MSE 0.18017993867397308, 1D N/A
Completing iteration 320000...
Train loss @ 320000:  0.08484299
Completing iteration 320250...
Completing iteration 320500...
Train loss @ 320500:  0.08460948
Completing iteration 320750...
Completing iteration 321000...
Train loss @ 321000:  0.08421106
Completing iteration 321250...
Completing iteration 321500...
Train loss @ 321500:  0.08459901
Completing iteration 321750...
Average Corr0.2029789848555365, MSE 0.1728518307209015, 1D N/A
Completing iteration 322000...
Train loss @ 322000:  0.08429326
Completing iteration 322250...
Completing iteration 322500...
Train loss @ 322500:  0.08455368
Completing iteration 322750...
Completing iteration 323000...
Train loss @ 323000:  0.08427256
Completing iteration 323250...
Completing iteration 323500...
Train loss @ 323500:  0.0844192
Completing iteration 323750...
Average Corr0.13241415800725442, MSE 0.18147902190685272, 1D N/A
Completing iteration 324000...
Train loss @ 324000:  0.08461081
Completing iteration 324250...
Completing iteration 324500...
Train loss @ 324500:  0.08440642
Completing iteration 324750...
Completing iteration 325000...
Train loss @ 325000:  0.083957136
Completing iteration 325250...
Completing iteration 325500...
Train loss @ 325500:  0.08459493
Completing iteration 325750...
Average Corr0.1942424270309007, MSE 0.1717914193868637, 1D N/A
Completing iteration 326000...
Train loss @ 326000:  0.084389344
Completing iteration 326250...
Completing iteration 326500...
Train loss @ 326500:  0.083928704
Completing iteration 326750...
Completing iteration 327000...
Train loss @ 327000:  0.08413222
Completing iteration 327250...
Completing iteration 327500...
Train loss @ 327500:  0.08421384
Completing iteration 327750...
Average Corr0.18634782692614132, MSE 0.18110604584217072, 1D N/A
Completing iteration 328000...
Train loss @ 328000:  0.08426457
Completing iteration 328250...
Completing iteration 328500...
Train loss @ 328500:  0.084355496
Completing iteration 328750...
Completing iteration 329000...
Train loss @ 329000:  0.08394282
Completing iteration 329250...
Completing iteration 329500...
Train loss @ 329500:  0.08395451
Completing iteration 329750...
Average Corr0.1814008296270291, MSE 0.18436169624328613, 1D N/A
Completing iteration 330000...
Train loss @ 330000:  0.08393622
Completing iteration 330250...
Completing iteration 330500...
Train loss @ 330500:  0.08390078
Completing iteration 330750...
Completing iteration 331000...
Train loss @ 331000:  0.084272765
Completing iteration 331250...
Completing iteration 331500...
Train loss @ 331500:  0.08408156
Completing iteration 331750...
Average Corr0.15658919124925114, MSE 0.17553475499153137, 1D N/A
Completing iteration 332000...
Train loss @ 332000:  0.08406615
Completing iteration 332250...
Completing iteration 332500...
Train loss @ 332500:  0.0838333
Completing iteration 332750...
Completing iteration 333000...
Train loss @ 333000:  0.08361761
Completing iteration 333250...
Completing iteration 333500...
Train loss @ 333500:  0.08363968
Completing iteration 333750...
Average Corr0.1770812125005024, MSE 0.18573570251464844, 1D N/A
Completing iteration 334000...
Train loss @ 334000:  0.083583556
Completing iteration 334250...
Completing iteration 334500...
Train loss @ 334500:  0.08337339
Completing iteration 334750...
Completing iteration 335000...
Train loss @ 335000:  0.08360441
Completing iteration 335250...
Completing iteration 335500...
Train loss @ 335500:  0.08386172
Completing iteration 335750...
Average Corr0.15323883900523158, MSE 0.22352555394172668, 1D N/A
Completing iteration 336000...
Train loss @ 336000:  0.083744295
Completing iteration 336250...
Completing iteration 336500...
Train loss @ 336500:  0.0834621
Completing iteration 336750...
Completing iteration 337000...
Train loss @ 337000:  0.08316084
Completing iteration 337250...
Completing iteration 337500...
Train loss @ 337500:  0.08361388
Completing iteration 337750...
Average Corr0.10559397710229657, MSE 0.19876082241535187, 1D N/A
Completing iteration 338000...
Train loss @ 338000:  0.08333395
Completing iteration 338250...
Completing iteration 338500...
Train loss @ 338500:  0.08314552
Completing iteration 338750...
Completing iteration 339000...
Train loss @ 339000:  0.08308936
Completing iteration 339250...
Completing iteration 339500...
Train loss @ 339500:  0.08314839
Completing iteration 339750...
Average Corr0.15807205031748015, MSE 0.17572081089019775, 1D N/A
Completing iteration 340000...
Train loss @ 340000:  0.08285378
Completing iteration 340250...
Completing iteration 340500...
Train loss @ 340500:  0.08327968
Completing iteration 340750...
Completing iteration 341000...
Train loss @ 341000:  0.082688585
Completing iteration 341250...
Completing iteration 341500...
Train loss @ 341500:  0.08262863
Completing iteration 341750...
Average Corr0.15486708164374266, MSE 0.17582499980926514, 1D N/A
Completing iteration 342000...
Train loss @ 342000:  0.08277854
Completing iteration 342250...
Completing iteration 342500...
Train loss @ 342500:  0.082502715
Completing iteration 342750...
Completing iteration 343000...
Train loss @ 343000:  0.08261012
Completing iteration 343250...
Completing iteration 343500...
Train loss @ 343500:  0.08237025
Completing iteration 343750...
Average Corr0.16854753485394178, MSE 0.18356554210186005, 1D N/A
Completing iteration 344000...
Train loss @ 344000:  0.082824886
Completing iteration 344250...
Completing iteration 344500...
Train loss @ 344500:  0.08198701
Completing iteration 344750...
Completing iteration 345000...
Train loss @ 345000:  0.08225948
Completing iteration 345250...
Completing iteration 345500...
Train loss @ 345500:  0.08211699
Completing iteration 345750...
Average Corr0.17088756281752265, MSE 0.17377421259880066, 1D N/A
Completing iteration 346000...
Train loss @ 346000:  0.08180132
Completing iteration 346250...
Completing iteration 346500...
Train loss @ 346500:  0.082158916
Completing iteration 346750...
Completing iteration 347000...
Train loss @ 347000:  0.08197291
Completing iteration 347250...
Completing iteration 347500...
Train loss @ 347500:  0.081487834
Completing iteration 347750...
Average Corr0.15030229307778853, MSE 0.1751546859741211, 1D N/A
Completing iteration 348000...
Train loss @ 348000:  0.081993625
Completing iteration 348250...
Completing iteration 348500...
Train loss @ 348500:  0.08184009
Completing iteration 348750...
Completing iteration 349000...
Train loss @ 349000:  0.08119043
Completing iteration 349250...
Completing iteration 349500...
Train loss @ 349500:  0.08144632
Completing iteration 349750...
Average Corr0.17628910618764812, MSE 0.17328327894210815, 1D N/A
Completing iteration 350000...
Train loss @ 350000:  0.0815663
Completing iteration 350250...
Completing iteration 350500...
Train loss @ 350500:  0.08135805
Completing iteration 350750...
Completing iteration 351000...
Train loss @ 351000:  0.081538394
Completing iteration 351250...
Completing iteration 351500...
Train loss @ 351500:  0.08155168
Completing iteration 351750...
Average Corr0.1627776608956306, MSE 0.19634366035461426, 1D N/A
Completing iteration 352000...
Train loss @ 352000:  0.08181425
Completing iteration 352250...
Completing iteration 352500...
Train loss @ 352500:  0.08129024
Completing iteration 352750...
Completing iteration 353000...
Train loss @ 353000:  0.081256956
Completing iteration 353250...
Completing iteration 353500...
Train loss @ 353500:  0.081150405
Completing iteration 353750...
Average Corr0.10303948510035238, MSE 0.18246524035930634, 1D N/A
Completing iteration 354000...
Train loss @ 354000:  0.08142406
Completing iteration 354250...
Completing iteration 354500...
Train loss @ 354500:  0.08133894
Completing iteration 354750...
Completing iteration 355000...
Train loss @ 355000:  0.08125641
Completing iteration 355250...
Completing iteration 355500...
Train loss @ 355500:  0.08123683
Completing iteration 355750...
Average Corr0.15515311318491762, MSE 0.194233238697052, 1D N/A
Completing iteration 356000...
Train loss @ 356000:  0.08134993
Completing iteration 356250...
Completing iteration 356500...
Train loss @ 356500:  0.08123684
Completing iteration 356750...
Completing iteration 357000...
Train loss @ 357000:  0.08098634
Completing iteration 357250...
Completing iteration 357500...
Train loss @ 357500:  0.08100119
Completing iteration 357750...
Average Corr0.19089625622696693, MSE 0.17237243056297302, 1D N/A
Completing iteration 358000...
Train loss @ 358000:  0.08091134
Completing iteration 358250...
Completing iteration 358500...
Train loss @ 358500:  0.08077043
Completing iteration 358750...
Completing iteration 359000...
Train loss @ 359000:  0.080811076
Completing iteration 359250...
Completing iteration 359500...
Train loss @ 359500:  0.080886416
Completing iteration 359750...
Average Corr0.13462260085566632, MSE 0.17514479160308838, 1D N/A
Completing iteration 360000...
Train loss @ 360000:  0.08089317
Completing iteration 360250...
Completing iteration 360500...
Train loss @ 360500:  0.08062094
Completing iteration 360750...
Completing iteration 361000...
Train loss @ 361000:  0.08077888
Completing iteration 361250...
Completing iteration 361500...
Train loss @ 361500:  0.08089775
Completing iteration 361750...
Average Corr0.1767240837453531, MSE 0.1818825751543045, 1D N/A
Completing iteration 362000...
Train loss @ 362000:  0.08101069
Completing iteration 362250...
Completing iteration 362500...
Train loss @ 362500:  0.08101661
Completing iteration 362750...
Completing iteration 363000...
Train loss @ 363000:  0.08063573
Completing iteration 363250...
Completing iteration 363500...
Train loss @ 363500:  0.080705434
Completing iteration 363750...
Average Corr0.13368502414601627, MSE 0.18727385997772217, 1D N/A
Completing iteration 364000...
Train loss @ 364000:  0.08043021
Completing iteration 364250...
Completing iteration 364500...
Train loss @ 364500:  0.08025289
Completing iteration 364750...
Completing iteration 365000...
Train loss @ 365000:  0.08073931
Completing iteration 365250...
Completing iteration 365500...
Train loss @ 365500:  0.0803378
Completing iteration 365750...
Average Corr0.184644886920514, MSE 0.1789669692516327, 1D N/A
Completing iteration 366000...
Train loss @ 366000:  0.080264464
Completing iteration 366250...
Completing iteration 366500...
Train loss @ 366500:  0.08029628
Completing iteration 366750...
Completing iteration 367000...
Train loss @ 367000:  0.080269046
Completing iteration 367250...
Completing iteration 367500...
Train loss @ 367500:  0.07967788
Completing iteration 367750...
Average Corr0.1952357486984281, MSE 0.1686372458934784, 1D N/A
Completing iteration 368000...
Train loss @ 368000:  0.07987358
Completing iteration 368250...
Completing iteration 368500...
Train loss @ 368500:  0.079972364
Completing iteration 368750...
Completing iteration 369000...
Train loss @ 369000:  0.07983711
Completing iteration 369250...
Completing iteration 369500...
Train loss @ 369500:  0.07950317
Completing iteration 369750...
Average Corr0.21180320686854573, MSE 0.1842023730278015, 1D N/A
Completing iteration 370000...
Train loss @ 370000:  0.07940943
Completing iteration 370250...
Completing iteration 370500...
Train loss @ 370500:  0.07997389
Completing iteration 370750...
Completing iteration 371000...
Train loss @ 371000:  0.07986894
Completing iteration 371250...
Completing iteration 371500...
Train loss @ 371500:  0.07937927
Completing iteration 371750...
Average Corr0.17564299380259246, MSE 0.18318313360214233, 1D N/A
Completing iteration 372000...
Train loss @ 372000:  0.0797202
Completing iteration 372250...
Completing iteration 372500...
Train loss @ 372500:  0.07903786
Completing iteration 372750...
Completing iteration 373000...
Train loss @ 373000:  0.07952295
Completing iteration 373250...
Completing iteration 373500...
Train loss @ 373500:  0.07952045
Completing iteration 373750...
Average Corr0.12649538568573548, MSE 0.18560796976089478, 1D N/A
Completing iteration 374000...
Train loss @ 374000:  0.079622574
Completing iteration 374250...
Completing iteration 374500...
Train loss @ 374500:  0.07961928
Completing iteration 374750...
Completing iteration 375000...
Train loss @ 375000:  0.079561464
Completing iteration 375250...
Completing iteration 375500...
Train loss @ 375500:  0.079020776
Completing iteration 375750...
Average Corr0.18682095478661506, MSE 0.2006046175956726, 1D N/A
Completing iteration 376000...
Train loss @ 376000:  0.078906156
Completing iteration 376250...
Completing iteration 376500...
Train loss @ 376500:  0.07937876
Completing iteration 376750...
Completing iteration 377000...
Train loss @ 377000:  0.079412825
Completing iteration 377250...
Completing iteration 377500...
Train loss @ 377500:  0.07944496
Completing iteration 377750...
Average Corr0.2077176267791553, MSE 0.1885523796081543, 1D N/A
Completing iteration 378000...
Train loss @ 378000:  0.0792136
Completing iteration 378250...
Completing iteration 378500...
Train loss @ 378500:  0.079333164
Completing iteration 378750...
Completing iteration 379000...
Train loss @ 379000:  0.07921379
Completing iteration 379250...
Completing iteration 379500...
Train loss @ 379500:  0.07933156
Completing iteration 379750...
Average Corr0.16659662277770695, MSE 0.19900831580162048, 1D N/A
Completing iteration 380000...
Train loss @ 380000:  0.0788879
Completing iteration 380250...
Completing iteration 380500...
Train loss @ 380500:  0.07925412
Completing iteration 380750...
Completing iteration 381000...
Train loss @ 381000:  0.0793292
Completing iteration 381250...
Completing iteration 381500...
Train loss @ 381500:  0.07926109
Completing iteration 381750...
Average Corr0.19331021247889885, MSE 0.1928875893354416, 1D N/A
Completing iteration 382000...
Train loss @ 382000:  0.07929004
Completing iteration 382250...
Completing iteration 382500...
Train loss @ 382500:  0.079251096
Completing iteration 382750...
Completing iteration 383000...
Train loss @ 383000:  0.07895704
Completing iteration 383250...
Completing iteration 383500...
Train loss @ 383500:  0.07926824
Completing iteration 383750...
Average Corr0.1864286414763586, MSE 0.17972353100776672, 1D N/A
Completing iteration 384000...
Train loss @ 384000:  0.07950821
Completing iteration 384250...
Completing iteration 384500...
Train loss @ 384500:  0.07937261
Completing iteration 384750...
Completing iteration 385000...
Train loss @ 385000:  0.079193056
Completing iteration 385250...
Completing iteration 385500...
Train loss @ 385500:  0.07885638
Completing iteration 385750...
Average Corr0.183228081205572, MSE 0.1800534725189209, 1D N/A
Completing iteration 386000...
Train loss @ 386000:  0.07924135
Completing iteration 386250...
Completing iteration 386500...
Train loss @ 386500:  0.078777134
Completing iteration 386750...
Completing iteration 387000...
Train loss @ 387000:  0.07917812
Completing iteration 387250...
Completing iteration 387500...
Train loss @ 387500:  0.07924901
Completing iteration 387750...
Average Corr0.20764988215540123, MSE 0.19566082954406738, 1D N/A
Completing iteration 388000...
Train loss @ 388000:  0.079288
Completing iteration 388250...
Completing iteration 388500...
Train loss @ 388500:  0.078800015
Completing iteration 388750...
Completing iteration 389000...
Train loss @ 389000:  0.07870761
Completing iteration 389250...
Completing iteration 389500...
Train loss @ 389500:  0.07842908
Completing iteration 389750...
Average Corr0.20397059179129848, MSE 0.1898130476474762, 1D N/A
Completing iteration 390000...
Train loss @ 390000:  0.078542374
Completing iteration 390250...
Completing iteration 390500...
Train loss @ 390500:  0.07841201
Completing iteration 390750...
Completing iteration 391000...
Train loss @ 391000:  0.07856548
Completing iteration 391250...
Completing iteration 391500...
Train loss @ 391500:  0.07867206
Completing iteration 391750...
Average Corr0.18223622248349725, MSE 0.18566066026687622, 1D N/A
Completing iteration 392000...
Train loss @ 392000:  0.078429446
Completing iteration 392250...
Completing iteration 392500...
Train loss @ 392500:  0.078357406
Completing iteration 392750...
Completing iteration 393000...
Train loss @ 393000:  0.07810576
Completing iteration 393250...
Completing iteration 393500...
Train loss @ 393500:  0.07820782
Completing iteration 393750...
Average Corr0.20255439986294302, MSE 0.248436838388443, 1D N/A
Completing iteration 394000...
Train loss @ 394000:  0.0785641
Completing iteration 394250...
Completing iteration 394500...
Train loss @ 394500:  0.07834625
Completing iteration 394750...
Completing iteration 395000...
Train loss @ 395000:  0.0780235
Completing iteration 395250...
Completing iteration 395500...
Train loss @ 395500:  0.07843098
Completing iteration 395750...
Average Corr0.17730653225500984, MSE 0.1802782267332077, 1D N/A
Completing iteration 396000...
Train loss @ 396000:  0.078380354
Completing iteration 396250...
Completing iteration 396500...
Train loss @ 396500:  0.07822801
Completing iteration 396750...
Completing iteration 397000...
Train loss @ 397000:  0.07812335
Completing iteration 397250...
Completing iteration 397500...
Train loss @ 397500:  0.07825725
Completing iteration 397750...
Average Corr0.21251401297792114, MSE 0.18897664546966553, 1D N/A
Completing iteration 398000...
Train loss @ 398000:  0.078362316
Completing iteration 398250...
Completing iteration 398500...
Train loss @ 398500:  0.07775391
Completing iteration 398750...
Completing iteration 399000...
Train loss @ 399000:  0.07788503
Completing iteration 399250...
Completing iteration 399500...
Train loss @ 399500:  0.07802288
Completing iteration 399750...
Average Corr0.18468975802348095, MSE 0.1720559000968933, 1D N/A
Completing iteration 400000...
Train loss @ 400000:  0.077935226
Completing iteration 400250...
Completing iteration 400500...
Train loss @ 400500:  0.07788129
Completing iteration 400750...
Completing iteration 401000...
Train loss @ 401000:  0.077720106
Completing iteration 401250...
Completing iteration 401500...
Train loss @ 401500:  0.07790185
Completing iteration 401750...
Average Corr0.16004214784060988, MSE 0.17179489135742188, 1D N/A
Completing iteration 402000...
Train loss @ 402000:  0.077836044
Completing iteration 402250...
Completing iteration 402500...
Train loss @ 402500:  0.07801587
Completing iteration 402750...
Completing iteration 403000...
Train loss @ 403000:  0.077868745
Completing iteration 403250...
Completing iteration 403500...
Train loss @ 403500:  0.07757037
Completing iteration 403750...
Average Corr0.20524287311527328, MSE 0.16787166893482208, 1D N/A
Completing iteration 404000...
Train loss @ 404000:  0.07758563
Completing iteration 404250...
Completing iteration 404500...
Train loss @ 404500:  0.07765518
Completing iteration 404750...
Completing iteration 405000...
Train loss @ 405000:  0.07723915
Completing iteration 405250...
Completing iteration 405500...
Train loss @ 405500:  0.07760993
Completing iteration 405750...
Average Corr0.2257675467623237, MSE 0.1691073477268219, 1D N/A
Completing iteration 406000...
Train loss @ 406000:  0.07755138
Completing iteration 406250...
Completing iteration 406500...
Train loss @ 406500:  0.07747176
Completing iteration 406750...
Completing iteration 407000...
Train loss @ 407000:  0.0777872
Completing iteration 407250...
Completing iteration 407500...
Train loss @ 407500:  0.07762395
Completing iteration 407750...
Average Corr0.19409259718188104, MSE 0.17073869705200195, 1D N/A
Completing iteration 408000...
Train loss @ 408000:  0.07740655
Completing iteration 408250...
Completing iteration 408500...
Train loss @ 408500:  0.07716555
Completing iteration 408750...
Completing iteration 409000...
Train loss @ 409000:  0.077432096
Completing iteration 409250...
Completing iteration 409500...
Train loss @ 409500:  0.077419065
Completing iteration 409750...
Average Corr0.1886248859348988, MSE 0.1748635172843933, 1D N/A
Completing iteration 410000...
Train loss @ 410000:  0.07732058
Completing iteration 410250...
Completing iteration 410500...
Train loss @ 410500:  0.07759389
Completing iteration 410750...
Completing iteration 411000...
Train loss @ 411000:  0.07748334
Completing iteration 411250...
Completing iteration 411500...
Train loss @ 411500:  0.07708599
Completing iteration 411750...
Average Corr0.20138188665325318, MSE 0.17839832603931427, 1D N/A
Completing iteration 412000...
Train loss @ 412000:  0.07778247
Completing iteration 412250...
Completing iteration 412500...
Train loss @ 412500:  0.07739725
Completing iteration 412750...
Completing iteration 413000...
Train loss @ 413000:  0.07733792
Completing iteration 413250...
Completing iteration 413500...
Train loss @ 413500:  0.07788472
Completing iteration 413750...
Average Corr0.19094210962465943, MSE 0.17912188172340393, 1D N/A
Completing iteration 414000...
Train loss @ 414000:  0.077303566
Completing iteration 414250...
Completing iteration 414500...
Train loss @ 414500:  0.07712153
Completing iteration 414750...
Completing iteration 415000...
Train loss @ 415000:  0.0771169
Completing iteration 415250...
Completing iteration 415500...
Train loss @ 415500:  0.07705429
Completing iteration 415750...
Average Corr0.2105734077321191, MSE 0.17279323935508728, 1D N/A
Completing iteration 416000...
Train loss @ 416000:  0.07703192
Completing iteration 416250...
Completing iteration 416500...
Train loss @ 416500:  0.076887086
Completing iteration 416750...
Completing iteration 417000...
Train loss @ 417000:  0.0770581
Completing iteration 417250...
Completing iteration 417500...
Train loss @ 417500:  0.076866925
Completing iteration 417750...
Average Corr0.215186905080639, MSE 0.1795104742050171, 1D N/A
Completing iteration 418000...
Train loss @ 418000:  0.077586904
Completing iteration 418250...
Completing iteration 418500...
Train loss @ 418500:  0.076897874
Completing iteration 418750...
Completing iteration 419000...
Train loss @ 419000:  0.077020094
Completing iteration 419250...
Completing iteration 419500...
Train loss @ 419500:  0.077226564
Completing iteration 419750...
Average Corr0.19104294013904774, MSE 0.17540901899337769, 1D N/A
Completing iteration 420000...
Train loss @ 420000:  0.076830916
Completing iteration 420250...
Completing iteration 420500...
Train loss @ 420500:  0.0770784
Completing iteration 420750...
Completing iteration 421000...
Train loss @ 421000:  0.07696402
Completing iteration 421250...
Completing iteration 421500...
Train loss @ 421500:  0.077506505
Completing iteration 421750...
Average Corr0.19552010254863894, MSE 0.17771485447883606, 1D N/A
Completing iteration 422000...
Train loss @ 422000:  0.07704918
Completing iteration 422250...
Completing iteration 422500...
Train loss @ 422500:  0.077236496
Completing iteration 422750...
Completing iteration 423000...
Train loss @ 423000:  0.076886036
Completing iteration 423250...
Completing iteration 423500...
Train loss @ 423500:  0.07690156
Completing iteration 423750...
Average Corr0.19885171505662194, MSE 0.26774370670318604, 1D N/A
Completing iteration 424000...
Train loss @ 424000:  0.076748766
Completing iteration 424250...
Completing iteration 424500...
Train loss @ 424500:  0.07661578
Completing iteration 424750...
Completing iteration 425000...
Train loss @ 425000:  0.07669161
Completing iteration 425250...
Completing iteration 425500...
Train loss @ 425500:  0.07663893
Completing iteration 425750...
Average Corr0.19941050900984233, MSE 0.20390456914901733, 1D N/A
Completing iteration 426000...
Train loss @ 426000:  0.07658335
Completing iteration 426250...
Completing iteration 426500...
Train loss @ 426500:  0.07662991
Completing iteration 426750...
Completing iteration 427000...
Train loss @ 427000:  0.07672352
Completing iteration 427250...
Completing iteration 427500...
Train loss @ 427500:  0.07654247
Completing iteration 427750...
Average Corr0.20785804988292245, MSE 0.17582091689109802, 1D N/A
Completing iteration 428000...
Train loss @ 428000:  0.076574974
Completing iteration 428250...
Completing iteration 428500...
Train loss @ 428500:  0.07640313
Completing iteration 428750...
Completing iteration 429000...
Train loss @ 429000:  0.07623455
Completing iteration 429250...
Completing iteration 429500...
Train loss @ 429500:  0.07655614
Completing iteration 429750...
Average Corr0.1760272099198222, MSE 0.36784833669662476, 1D N/A
Completing iteration 430000...
Train loss @ 430000:  0.07609949
Completing iteration 430250...
Completing iteration 430500...
Train loss @ 430500:  0.076544754
Completing iteration 430750...
Completing iteration 431000...
Train loss @ 431000:  0.07640816
Completing iteration 431250...
Completing iteration 431500...
Train loss @ 431500:  0.07640562
Completing iteration 431750...
Average Corr0.17680936454274276, MSE 0.1854667365550995, 1D N/A
Completing iteration 432000...
Train loss @ 432000:  0.07652641
Completing iteration 432250...
Completing iteration 432500...
Train loss @ 432500:  0.076281555
Completing iteration 432750...
Completing iteration 433000...
Train loss @ 433000:  0.07606621
Completing iteration 433250...
Completing iteration 433500...
Train loss @ 433500:  0.076551005
Completing iteration 433750...
Average Corr0.21025056513144738, MSE 0.17937909066677094, 1D N/A
Completing iteration 434000...
Train loss @ 434000:  0.07644874
Completing iteration 434250...
Completing iteration 434500...
Train loss @ 434500:  0.07635661
Completing iteration 434750...
Completing iteration 435000...
Train loss @ 435000:  0.076199874
Completing iteration 435250...
Completing iteration 435500...
Train loss @ 435500:  0.07619129
Completing iteration 435750...
Average Corr0.1960735228999418, MSE 0.1699715554714203, 1D N/A
Completing iteration 436000...
Train loss @ 436000:  0.07623553
Completing iteration 436250...
Completing iteration 436500...
Train loss @ 436500:  0.07642929
Completing iteration 436750...
Completing iteration 437000...
Train loss @ 437000:  0.07613402
Completing iteration 437250...
Completing iteration 437500...
Train loss @ 437500:  0.07590703
Completing iteration 437750...
Average Corr0.20529060556068568, MSE 0.17716535925865173, 1D N/A
Completing iteration 438000...
Train loss @ 438000:  0.07632362
Completing iteration 438250...
Completing iteration 438500...
Train loss @ 438500:  0.07626113
Completing iteration 438750...
Completing iteration 439000...
Train loss @ 439000:  0.07606386
Completing iteration 439250...
Completing iteration 439500...
Train loss @ 439500:  0.07608601
Completing iteration 439750...
Average Corr0.20490276503168914, MSE 0.17036618292331696, 1D N/A
Completing iteration 440000...
Train loss @ 440000:  0.07589458
Completing iteration 440250...
Completing iteration 440500...
Train loss @ 440500:  0.075914554
Completing iteration 440750...
Completing iteration 441000...
Train loss @ 441000:  0.0759714
Completing iteration 441250...
Completing iteration 441500...
Train loss @ 441500:  0.07588685
Completing iteration 441750...
Average Corr0.20308275869757392, MSE 0.17644453048706055, 1D N/A
Completing iteration 442000...
Train loss @ 442000:  0.07591661
Completing iteration 442250...
Completing iteration 442500...
Train loss @ 442500:  0.07628134
Completing iteration 442750...
Completing iteration 443000...
Train loss @ 443000:  0.076327495
Completing iteration 443250...
Completing iteration 443500...
Train loss @ 443500:  0.075950004
Completing iteration 443750...
Average Corr0.16465849003507518, MSE 0.1744888871908188, 1D N/A
Completing iteration 444000...
Train loss @ 444000:  0.07595026
Completing iteration 444250...
Completing iteration 444500...
Train loss @ 444500:  0.07609327
Completing iteration 444750...
Completing iteration 445000...
Train loss @ 445000:  0.07610911
Completing iteration 445250...
Completing iteration 445500...
Train loss @ 445500:  0.07594241
Completing iteration 445750...
Average Corr0.19043821118443166, MSE 0.2589024603366852, 1D N/A
Completing iteration 446000...
Train loss @ 446000:  0.07586903
Completing iteration 446250...
Completing iteration 446500...
Train loss @ 446500:  0.07564438
Completing iteration 446750...
Completing iteration 447000...
Train loss @ 447000:  0.07559535
Completing iteration 447250...
Completing iteration 447500...
Train loss @ 447500:  0.075848
Completing iteration 447750...
Average Corr0.18664114903732795, MSE 0.18332676589488983, 1D N/A
Completing iteration 448000...
Train loss @ 448000:  0.075852446
Completing iteration 448250...
Completing iteration 448500...
Train loss @ 448500:  0.07565238
Completing iteration 448750...
Completing iteration 449000...
Train loss @ 449000:  0.07549993
Completing iteration 449250...
Completing iteration 449500...
Train loss @ 449500:  0.07586754
Completing iteration 449750...
Average Corr0.16901876427774543, MSE 0.17682063579559326, 1D N/A
Completing iteration 450000...
Train loss @ 450000:  0.07549078
Completing iteration 450250...
Completing iteration 450500...
Train loss @ 450500:  0.075475395
Completing iteration 450750...
Completing iteration 451000...
Train loss @ 451000:  0.075568445
Completing iteration 451250...
Completing iteration 451500...
Train loss @ 451500:  0.07545084
Completing iteration 451750...
Average Corr0.17035322709154763, MSE 0.18394730985164642, 1D N/A
Completing iteration 452000...
Train loss @ 452000:  0.07546281
Completing iteration 452250...
Completing iteration 452500...
Train loss @ 452500:  0.07543762
Completing iteration 452750...
Completing iteration 453000...
Train loss @ 453000:  0.07579173
Completing iteration 453250...
Completing iteration 453500...
Train loss @ 453500:  0.0755542
Completing iteration 453750...
Average Corr0.20563949849794275, MSE 0.17416343092918396, 1D N/A
Completing iteration 454000...
Train loss @ 454000:  0.07540978
Completing iteration 454250...
Completing iteration 454500...
Train loss @ 454500:  0.07549402
Completing iteration 454750...
Completing iteration 455000...
Train loss @ 455000:  0.075367324
Completing iteration 455250...
Completing iteration 455500...
Train loss @ 455500:  0.075101785
Completing iteration 455750...
Average Corr0.20338799102136626, MSE 0.18974900245666504, 1D N/A
Completing iteration 456000...
Train loss @ 456000:  0.07508017
Completing iteration 456250...
Completing iteration 456500...
Train loss @ 456500:  0.07539305
Completing iteration 456750...
Completing iteration 457000...
Train loss @ 457000:  0.07523874
Completing iteration 457250...
Completing iteration 457500...
Train loss @ 457500:  0.07515004
Completing iteration 457750...
Average Corr0.20496897392200153, MSE 0.1944427192211151, 1D N/A
Completing iteration 458000...
Train loss @ 458000:  0.07529119
Completing iteration 458250...
Completing iteration 458500...
Train loss @ 458500:  0.0750209
Completing iteration 458750...
Completing iteration 459000...
Train loss @ 459000:  0.07505691
Completing iteration 459250...
Completing iteration 459500...
Train loss @ 459500:  0.074877836
Completing iteration 459750...
Average Corr0.19599268099725028, MSE 0.16999369859695435, 1D N/A
Completing iteration 460000...
Train loss @ 460000:  0.075372145
Completing iteration 460250...
Completing iteration 460500...
Train loss @ 460500:  0.0756021
Completing iteration 460750...
Completing iteration 461000...
Train loss @ 461000:  0.07518002
Completing iteration 461250...
Completing iteration 461500...
Train loss @ 461500:  0.07553815
Completing iteration 461750...
Average Corr0.2043414056512436, MSE 0.17351770401000977, 1D N/A
Completing iteration 462000...
Train loss @ 462000:  0.0752191
Completing iteration 462250...
Completing iteration 462500...
Train loss @ 462500:  0.07541199
Completing iteration 462750...
Completing iteration 463000...
Train loss @ 463000:  0.075296685
Completing iteration 463250...
Completing iteration 463500...
Train loss @ 463500:  0.07525658
Completing iteration 463750...
Average Corr0.18885191171080204, MSE 0.17131510376930237, 1D N/A
Completing iteration 464000...
Train loss @ 464000:  0.07546354
Completing iteration 464250...
Completing iteration 464500...
Train loss @ 464500:  0.074941315
Completing iteration 464750...
Completing iteration 465000...
Train loss @ 465000:  0.0752977
Completing iteration 465250...
Completing iteration 465500...
Train loss @ 465500:  0.07505156
Completing iteration 465750...
Average Corr0.2038367111324526, MSE 0.18113839626312256, 1D N/A
Completing iteration 466000...
Train loss @ 466000:  0.07494207
Completing iteration 466250...
Completing iteration 466500...
Train loss @ 466500:  0.07474522
Completing iteration 466750...
Completing iteration 467000...
Train loss @ 467000:  0.074927844
Completing iteration 467250...
Completing iteration 467500...
Train loss @ 467500:  0.0751577
Completing iteration 467750...
Average Corr0.20934596572630268, MSE 0.1798192709684372, 1D N/A
Completing iteration 468000...
Train loss @ 468000:  0.074873194
Completing iteration 468250...
Completing iteration 468500...
Train loss @ 468500:  0.07506293
Completing iteration 468750...
Completing iteration 469000...
Train loss @ 469000:  0.07494009
Completing iteration 469250...
Completing iteration 469500...
Train loss @ 469500:  0.07469197
Completing iteration 469750...
Average Corr0.2214290670480546, MSE 0.17853881418704987, 1D N/A
Completing iteration 470000...
Train loss @ 470000:  0.0747344
Completing iteration 470250...
Completing iteration 470500...
Train loss @ 470500:  0.07487699
Completing iteration 470750...
Completing iteration 471000...
Train loss @ 471000:  0.07513871
Completing iteration 471250...
Completing iteration 471500...
Train loss @ 471500:  0.07523321
Completing iteration 471750...
Average Corr0.22679736517889285, MSE 0.1941445767879486, 1D N/A
Completing iteration 472000...
Train loss @ 472000:  0.07470622
Completing iteration 472250...
Completing iteration 472500...
Train loss @ 472500:  0.07458023
Completing iteration 472750...
Completing iteration 473000...
Train loss @ 473000:  0.07475015
Completing iteration 473250...
Completing iteration 473500...
Train loss @ 473500:  0.07475387
Completing iteration 473750...
Average Corr0.1952789609841091, MSE 0.17262683808803558, 1D N/A
Completing iteration 474000...
Train loss @ 474000:  0.07480222
Completing iteration 474250...
Completing iteration 474500...
Train loss @ 474500:  0.07460489
Completing iteration 474750...
Completing iteration 475000...
Train loss @ 475000:  0.07448741
Completing iteration 475250...
Completing iteration 475500...
Train loss @ 475500:  0.07432991
Completing iteration 475750...
Average Corr0.19842070412100232, MSE 0.18105022609233856, 1D N/A
Completing iteration 476000...
Train loss @ 476000:  0.07437735
Completing iteration 476250...
Completing iteration 476500...
Train loss @ 476500:  0.07490741
Completing iteration 476750...
Completing iteration 477000...
Train loss @ 477000:  0.07484652
Completing iteration 477250...
Completing iteration 477500...
Train loss @ 477500:  0.07457761
Completing iteration 477750...
Average Corr0.21551166762383836, MSE 0.1705510914325714, 1D N/A
Completing iteration 478000...
Train loss @ 478000:  0.07498696
Completing iteration 478250...
slurmstepd: error: *** JOB 2141752 ON adroit-h11g3 CANCELLED AT 2024-05-04T11:22:42 DUE TO TIME LIMIT ***
