Training transformer model.
Not using SWA.
Attempting to load models...
saved model loaded
Beginning training loop...
Completing iteration 136000...
Train loss @ 136000:  0.11123887
Completing iteration 136250...
Completing iteration 136500...
Train loss @ 136500:  0.1076615
Completing iteration 136750...
Completing iteration 137000...
Train loss @ 137000:  0.10817722
Completing iteration 137250...
Completing iteration 137500...
Train loss @ 137500:  0.107909024
Completing iteration 137750...
Average Corr0.17878594466980238, MSE 0.17946933209896088, 1D N/A
Completing iteration 138000...
Train loss @ 138000:  0.10789747
Completing iteration 138250...
Completing iteration 138500...
Train loss @ 138500:  0.10757258
Completing iteration 138750...
Completing iteration 139000...
Train loss @ 139000:  0.10760727
Completing iteration 139250...
Completing iteration 139500...
Train loss @ 139500:  0.10760747
Completing iteration 139750...
Average Corr0.17393419661510767, MSE 0.1793214976787567, 1D N/A
Completing iteration 140000...
Train loss @ 140000:  0.10709074
Completing iteration 140250...
Completing iteration 140500...
Train loss @ 140500:  0.10726581
Completing iteration 140750...
Completing iteration 141000...
Train loss @ 141000:  0.10714004
Completing iteration 141250...
Completing iteration 141500...
Train loss @ 141500:  0.10753719
Completing iteration 141750...
Average Corr0.19296462879002643, MSE 0.18144339323043823, 1D N/A
Completing iteration 142000...
Train loss @ 142000:  0.1066608
Completing iteration 142250...
Completing iteration 142500...
Train loss @ 142500:  0.10609308
Completing iteration 142750...
Completing iteration 143000...
Train loss @ 143000:  0.10595974
Completing iteration 143250...
Completing iteration 143500...
Train loss @ 143500:  0.10628252
Completing iteration 143750...
Average Corr0.1648236088040234, MSE 0.17940132319927216, 1D N/A
Completing iteration 144000...
Train loss @ 144000:  0.10629407
Completing iteration 144250...
Completing iteration 144500...
Train loss @ 144500:  0.1053918
Completing iteration 144750...
Completing iteration 145000...
Train loss @ 145000:  0.10644882
Completing iteration 145250...
Completing iteration 145500...
Train loss @ 145500:  0.105946206
Completing iteration 145750...
Average Corr0.1881734318205215, MSE 0.18275952339172363, 1D N/A
Completing iteration 146000...
Train loss @ 146000:  0.105795875
Completing iteration 146250...
Completing iteration 146500...
Train loss @ 146500:  0.10617514
Completing iteration 146750...
Completing iteration 147000...
Train loss @ 147000:  0.10542261
Completing iteration 147250...
Completing iteration 147500...
Train loss @ 147500:  0.10561821
Completing iteration 147750...
Average Corr0.19047169538715011, MSE 0.17792908847332, 1D N/A
Completing iteration 148000...
Train loss @ 148000:  0.10582123
Completing iteration 148250...
Completing iteration 148500...
Train loss @ 148500:  0.10543217
Completing iteration 148750...
Completing iteration 149000...
Train loss @ 149000:  0.10558867
Completing iteration 149250...
Completing iteration 149500...
Train loss @ 149500:  0.10506459
Completing iteration 149750...
Average Corr0.1880038621994239, MSE 0.17597262561321259, 1D N/A
Completing iteration 150000...
Train loss @ 150000:  0.10488422
Completing iteration 150250...
Completing iteration 150500...
Train loss @ 150500:  0.104247466
Completing iteration 150750...
Completing iteration 151000...
Train loss @ 151000:  0.10443194
Completing iteration 151250...
Completing iteration 151500...
Train loss @ 151500:  0.104736894
Completing iteration 151750...
Average Corr0.18051141195273374, MSE 0.1794443428516388, 1D N/A
Completing iteration 152000...
Train loss @ 152000:  0.104960404
Completing iteration 152250...
Completing iteration 152500...
Train loss @ 152500:  0.10431813
Completing iteration 152750...
Completing iteration 153000...
Train loss @ 153000:  0.10464835
Completing iteration 153250...
Completing iteration 153500...
Train loss @ 153500:  0.10470547
Completing iteration 153750...
Average Corr0.18870126493764325, MSE 0.17979735136032104, 1D N/A
Completing iteration 154000...
Train loss @ 154000:  0.10463712
Completing iteration 154250...
Completing iteration 154500...
Train loss @ 154500:  0.10397981
Completing iteration 154750...
Completing iteration 155000...
Train loss @ 155000:  0.103414774
Completing iteration 155250...
Completing iteration 155500...
Train loss @ 155500:  0.10407016
Completing iteration 155750...
Average Corr0.17450806503056188, MSE 0.18067394196987152, 1D N/A
Completing iteration 156000...
Train loss @ 156000:  0.10357991
Completing iteration 156250...
Completing iteration 156500...
Train loss @ 156500:  0.10317797
Completing iteration 156750...
Completing iteration 157000...
Train loss @ 157000:  0.103191525
Completing iteration 157250...
Completing iteration 157500...
Train loss @ 157500:  0.10291838
Completing iteration 157750...
Average Corr0.1719579552536502, MSE 0.1791713833808899, 1D N/A
Completing iteration 158000...
Train loss @ 158000:  0.1031186
Completing iteration 158250...
Completing iteration 158500...
Train loss @ 158500:  0.103701144
Completing iteration 158750...
Completing iteration 159000...
Train loss @ 159000:  0.103068605
Completing iteration 159250...
Completing iteration 159500...
Train loss @ 159500:  0.10274797
Completing iteration 159750...
Average Corr0.17570150935698656, MSE 0.177667498588562, 1D N/A
Completing iteration 160000...
Train loss @ 160000:  0.10264313
Completing iteration 160250...
Completing iteration 160500...
Train loss @ 160500:  0.1024221
Completing iteration 160750...
Completing iteration 161000...
Train loss @ 161000:  0.102725744
Completing iteration 161250...
Completing iteration 161500...
Train loss @ 161500:  0.102497086
Completing iteration 161750...
Average Corr0.1579826989465876, MSE 0.1816321611404419, 1D N/A
Completing iteration 162000...
Train loss @ 162000:  0.10248563
Completing iteration 162250...
Completing iteration 162500...
Train loss @ 162500:  0.102265455
Completing iteration 162750...
Completing iteration 163000...
Train loss @ 163000:  0.10226921
Completing iteration 163250...
Completing iteration 163500...
Train loss @ 163500:  0.10211151
Completing iteration 163750...
Average Corr0.1953543565967227, MSE 0.17643940448760986, 1D N/A
Completing iteration 164000...
Train loss @ 164000:  0.10161879
Completing iteration 164250...
Completing iteration 164500...
Train loss @ 164500:  0.10179691
Completing iteration 164750...
Completing iteration 165000...
Train loss @ 165000:  0.101883285
Completing iteration 165250...
Completing iteration 165500...
Train loss @ 165500:  0.100991376
Completing iteration 165750...
Average Corr0.19904268389619362, MSE 0.18126651644706726, 1D N/A
Completing iteration 166000...
Train loss @ 166000:  0.101521544
Completing iteration 166250...
Completing iteration 166500...
Train loss @ 166500:  0.101274125
Completing iteration 166750...
Completing iteration 167000...
Train loss @ 167000:  0.10070705
Completing iteration 167250...
Completing iteration 167500...
Train loss @ 167500:  0.101012334
Completing iteration 167750...
Average Corr0.17616128281118312, MSE 0.18521733582019806, 1D N/A
Completing iteration 168000...
Train loss @ 168000:  0.10084247
Completing iteration 168250...
Completing iteration 168500...
Train loss @ 168500:  0.10103221
Completing iteration 168750...
Completing iteration 169000...
Train loss @ 169000:  0.10097438
Completing iteration 169250...
Completing iteration 169500...
Train loss @ 169500:  0.10039316
Completing iteration 169750...
Average Corr0.1449212156982606, MSE 0.18276390433311462, 1D N/A
Completing iteration 170000...
Train loss @ 170000:  0.10074147
Completing iteration 170250...
Completing iteration 170500...
Train loss @ 170500:  0.10021102
Completing iteration 170750...
Completing iteration 171000...
Train loss @ 171000:  0.100334994
Completing iteration 171250...
Completing iteration 171500...
Train loss @ 171500:  0.09979169
Completing iteration 171750...
Average Corr0.18989021438273135, MSE 0.17856304347515106, 1D N/A
Completing iteration 172000...
Train loss @ 172000:  0.100213945
Completing iteration 172250...
Completing iteration 172500...
Train loss @ 172500:  0.09984889
Completing iteration 172750...
Completing iteration 173000...
Train loss @ 173000:  0.09957609
Completing iteration 173250...
Completing iteration 173500...
Train loss @ 173500:  0.100023165
Completing iteration 173750...
Average Corr0.16831040231771635, MSE 0.1806628406047821, 1D N/A
Completing iteration 174000...
Train loss @ 174000:  0.09993959
Completing iteration 174250...
Completing iteration 174500...
Train loss @ 174500:  0.09947717
Completing iteration 174750...
Completing iteration 175000...
Train loss @ 175000:  0.09956714
Completing iteration 175250...
Completing iteration 175500...
Train loss @ 175500:  0.099294744
Completing iteration 175750...
Average Corr0.17088825538355118, MSE 0.17985492944717407, 1D N/A
Completing iteration 176000...
Train loss @ 176000:  0.099271186
Completing iteration 176250...
Completing iteration 176500...
Train loss @ 176500:  0.09948026
Completing iteration 176750...
Completing iteration 177000...
Train loss @ 177000:  0.09938424
Completing iteration 177250...
Completing iteration 177500...
Train loss @ 177500:  0.09943306
Completing iteration 177750...
Average Corr0.16390714007041532, MSE 0.17945660650730133, 1D N/A
Completing iteration 178000...
Train loss @ 178000:  0.099373676
Completing iteration 178250...
Completing iteration 178500...
Train loss @ 178500:  0.09910933
Completing iteration 178750...
Completing iteration 179000...
Train loss @ 179000:  0.09873927
Completing iteration 179250...
Completing iteration 179500...
Train loss @ 179500:  0.09889111
Completing iteration 179750...
Average Corr0.19375276207551093, MSE 0.17603033781051636, 1D N/A
Completing iteration 180000...
Train loss @ 180000:  0.099163234
Completing iteration 180250...
Completing iteration 180500...
Train loss @ 180500:  0.0991134
Completing iteration 180750...
Completing iteration 181000...
Train loss @ 181000:  0.09810113
Completing iteration 181250...
Completing iteration 181500...
Train loss @ 181500:  0.09798389
Completing iteration 181750...
Average Corr0.1503640015287255, MSE 0.1835167109966278, 1D N/A
Completing iteration 182000...
Train loss @ 182000:  0.09777126
Completing iteration 182250...
Completing iteration 182500...
Train loss @ 182500:  0.098041065
Completing iteration 182750...
Completing iteration 183000...
Train loss @ 183000:  0.09823594
Completing iteration 183250...
Completing iteration 183500...
Train loss @ 183500:  0.0977083
Completing iteration 183750...
Average Corr0.18388469491894527, MSE 0.1829354465007782, 1D N/A
Completing iteration 184000...
Train loss @ 184000:  0.09781987
Completing iteration 184250...
Completing iteration 184500...
Train loss @ 184500:  0.09796744
Completing iteration 184750...
Completing iteration 185000...
Train loss @ 185000:  0.09804161
Completing iteration 185250...
Completing iteration 185500...
Train loss @ 185500:  0.09709824
Completing iteration 185750...
Average Corr0.1848526037926228, MSE 0.17775630950927734, 1D N/A
Completing iteration 186000...
Train loss @ 186000:  0.09776663
Completing iteration 186250...
Completing iteration 186500...
Train loss @ 186500:  0.097595744
Completing iteration 186750...
Completing iteration 187000...
Train loss @ 187000:  0.09771992
Completing iteration 187250...
Completing iteration 187500...
Train loss @ 187500:  0.096645325
Completing iteration 187750...
Average Corr0.1878706645473166, MSE 0.1804402768611908, 1D N/A
Completing iteration 188000...
Train loss @ 188000:  0.09667577
Completing iteration 188250...
Completing iteration 188500...
Train loss @ 188500:  0.09667763
Completing iteration 188750...
Completing iteration 189000...
Train loss @ 189000:  0.096388824
Completing iteration 189250...
Completing iteration 189500...
Train loss @ 189500:  0.096161395
Completing iteration 189750...
Average Corr0.183255681331944, MSE 0.17682161927223206, 1D N/A
Completing iteration 190000...
Train loss @ 190000:  0.09661415
Completing iteration 190250...
Completing iteration 190500...
Train loss @ 190500:  0.09543912
Completing iteration 190750...
Completing iteration 191000...
Train loss @ 191000:  0.09615728
Completing iteration 191250...
Completing iteration 191500...
Train loss @ 191500:  0.09601039
Completing iteration 191750...
Average Corr0.19230617713967757, MSE 0.1765339970588684, 1D N/A
Completing iteration 192000...
Train loss @ 192000:  0.09581595
Completing iteration 192250...
Completing iteration 192500...
Train loss @ 192500:  0.09588838
Completing iteration 192750...
Completing iteration 193000...
Train loss @ 193000:  0.09612577
Completing iteration 193250...
Completing iteration 193500...
Train loss @ 193500:  0.09538367
Completing iteration 193750...
Average Corr0.19290671057583048, MSE 0.1789320409297943, 1D N/A
Completing iteration 194000...
Train loss @ 194000:  0.095079236
Completing iteration 194250...
Completing iteration 194500...
Train loss @ 194500:  0.095305815
Completing iteration 194750...
Completing iteration 195000...
Train loss @ 195000:  0.09528464
Completing iteration 195250...
Completing iteration 195500...
Train loss @ 195500:  0.09540411
Completing iteration 195750...
Average Corr0.18620627290507089, MSE 0.1765013039112091, 1D N/A
Completing iteration 196000...
Train loss @ 196000:  0.09514631
Completing iteration 196250...
Completing iteration 196500...
Train loss @ 196500:  0.095272414
Completing iteration 196750...
Completing iteration 197000...
Train loss @ 197000:  0.09487059
Completing iteration 197250...
Completing iteration 197500...
Train loss @ 197500:  0.09534469
Completing iteration 197750...
Average Corr0.18732584603274482, MSE 0.17732782661914825, 1D N/A
Completing iteration 198000...
Train loss @ 198000:  0.094663605
Completing iteration 198250...
Completing iteration 198500...
Train loss @ 198500:  0.09482488
Completing iteration 198750...
Completing iteration 199000...
Train loss @ 199000:  0.09489198
Completing iteration 199250...
Completing iteration 199500...
Train loss @ 199500:  0.094547026
Completing iteration 199750...
Average Corr0.17932285226177716, MSE 0.17810365557670593, 1D N/A
Completing iteration 200000...
Train loss @ 200000:  0.09487443
Completing iteration 200250...
Completing iteration 200500...
Train loss @ 200500:  0.094764486
Completing iteration 200750...
Completing iteration 201000...
Train loss @ 201000:  0.09428106
Completing iteration 201250...
Completing iteration 201500...
Train loss @ 201500:  0.09418448
Completing iteration 201750...
Average Corr0.1870870691735088, MSE 0.17658394575119019, 1D N/A
Completing iteration 202000...
Train loss @ 202000:  0.094761185
Completing iteration 202250...
Completing iteration 202500...
Train loss @ 202500:  0.094486006
Completing iteration 202750...
Completing iteration 203000...
Train loss @ 203000:  0.094359204
Completing iteration 203250...
Completing iteration 203500...
Train loss @ 203500:  0.09384856
Completing iteration 203750...
Average Corr0.18631045100624943, MSE 0.17512603104114532, 1D N/A
Completing iteration 204000...
Train loss @ 204000:  0.094681084
Completing iteration 204250...
Completing iteration 204500...
Train loss @ 204500:  0.09416286
Completing iteration 204750...
Completing iteration 205000...
Train loss @ 205000:  0.09441821
Completing iteration 205250...
Completing iteration 205500...
Train loss @ 205500:  0.09468611
Completing iteration 205750...
Average Corr0.19124265544482316, MSE 0.17935524880886078, 1D N/A
Completing iteration 206000...
Train loss @ 206000:  0.09469996
Completing iteration 206250...
Completing iteration 206500...
Train loss @ 206500:  0.09401345
Completing iteration 206750...
Completing iteration 207000...
Train loss @ 207000:  0.09352682
Completing iteration 207250...
Completing iteration 207500...
Train loss @ 207500:  0.093474835
Completing iteration 207750...
Average Corr0.18245033359240856, MSE 0.17734423279762268, 1D N/A
Completing iteration 208000...
Train loss @ 208000:  0.09352554
Completing iteration 208250...
Completing iteration 208500...
Train loss @ 208500:  0.09342306
Completing iteration 208750...
Completing iteration 209000...
Train loss @ 209000:  0.093400255
Completing iteration 209250...
Completing iteration 209500...
Train loss @ 209500:  0.093526594
Completing iteration 209750...
Average Corr0.1663527440147547, MSE 0.18076950311660767, 1D N/A
Completing iteration 210000...
Train loss @ 210000:  0.09323506
Completing iteration 210250...
Completing iteration 210500...
Train loss @ 210500:  0.09303619
Completing iteration 210750...
Completing iteration 211000...
Train loss @ 211000:  0.0927157
Completing iteration 211250...
Completing iteration 211500...
Train loss @ 211500:  0.0927033
Completing iteration 211750...
Average Corr0.19346072563852232, MSE 0.17987596988677979, 1D N/A
Completing iteration 212000...
Train loss @ 212000:  0.09299441
Completing iteration 212250...
Completing iteration 212500...
Train loss @ 212500:  0.09257027
Completing iteration 212750...
Completing iteration 213000...
Train loss @ 213000:  0.09252785
Completing iteration 213250...
Completing iteration 213500...
Train loss @ 213500:  0.09285386
Completing iteration 213750...
Average Corr0.1810857279738365, MSE 0.1753608137369156, 1D N/A
Completing iteration 214000...
Train loss @ 214000:  0.092367664
Completing iteration 214250...
Completing iteration 214500...
Train loss @ 214500:  0.092554465
Completing iteration 214750...
Completing iteration 215000...
Train loss @ 215000:  0.0924869
Completing iteration 215250...
Completing iteration 215500...
Train loss @ 215500:  0.092379496
Completing iteration 215750...
Average Corr0.1852077136631321, MSE 0.17702043056488037, 1D N/A
Completing iteration 216000...
Train loss @ 216000:  0.09229159
Completing iteration 216250...
Completing iteration 216500...
Train loss @ 216500:  0.0919822
Completing iteration 216750...
Completing iteration 217000...
Train loss @ 217000:  0.09195909
Completing iteration 217250...
Completing iteration 217500...
Train loss @ 217500:  0.092141576
Completing iteration 217750...
Average Corr0.18140490573704401, MSE 0.17756909132003784, 1D N/A
Completing iteration 218000...
Train loss @ 218000:  0.09185779
Completing iteration 218250...
Completing iteration 218500...
Train loss @ 218500:  0.09223547
Completing iteration 218750...
Completing iteration 219000...
Train loss @ 219000:  0.091634125
Completing iteration 219250...
Completing iteration 219500...
Train loss @ 219500:  0.09186049
Completing iteration 219750...
Average Corr0.18270152034920503, MSE 0.17894583940505981, 1D N/A
Completing iteration 220000...
Train loss @ 220000:  0.09173525
Completing iteration 220250...
Completing iteration 220500...
Train loss @ 220500:  0.09162836
Completing iteration 220750...
Completing iteration 221000...
Train loss @ 221000:  0.09178745
Completing iteration 221250...
Completing iteration 221500...
Train loss @ 221500:  0.09142006
Completing iteration 221750...
Average Corr0.18658659960711255, MSE 0.17516307532787323, 1D N/A
Completing iteration 222000...
Train loss @ 222000:  0.09120329
Completing iteration 222250...
Completing iteration 222500...
Train loss @ 222500:  0.091493644
Completing iteration 222750...
Completing iteration 223000...
Train loss @ 223000:  0.09085272
Completing iteration 223250...
Completing iteration 223500...
Train loss @ 223500:  0.091141045
Completing iteration 223750...
Average Corr0.19051898337913828, MSE 0.17495864629745483, 1D N/A
Completing iteration 224000...
Train loss @ 224000:  0.09122307
Completing iteration 224250...
Completing iteration 224500...
Train loss @ 224500:  0.09110589
Completing iteration 224750...
Completing iteration 225000...
Train loss @ 225000:  0.09142364
Completing iteration 225250...
Completing iteration 225500...
Train loss @ 225500:  0.09116214
Completing iteration 225750...
Average Corr0.19638250414334565, MSE 0.17528873682022095, 1D N/A
Completing iteration 226000...
Train loss @ 226000:  0.09095192
Completing iteration 226250...
Completing iteration 226500...
Train loss @ 226500:  0.090278834
Completing iteration 226750...
Completing iteration 227000...
Train loss @ 227000:  0.09072746
Completing iteration 227250...
Completing iteration 227500...
Train loss @ 227500:  0.0906765
Completing iteration 227750...
Average Corr0.18171605312857833, MSE 0.17802837491035461, 1D N/A
Completing iteration 228000...
Train loss @ 228000:  0.090697534
Completing iteration 228250...
Completing iteration 228500...
Train loss @ 228500:  0.09099122
Completing iteration 228750...
Completing iteration 229000...
Train loss @ 229000:  0.09074891
Completing iteration 229250...
Completing iteration 229500...
Train loss @ 229500:  0.09032543
Completing iteration 229750...
Average Corr0.1982818057696605, MSE 0.17440828680992126, 1D N/A
Completing iteration 230000...
Train loss @ 230000:  0.090606235
Completing iteration 230250...
Completing iteration 230500...
Train loss @ 230500:  0.09047934
Completing iteration 230750...
Completing iteration 231000...
Train loss @ 231000:  0.0902489
Completing iteration 231250...
Completing iteration 231500...
Train loss @ 231500:  0.09071771
Completing iteration 231750...
Average Corr0.1909177863329003, MSE 0.17497602105140686, 1D N/A
Completing iteration 232000...
Train loss @ 232000:  0.090077214
Completing iteration 232250...
Completing iteration 232500...
Train loss @ 232500:  0.08996508
Completing iteration 232750...
Completing iteration 233000...
Train loss @ 233000:  0.08981831
Completing iteration 233250...
Completing iteration 233500...
Train loss @ 233500:  0.08959523
Completing iteration 233750...
Average Corr0.19674285310774547, MSE 0.1760312020778656, 1D N/A
Completing iteration 234000...
Train loss @ 234000:  0.08977683
Completing iteration 234250...
Completing iteration 234500...
Train loss @ 234500:  0.089693874
Completing iteration 234750...
Completing iteration 235000...
Train loss @ 235000:  0.0898002
Completing iteration 235250...
Completing iteration 235500...
Train loss @ 235500:  0.0894404
Completing iteration 235750...
Average Corr0.19720901769443513, MSE 0.17624527215957642, 1D N/A
Completing iteration 236000...
Train loss @ 236000:  0.09000073
Completing iteration 236250...
Completing iteration 236500...
Train loss @ 236500:  0.0893703
Completing iteration 236750...
Completing iteration 237000...
Train loss @ 237000:  0.08940834
Completing iteration 237250...
Completing iteration 237500...
Train loss @ 237500:  0.089547224
Completing iteration 237750...
Average Corr0.1969970194075647, MSE 0.17838871479034424, 1D N/A
Completing iteration 238000...
Train loss @ 238000:  0.08913586
Completing iteration 238250...
Completing iteration 238500...
Train loss @ 238500:  0.08940913
Completing iteration 238750...
Completing iteration 239000...
Train loss @ 239000:  0.08932677
Completing iteration 239250...
Completing iteration 239500...
Train loss @ 239500:  0.0894692
Completing iteration 239750...
Average Corr0.17829862350884154, MSE 0.17667320370674133, 1D N/A
Completing iteration 240000...
Train loss @ 240000:  0.089056484
Completing iteration 240250...
Completing iteration 240500...
Train loss @ 240500:  0.089241594
Completing iteration 240750...
Completing iteration 241000...
Train loss @ 241000:  0.088823974
Completing iteration 241250...
Completing iteration 241500...
Train loss @ 241500:  0.088850036
Completing iteration 241750...
Average Corr0.195614252649524, MSE 0.1766706109046936, 1D N/A
Completing iteration 242000...
Train loss @ 242000:  0.088836074
Completing iteration 242250...
Completing iteration 242500...
Train loss @ 242500:  0.08876638
Completing iteration 242750...
Completing iteration 243000...
Train loss @ 243000:  0.088532336
Completing iteration 243250...
Completing iteration 243500...
Train loss @ 243500:  0.088745356
Completing iteration 243750...
Average Corr0.19249639458888423, MSE 0.17475634813308716, 1D N/A
Completing iteration 244000...
Train loss @ 244000:  0.08866046
Completing iteration 244250...
Completing iteration 244500...
Train loss @ 244500:  0.088182755
Completing iteration 244750...
Completing iteration 245000...
Train loss @ 245000:  0.08849875
Completing iteration 245250...
Completing iteration 245500...
Train loss @ 245500:  0.08811118
Completing iteration 245750...
Average Corr0.19685291436702437, MSE 0.17388199269771576, 1D N/A
Completing iteration 246000...
Train loss @ 246000:  0.08846614
Completing iteration 246250...
Completing iteration 246500...
Train loss @ 246500:  0.088621184
Completing iteration 246750...
Completing iteration 247000...
Train loss @ 247000:  0.08834048
Completing iteration 247250...
Completing iteration 247500...
Train loss @ 247500:  0.08896489
Completing iteration 247750...
Average Corr0.19544598480275574, MSE 0.17479293048381805, 1D N/A
Completing iteration 248000...
Train loss @ 248000:  0.08803482
Completing iteration 248250...
Completing iteration 248500...
Train loss @ 248500:  0.08835769
Completing iteration 248750...
Completing iteration 249000...
Train loss @ 249000:  0.08814286
Completing iteration 249250...
Completing iteration 249500...
Train loss @ 249500:  0.088339165
Completing iteration 249750...
Average Corr0.1953097535384257, MSE 0.17565427720546722, 1D N/A
Completing iteration 250000...
Train loss @ 250000:  0.08841858
Completing iteration 250250...
Completing iteration 250500...
Train loss @ 250500:  0.08789882
Completing iteration 250750...
Completing iteration 251000...
Train loss @ 251000:  0.08786742
Completing iteration 251250...
Completing iteration 251500...
Train loss @ 251500:  0.088419594
Completing iteration 251750...
Average Corr0.2058132456766855, MSE 0.17450657486915588, 1D N/A
Completing iteration 252000...
Train loss @ 252000:  0.08832787
Completing iteration 252250...
Completing iteration 252500...
Train loss @ 252500:  0.088202894
Completing iteration 252750...
Completing iteration 253000...
Train loss @ 253000:  0.08799106
Completing iteration 253250...
Completing iteration 253500...
Train loss @ 253500:  0.087666266
Completing iteration 253750...
Average Corr0.1878022291795031, MSE 0.17701908946037292, 1D N/A
Completing iteration 254000...
Train loss @ 254000:  0.08785549
Completing iteration 254250...
Completing iteration 254500...
Train loss @ 254500:  0.08780142
Completing iteration 254750...
Completing iteration 255000...
Train loss @ 255000:  0.08767262
Completing iteration 255250...
Completing iteration 255500...
Train loss @ 255500:  0.087531924
Completing iteration 255750...
Average Corr0.19068453560624604, MSE 0.17928901314735413, 1D N/A
Completing iteration 256000...
Train loss @ 256000:  0.08803571
Completing iteration 256250...
slurmstepd: error: *** JOB 2101827 ON adroit-h11g3 CANCELLED AT 2024-04-29T01:32:39 DUE TO TIME LIMIT ***
