Training transformer model.
Not using SWA.
Attempting to load models...
saved model loaded
Beginning training loop...
Completing iteration 318000...
Train loss @ 318000:  0.16169426
Completing iteration 318250...
Completing iteration 318500...
Train loss @ 318500:  nan
Completing iteration 318750...
Completing iteration 319000...
Train loss @ 319000:  nan
Completing iteration 319250...
Completing iteration 319500...
Train loss @ 319500:  nan
Completing iteration 319750...
Traceback (most recent call last):
  File "/scratch/network/louisv/transorca/train/train_h1esc_a_TransDecBlur.py", line 223, in <module>
    pearsonr(
  File "/scratch/network/louisv/.conda/envs/orca_env/lib/python3.9/site-packages/scipy/stats/_stats_py.py", line 4796, in pearsonr
    normxm = linalg.norm(xm)
  File "/scratch/network/louisv/.conda/envs/orca_env/lib/python3.9/site-packages/scipy/linalg/_misc.py", line 146, in norm
    a = np.asarray_chkfinite(a)
  File "/scratch/network/louisv/.conda/envs/orca_env/lib/python3.9/site-packages/numpy/lib/function_base.py", line 627, in asarray_chkfinite
    raise ValueError(
ValueError: array must not contain infs or NaNs
