Not using SWA.
Attempting to load models...
saved model loaded
Beginning training loop...
Train loss @ 57000:  0.5090813
Train loss @ 57500:  0.47946253
Average Corr0.16777790479533083, MSE 0.18058094382286072, 1D 0.3278205990791321
Train loss @ 58000:  0.48004332
Train loss @ 58500:  0.4784988
Train loss @ 59000:  0.48264128
Train loss @ 59500:  0.47965446
Average Corr0.09308953621965879, MSE 0.21496137976646423, 1D 0.33237963914871216
Train loss @ 60000:  0.48295012
Train loss @ 60500:  0.48330024
Train loss @ 61000:  0.47947687
Train loss @ 61500:  0.48241276
Average Corr0.15320608459742555, MSE 0.19012713432312012, 1D 0.3285372257232666
Train loss @ 62000:  0.47933197
Train loss @ 62500:  0.48082745
Train loss @ 63000:  0.48417896
Train loss @ 63500:  0.48144153
Average Corr0.1784947246369214, MSE 0.1806541532278061, 1D 0.32777056097984314
Train loss @ 64000:  0.47909254
Train loss @ 64500:  0.47915277
Train loss @ 65000:  0.47886407
Train loss @ 65500:  0.48122588
Average Corr0.17525647277649573, MSE 0.1818026602268219, 1D 0.3291304111480713
Train loss @ 66000:  0.47960833
Train loss @ 66500:  0.48177058
Train loss @ 67000:  0.4818874
Train loss @ 67500:  0.4793448
Average Corr0.17660884862532578, MSE 0.17066910862922668, 1D 0.3274730443954468
Train loss @ 68000:  0.48168772
Train loss @ 68500:  0.48175475
Train loss @ 69000:  0.48014152
Train loss @ 69500:  0.4789914
Average Corr0.144180057864816, MSE 0.1968754678964615, 1D 0.330116331577301
Train loss @ 70000:  0.4786936
Train loss @ 70500:  0.47999853
Train loss @ 71000:  0.4813972
Train loss @ 71500:  0.47850874
Average Corr0.14525933697570284, MSE 0.17939338088035583, 1D 0.32795125246047974
Train loss @ 72000:  0.48056364
Train loss @ 72500:  0.4802051
Train loss @ 73000:  0.48072234
Train loss @ 73500:  0.4773967
Average Corr0.15292966952117157, MSE 0.18067820370197296, 1D 0.3271487355232239
Train loss @ 74000:  0.48148993
Train loss @ 74500:  0.4800839
Train loss @ 75000:  0.48335147
Train loss @ 75500:  0.48122022
Average Corr0.0776397078296452, MSE 0.2829914689064026, 1D 0.3316473364830017
Train loss @ 76000:  0.47915304
Train loss @ 76500:  0.4839633
Train loss @ 77000:  0.47884038
Train loss @ 77500:  0.47875342
Average Corr0.18477921047332743, MSE 0.17272262275218964, 1D 0.3279390335083008
Train loss @ 78000:  0.48091224
Train loss @ 78500:  0.4803252
Train loss @ 79000:  0.48144194
Train loss @ 79500:  0.48392352
Average Corr0.17516521423052633, MSE 0.17405037581920624, 1D 0.3309609293937683
Train loss @ 80000:  0.47996518
Train loss @ 80500:  0.48193648
Train loss @ 81000:  0.481464
Train loss @ 81500:  0.47840685
Average Corr0.1776576703631541, MSE 0.1829293966293335, 1D 0.3274874985218048
Train loss @ 82000:  0.48191792
Train loss @ 82500:  0.47891107
Train loss @ 83000:  0.47789577
Train loss @ 83500:  0.4813548
Average Corr0.12120451013687963, MSE 0.2186995893716812, 1D 0.330613374710083
Train loss @ 84000:  0.48041424
Train loss @ 84500:  0.4764472
Train loss @ 85000:  0.48216292
Train loss @ 85500:  0.47724754
Average Corr0.18688990760003357, MSE 0.17605982720851898, 1D 0.32703906297683716
Train loss @ 86000:  0.48122737
Train loss @ 86500:  0.4795104
Train loss @ 87000:  0.48062035
Train loss @ 87500:  0.4805327
Average Corr0.14828780384027432, MSE 0.21288244426250458, 1D 0.32786867022514343
Train loss @ 88000:  0.48067293
Train loss @ 88500:  0.4797536
Train loss @ 89000:  0.47848254
Train loss @ 89500:  0.4783139
Average Corr0.1546278230056035, MSE 0.19273367524147034, 1D 0.3320581912994385
Train loss @ 90000:  0.47891977
Train loss @ 90500:  0.47852
Train loss @ 91000:  0.47991106
Train loss @ 91500:  0.47717923
Average Corr0.08691394466606688, MSE 0.24590060114860535, 1D 0.3320903778076172
Train loss @ 92000:  0.47835448
Train loss @ 92500:  0.47783363
Train loss @ 93000:  0.47888222
Train loss @ 93500:  0.47799343
Average Corr0.14529462309903254, MSE 0.20319467782974243, 1D 0.3284781873226166
Train loss @ 94000:  0.4778031
Train loss @ 94500:  0.47823206
Train loss @ 95000:  0.47718865
Train loss @ 95500:  0.47840354
Average Corr0.14008377403096553, MSE 0.19810868799686432, 1D 0.3332686722278595
Train loss @ 96000:  0.47670627
Train loss @ 96500:  0.47685516
Train loss @ 97000:  0.47799566
Train loss @ 97500:  0.4781567
Average Corr0.18189577874325685, MSE 0.1747303307056427, 1D 0.333166241645813
Train loss @ 98000:  0.48064086
Train loss @ 98500:  0.47927642
Train loss @ 99000:  0.477633
Train loss @ 99500:  0.47746316
Average Corr0.12725817242061158, MSE 0.20178863406181335, 1D 0.3328837752342224
Train loss @ 100000:  0.4758087
Train loss @ 100500:  0.47686103
Train loss @ 101000:  0.47931036
Train loss @ 101500:  0.47885662
Average Corr0.16788209842177282, MSE 0.1966450959444046, 1D 0.32870060205459595
Train loss @ 102000:  0.47978917
Train loss @ 102500:  0.47715962
Train loss @ 103000:  0.47794402
Train loss @ 103500:  0.4765776
Average Corr0.17723069356632734, MSE 0.17519867420196533, 1D 0.3294251561164856
Train loss @ 104000:  0.47683117
Train loss @ 104500:  0.47349483
Train loss @ 105000:  0.47802243
Train loss @ 105500:  0.47760797
Average Corr0.16476921142871734, MSE 0.1763804852962494, 1D 0.3263556957244873
Train loss @ 106000:  0.47833747
Train loss @ 106500:  0.47762933
Train loss @ 107000:  0.4782259
Train loss @ 107500:  0.47878918
Average Corr0.17184069816952155, MSE 0.17354631423950195, 1D 0.3302648663520813
Train loss @ 108000:  0.47829163
Train loss @ 108500:  0.4767868
Train loss @ 109000:  0.47821936
Train loss @ 109500:  0.4781582
Average Corr0.19528465239304665, MSE 0.1727856695652008, 1D 0.32739025354385376
Train loss @ 110000:  0.47759095
Train loss @ 110500:  0.47607574
Train loss @ 111000:  0.4794803
Train loss @ 111500:  0.4742348
Average Corr0.15718502916067661, MSE 0.21896633505821228, 1D 0.32606059312820435
Train loss @ 112000:  0.47746253
Train loss @ 112500:  0.47789687
Train loss @ 113000:  0.477125
Train loss @ 113500:  0.47931805
Average Corr0.2043023644040315, MSE 0.16968321800231934, 1D 0.3265743851661682
Train loss @ 114000:  0.47533733
Train loss @ 114500:  0.47906005
Train loss @ 115000:  0.4782006
Train loss @ 115500:  0.47780854
Average Corr0.11311462492348658, MSE 0.25703442096710205, 1D 0.33270686864852905
Train loss @ 116000:  0.47738105
Train loss @ 116500:  0.4765597
Train loss @ 117000:  0.47637528
Train loss @ 117500:  0.47774184
Average Corr0.12883221266486902, MSE 0.21815559267997742, 1D 0.3292323350906372
Train loss @ 118000:  0.47497553
Train loss @ 118500:  0.47794268
Train loss @ 119000:  0.47758985
Train loss @ 119500:  0.47517198
Average Corr0.1743638072290213, MSE 0.1713334619998932, 1D 0.3299034833908081
Train loss @ 120000:  0.47556794
Train loss @ 120500:  0.47806135
Train loss @ 121000:  0.47482824
Train loss @ 121500:  0.4773597
Average Corr0.16058033726779491, MSE 0.21523109078407288, 1D 0.3302469551563263
Train loss @ 122000:  0.48070374
Train loss @ 122500:  0.47597498
Train loss @ 123000:  0.47895068
Train loss @ 123500:  0.47744843
Average Corr0.11770383559688512, MSE 0.2375209927558899, 1D 0.33181828260421753
Train loss @ 124000:  0.47793564
Train loss @ 124500:  0.47445557
Train loss @ 125000:  0.47948653
Train loss @ 125500:  0.47716373
Average Corr0.17455564139078597, MSE 0.19101807475090027, 1D 0.32614073157310486
Train loss @ 126000:  0.47810084
Train loss @ 126500:  0.47832826
Train loss @ 127000:  0.47660857
Train loss @ 127500:  0.4770705
Average Corr0.17746910886134282, MSE 0.17241191864013672, 1D 0.3297266960144043
Train loss @ 128000:  0.47663593
Train loss @ 128500:  0.47517273
Train loss @ 129000:  0.476261
Train loss @ 129500:  0.47527838
slurmstepd: error: *** JOB 2068809 ON adroit-h11g2 CANCELLED AT 2024-04-11T15:39:53 DUE TO TIME LIMIT ***
