Training transformer model.
Not using SWA.
Attempting to load models...
no saved model found!
no saved optimizer found!
Beginning training loop...
Completing iteration 0...
Train loss @ 0:  1.0074733
Completing iteration 250...
Completing iteration 500...
Train loss @ 500:  0.57519895
Completing iteration 750...
Completing iteration 1000...
Train loss @ 1000:  0.51099616
Completing iteration 1250...
Completing iteration 1500...
Train loss @ 1500:  0.5081588
Completing iteration 1750...
Average Corr-0.00030222577868292986, MSE 0.1775665283203125, 1D 0.33027148246765137
Completing iteration 2000...
Train loss @ 2000:  0.5111551
Completing iteration 2250...
Completing iteration 2500...
Train loss @ 2500:  0.5068541
Completing iteration 2750...
Completing iteration 3000...
Train loss @ 3000:  0.5097643
Completing iteration 3250...
Completing iteration 3500...
Train loss @ 3500:  0.5102008
Completing iteration 3750...
Average Corr-0.0005798513672584306, MSE 0.17760756611824036, 1D 0.32910996675491333
Completing iteration 4000...
Train loss @ 4000:  0.5058127
Completing iteration 4250...
Completing iteration 4500...
Train loss @ 4500:  0.50969577
Completing iteration 4750...
Completing iteration 5000...
Train loss @ 5000:  0.5054259
Completing iteration 5250...
Completing iteration 5500...
Train loss @ 5500:  0.50663775
Completing iteration 5750...
Average Corr-0.0003298335207371314, MSE 0.1775699257850647, 1D 0.32864293456077576
Completing iteration 6000...
Train loss @ 6000:  0.51035786
Completing iteration 6250...
Completing iteration 6500...
Train loss @ 6500:  0.5065451
Completing iteration 6750...
Completing iteration 7000...
Train loss @ 7000:  0.5047
Completing iteration 7250...
Completing iteration 7500...
Train loss @ 7500:  0.5039902
Completing iteration 7750...
Average Corr0.0003999498991049277, MSE 0.17756158113479614, 1D 0.3284878134727478
Completing iteration 8000...
Train loss @ 8000:  0.504687
Completing iteration 8250...
Completing iteration 8500...
Train loss @ 8500:  0.5074286
Completing iteration 8750...
Completing iteration 9000...
Train loss @ 9000:  0.50494045
Completing iteration 9250...
Completing iteration 9500...
Train loss @ 9500:  0.50730324
Completing iteration 9750...
Average Corr0.001323962054312238, MSE 0.1775858849287033, 1D 0.32828834652900696
Completing iteration 10000...
Train loss @ 10000:  0.506702
Completing iteration 10250...
Completing iteration 10500...
Train loss @ 10500:  0.50474507
Completing iteration 10750...
Completing iteration 11000...
Train loss @ 11000:  0.50649446
Completing iteration 11250...
Completing iteration 11500...
Train loss @ 11500:  0.5071899
Completing iteration 11750...
Average Corr0.0023889481541687434, MSE 0.1775384396314621, 1D 0.3281204104423523
Completing iteration 12000...
Train loss @ 12000:  0.5060415
Completing iteration 12250...
Completing iteration 12500...
Train loss @ 12500:  0.5037567
Completing iteration 12750...
Completing iteration 13000...
Train loss @ 13000:  0.5043911
Completing iteration 13250...
Completing iteration 13500...
Train loss @ 13500:  0.5056048
Completing iteration 13750...
Average Corr0.0033108955007336567, MSE 0.17842243611812592, 1D 0.32816994190216064
Completing iteration 14000...
Train loss @ 14000:  0.50651276
Completing iteration 14250...
Completing iteration 14500...
Train loss @ 14500:  0.5041319
Completing iteration 14750...
Completing iteration 15000...
Train loss @ 15000:  0.5051729
Completing iteration 15250...
Completing iteration 15500...
Train loss @ 15500:  0.5058025
Completing iteration 15750...
Average Corr0.0057168521849966045, MSE 0.17776361107826233, 1D 0.32754313945770264
Completing iteration 16000...
Train loss @ 16000:  0.50606644
Completing iteration 16250...
Completing iteration 16500...
Train loss @ 16500:  0.50358415
Completing iteration 16750...
Completing iteration 17000...
Train loss @ 17000:  0.50700766
Completing iteration 17250...
Completing iteration 17500...
Train loss @ 17500:  0.50456125
Completing iteration 17750...
Average Corr0.012529475560313003, MSE 0.1766367405653, 1D 0.3275233805179596
Completing iteration 18000...
Train loss @ 18000:  0.5079487
Completing iteration 18250...
Completing iteration 18500...
Train loss @ 18500:  0.5052117
Completing iteration 18750...
Completing iteration 19000...
Train loss @ 19000:  0.50288934
Completing iteration 19250...
Completing iteration 19500...
Train loss @ 19500:  0.50737613
Completing iteration 19750...
Average Corr0.016673674455552855, MSE 0.17635217308998108, 1D 0.3285040855407715
Completing iteration 20000...
Train loss @ 20000:  0.50157005
Completing iteration 20250...
Completing iteration 20500...
Train loss @ 20500:  0.5012175
Completing iteration 20750...
Completing iteration 21000...
Train loss @ 21000:  0.50397927
Completing iteration 21250...
Completing iteration 21500...
Train loss @ 21500:  0.50263447
Completing iteration 21750...
Average Corr0.019435769708722257, MSE 0.17751088738441467, 1D 0.3276366889476776
Completing iteration 22000...
Train loss @ 22000:  0.5044875
Completing iteration 22250...
Completing iteration 22500...
Train loss @ 22500:  0.50601137
Completing iteration 22750...
Completing iteration 23000...
Train loss @ 23000:  0.5021764
Completing iteration 23250...
Completing iteration 23500...
Train loss @ 23500:  0.5036922
Completing iteration 23750...
Average Corr0.02679272006978643, MSE 0.17603681981563568, 1D 0.32746797800064087
Completing iteration 24000...
Train loss @ 24000:  0.5029607
Completing iteration 24250...
Completing iteration 24500...
Train loss @ 24500:  0.50062764
Completing iteration 24750...
Completing iteration 25000...
Train loss @ 25000:  0.50318545
Completing iteration 25250...
Completing iteration 25500...
Train loss @ 25500:  0.50123465
Completing iteration 25750...
Average Corr0.027202381114855026, MSE 0.17546217143535614, 1D 0.32714688777923584
Completing iteration 26000...
Train loss @ 26000:  0.5003061
Completing iteration 26250...
Completing iteration 26500...
Train loss @ 26500:  0.50356305
Completing iteration 26750...
Completing iteration 27000...
Train loss @ 27000:  0.5018115
Completing iteration 27250...
Completing iteration 27500...
Train loss @ 27500:  0.49909052
Completing iteration 27750...
Average Corr0.0208966235377664, MSE 0.177361860871315, 1D 0.3274245262145996
Completing iteration 28000...
Train loss @ 28000:  0.50481606
Completing iteration 28250...
Completing iteration 28500...
Train loss @ 28500:  0.4994814
Completing iteration 28750...
Completing iteration 29000...
Train loss @ 29000:  0.5028614
Completing iteration 29250...
Completing iteration 29500...
Train loss @ 29500:  0.50162804
Completing iteration 29750...
Average Corr0.027278078680562035, MSE 0.17623648047447205, 1D 0.3273087441921234
Completing iteration 30000...
Train loss @ 30000:  0.5033519
Completing iteration 30250...
Completing iteration 30500...
Train loss @ 30500:  0.50239396
slurmstepd: error: *** JOB 2069020 ON adroit-h11g2 CANCELLED AT 2024-04-10T10:25:39 ***
