Not using SWA.
Attempting to load models...
saved model loaded
Beginning training loop...
Train loss @ 8000:  0.5288556
Train loss @ 8500:  0.48709437
Train loss @ 9000:  0.48759797
Train loss @ 9500:  0.48545823
Average Corr0.12367548270576917, MSE 0.1806069016456604, 1D 0.3347935676574707
Train loss @ 10000:  0.49020478
Train loss @ 10500:  0.48681903
Train loss @ 11000:  0.48944402
Train loss @ 11500:  0.48997438
Average Corr0.1443994586935851, MSE 0.1772949993610382, 1D 0.33058106899261475
Train loss @ 12000:  0.48590392
Train loss @ 12500:  0.48893902
Train loss @ 13000:  0.48564905
Train loss @ 13500:  0.48687163
Average Corr0.1438776569337486, MSE 0.18207979202270508, 1D 0.33249396085739136
Train loss @ 14000:  0.4901281
Train loss @ 14500:  0.4870121
Train loss @ 15000:  0.4845061
Train loss @ 15500:  0.4846333
Average Corr0.18217050415046815, MSE 0.17076300084590912, 1D 0.3278743624687195
Train loss @ 16000:  0.48418123
Train loss @ 16500:  0.48696622
Train loss @ 17000:  0.4849247
Train loss @ 17500:  0.4871305
Average Corr0.18746994378357806, MSE 0.16959282755851746, 1D 0.3278158903121948
Train loss @ 18000:  0.486952
Train loss @ 18500:  0.48421317
Train loss @ 19000:  0.48657364
Train loss @ 19500:  0.48673293
Average Corr0.1959613295318023, MSE 0.16857674717903137, 1D 0.32716113328933716
Train loss @ 20000:  0.48529425
Train loss @ 20500:  0.4835074
Train loss @ 21000:  0.48349053
Train loss @ 21500:  0.48454812
Average Corr0.17362101243279415, MSE 0.16939017176628113, 1D 0.3317198157310486
Train loss @ 22000:  0.48624778
Train loss @ 22500:  0.4830112
Train loss @ 23000:  0.48561394
Train loss @ 23500:  0.4848275
Average Corr0.1789594935468789, MSE 0.17152482271194458, 1D 0.3303077220916748
Train loss @ 24000:  0.48526594
Train loss @ 24500:  0.48190275
Train loss @ 25000:  0.4861844
Train loss @ 25500:  0.4845483
Average Corr0.14641794543174494, MSE 0.17758187651634216, 1D 0.3328820466995239
Train loss @ 26000:  0.48819757
Train loss @ 26500:  0.48537403
Train loss @ 27000:  0.4830819
Train loss @ 27500:  0.48774892
Average Corr0.20090582657058245, MSE 0.16686876118183136, 1D 0.32699301838874817
Train loss @ 28000:  0.48293298
Train loss @ 28500:  0.48271227
Train loss @ 29000:  0.48512283
Train loss @ 29500:  0.48444882
Average Corr0.1953924278012878, MSE 0.16816408932209015, 1D 0.32745346426963806
Train loss @ 30000:  0.48567387
Train loss @ 30500:  0.48793405
Train loss @ 31000:  0.48423913
Train loss @ 31500:  0.4859032
Average Corr0.16235157227528138, MSE 0.1796356737613678, 1D 0.3352370262145996
Train loss @ 32000:  0.4850546
Train loss @ 32500:  0.48200563
Train loss @ 33000:  0.4856858
Train loss @ 33500:  0.4831561
Average Corr0.17569965444535646, MSE 0.17558705806732178, 1D 0.32971906661987305
Train loss @ 34000:  0.48148024
Train loss @ 34500:  0.4847913
Train loss @ 35000:  0.48415408
Train loss @ 35500:  0.4803202
Average Corr0.16872525223663198, MSE 0.17628958821296692, 1D 0.3272162079811096
Train loss @ 36000:  0.4862157
Train loss @ 36500:  0.4808417
Train loss @ 37000:  0.48507145
Train loss @ 37500:  0.4831329
Average Corr0.20165367058913897, MSE 0.16734564304351807, 1D 0.32664579153060913
Train loss @ 38000:  0.4849328
Train loss @ 38500:  0.4839244
Train loss @ 39000:  0.48415852
Train loss @ 39500:  0.48319092
Average Corr0.1740012567340161, MSE 0.1763656586408615, 1D 0.3310166299343109
Train loss @ 40000:  0.48222533
Train loss @ 40500:  0.48188433
Train loss @ 41000:  0.4826633
Train loss @ 41500:  0.4818996
Average Corr0.14646785476592286, MSE 0.19521531462669373, 1D 0.32899540662765503
Train loss @ 42000:  0.48351613
Train loss @ 42500:  0.48048276
Train loss @ 43000:  0.48206905
Train loss @ 43500:  0.48130795
Average Corr0.19524589811367923, MSE 0.17224475741386414, 1D 0.3270658850669861
Train loss @ 44000:  0.4823141
Train loss @ 44500:  0.48153347
Train loss @ 45000:  0.4813745
Train loss @ 45500:  0.48157173
Average Corr0.1448297168184956, MSE 0.19656622409820557, 1D 0.33201706409454346
Train loss @ 46000:  0.4806052
Train loss @ 46500:  0.48211873
Train loss @ 47000:  0.47988126
Train loss @ 47500:  0.48040316
Average Corr0.17275095136393848, MSE 0.18413324654102325, 1D 0.32953494787216187
Train loss @ 48000:  0.48079452
Train loss @ 48500:  0.4813294
Train loss @ 49000:  0.48365638
Train loss @ 49500:  0.4825912
Average Corr0.18584043752289064, MSE 0.17376765608787537, 1D 0.32911062240600586
Train loss @ 50000:  0.48089752
Train loss @ 50500:  0.48075494
Train loss @ 51000:  0.47904322
Train loss @ 51500:  0.4800502
Average Corr0.15327166687897475, MSE 0.1753837764263153, 1D 0.3284682631492615
Train loss @ 52000:  0.4823396
Train loss @ 52500:  0.48184755
Train loss @ 53000:  0.48286045
Train loss @ 53500:  0.48052746
Average Corr0.17868386685029056, MSE 0.1704130321741104, 1D 0.3267728090286255
Train loss @ 54000:  0.4811186
Train loss @ 54500:  0.4795728
Train loss @ 55000:  0.4800853
Train loss @ 55500:  0.47659558
Average Corr0.2017766512537375, MSE 0.1688673198223114, 1D 0.3270193636417389
Train loss @ 56000:  0.48132953
Train loss @ 56500:  0.48093078
Train loss @ 57000:  0.48136133
slurmstepd: error: *** JOB 2067984 ON adroit-h11g2 CANCELLED AT 2024-04-09T09:40:41 DUE TO TIME LIMIT ***
