Training transformer model. blur
Not using SWA.
Attempting to load models...
saved model loaded
Beginning training loop...
Completing iteration 68750...
Completing iteration 69000...
Train loss @ 69000:  0.1336022
Completing iteration 69250...
Completing iteration 69500...
Train loss @ 69500:  0.13434415
Completing iteration 69750...
Average Corr0.15961376015340012, MSE 0.18266308307647705, 1D N/A
Completing iteration 70000...
Train loss @ 70000:  0.13450769
Completing iteration 70250...
Completing iteration 70500...
Train loss @ 70500:  0.13445108
Completing iteration 70750...
Completing iteration 71000...
Train loss @ 71000:  0.13383079
Completing iteration 71250...
Completing iteration 71500...
Train loss @ 71500:  0.13342673
Completing iteration 71750...
Average Corr0.1455088259816254, MSE 0.18443474173545837, 1D N/A
Completing iteration 72000...
Train loss @ 72000:  0.13345392
Completing iteration 72250...
Completing iteration 72500...
Train loss @ 72500:  0.13274148
Completing iteration 72750...
Completing iteration 73000...
Train loss @ 73000:  0.13313796
Completing iteration 73250...
Completing iteration 73500...
Train loss @ 73500:  0.1318247
Completing iteration 73750...
Average Corr0.055422710553042286, MSE 0.19845041632652283, 1D N/A
Completing iteration 74000...
Train loss @ 74000:  0.13195638
Completing iteration 74250...
Completing iteration 74500...
Train loss @ 74500:  0.13302717
Completing iteration 74750...
Completing iteration 75000...
Train loss @ 75000:  0.13185568
Completing iteration 75250...
Completing iteration 75500...
Train loss @ 75500:  0.13057852
Completing iteration 75750...
Average Corr0.10441740585719105, MSE 0.18466870486736298, 1D N/A
Completing iteration 76000...
Train loss @ 76000:  0.13067974
Completing iteration 76250...
Completing iteration 76500...
Train loss @ 76500:  0.13078305
Completing iteration 76750...
Completing iteration 77000...
Train loss @ 77000:  0.13028029
Completing iteration 77250...
Completing iteration 77500...
Train loss @ 77500:  0.12970443
Completing iteration 77750...
Average Corr0.12730178949200285, MSE 0.18529349565505981, 1D N/A
Completing iteration 78000...
Train loss @ 78000:  0.1302566
Completing iteration 78250...
Completing iteration 78500...
Train loss @ 78500:  0.12971887
Completing iteration 78750...
Completing iteration 79000...
Train loss @ 79000:  0.1295928
Completing iteration 79250...
Completing iteration 79500...
Train loss @ 79500:  0.12989053
Completing iteration 79750...
Average Corr0.1041239658204433, MSE 0.18948926031589508, 1D N/A
Completing iteration 80000...
Train loss @ 80000:  0.1288168
Completing iteration 80250...
Completing iteration 80500...
Train loss @ 80500:  0.1285085
Completing iteration 80750...
Completing iteration 81000...
Train loss @ 81000:  0.1288435
Completing iteration 81250...
Completing iteration 81500...
Train loss @ 81500:  0.12829475
Completing iteration 81750...
Average Corr0.17128233173885837, MSE 0.17957811057567596, 1D N/A
Completing iteration 82000...
Train loss @ 82000:  0.12891993
Completing iteration 82250...
Completing iteration 82500...
Train loss @ 82500:  0.12784591
Completing iteration 82750...
Completing iteration 83000...
Train loss @ 83000:  0.1270156
Completing iteration 83250...
Completing iteration 83500...
Train loss @ 83500:  0.12737603
Completing iteration 83750...
Average Corr0.14753691100068164, MSE 0.18094098567962646, 1D N/A
Completing iteration 84000...
Train loss @ 84000:  0.1279202
Completing iteration 84250...
Completing iteration 84500...
Train loss @ 84500:  0.12706582
Completing iteration 84750...
Completing iteration 85000...
Train loss @ 85000:  0.12648463
Completing iteration 85250...
Completing iteration 85500...
Train loss @ 85500:  0.12604092
Completing iteration 85750...
Average Corr0.1631888265767142, MSE 0.18711602687835693, 1D N/A
Completing iteration 86000...
Train loss @ 86000:  0.1267912
Completing iteration 86250...
Completing iteration 86500...
Train loss @ 86500:  0.12744759
Completing iteration 86750...
Completing iteration 87000...
Train loss @ 87000:  0.12639661
Completing iteration 87250...
Completing iteration 87500...
Train loss @ 87500:  0.12598558
Completing iteration 87750...
Average Corr0.1452167684369774, MSE 0.19082589447498322, 1D N/A
Completing iteration 88000...
Train loss @ 88000:  0.12491756
Completing iteration 88250...
Completing iteration 88500...
Train loss @ 88500:  0.1258798
Completing iteration 88750...
Completing iteration 89000...
Train loss @ 89000:  0.12498978
Completing iteration 89250...
Completing iteration 89500...
Train loss @ 89500:  0.1242437
Completing iteration 89750...
Average Corr0.12272973181904148, MSE 0.1880185306072235, 1D N/A
Completing iteration 90000...
Train loss @ 90000:  0.12401325
Completing iteration 90250...
Completing iteration 90500...
Train loss @ 90500:  0.12414017
Completing iteration 90750...
Completing iteration 91000...
Train loss @ 91000:  0.12481332
Completing iteration 91250...
Completing iteration 91500...
Train loss @ 91500:  0.12460077
Completing iteration 91750...
Average Corr0.14017383240766024, MSE 0.17985306680202484, 1D N/A
Completing iteration 92000...
Train loss @ 92000:  0.123930514
Completing iteration 92250...
Completing iteration 92500...
Train loss @ 92500:  0.12349813
Completing iteration 92750...
Completing iteration 93000...
Train loss @ 93000:  0.12287043
Completing iteration 93250...
Completing iteration 93500...
Train loss @ 93500:  0.123093605
Completing iteration 93750...
Average Corr0.12962967027414146, MSE 0.18333859741687775, 1D N/A
Completing iteration 94000...
Train loss @ 94000:  0.12351367
Completing iteration 94250...
Completing iteration 94500...
Train loss @ 94500:  0.12245022
Completing iteration 94750...
Completing iteration 95000...
Train loss @ 95000:  0.12305132
Completing iteration 95250...
Completing iteration 95500...
Train loss @ 95500:  0.12291592
Completing iteration 95750...
Average Corr0.13353548031142212, MSE 0.18934136629104614, 1D N/A
Completing iteration 96000...
Train loss @ 96000:  0.12254463
Completing iteration 96250...
Completing iteration 96500...
Train loss @ 96500:  0.122235395
Completing iteration 96750...
Completing iteration 97000...
Train loss @ 97000:  0.12116854
Completing iteration 97250...
Completing iteration 97500...
Train loss @ 97500:  0.12109102
Completing iteration 97750...
Average Corr0.15784837369524, MSE 0.18408656120300293, 1D N/A
Completing iteration 98000...
Train loss @ 98000:  0.12078459
Completing iteration 98250...
Completing iteration 98500...
Train loss @ 98500:  0.12144048
Completing iteration 98750...
Completing iteration 99000...
Train loss @ 99000:  0.121090814
Completing iteration 99250...
Completing iteration 99500...
Train loss @ 99500:  0.12061307
Completing iteration 99750...
Average Corr0.1774493378962282, MSE 0.17829740047454834, 1D N/A
Completing iteration 100000...
Train loss @ 100000:  0.11989902
Completing iteration 100250...
Completing iteration 100500...
Train loss @ 100500:  0.11995299
Completing iteration 100750...
Completing iteration 101000...
Train loss @ 101000:  0.11997871
Completing iteration 101250...
Completing iteration 101500...
Train loss @ 101500:  0.12024628
Completing iteration 101750...
Average Corr0.16620139364729963, MSE 0.1833684742450714, 1D N/A
Completing iteration 102000...
Train loss @ 102000:  0.119108096
Completing iteration 102250...
Completing iteration 102500...
Train loss @ 102500:  0.11967724
Completing iteration 102750...
Completing iteration 103000...
Train loss @ 103000:  0.119104855
Completing iteration 103250...
Completing iteration 103500...
Train loss @ 103500:  0.11845935
Completing iteration 103750...
Average Corr0.1886615173338833, MSE 0.18349891901016235, 1D N/A
Completing iteration 104000...
Train loss @ 104000:  0.11853847
Completing iteration 104250...
Completing iteration 104500...
Train loss @ 104500:  0.118757054
Completing iteration 104750...
Completing iteration 105000...
Train loss @ 105000:  0.11909385
Completing iteration 105250...
Completing iteration 105500...
Train loss @ 105500:  0.11792063
Completing iteration 105750...
Average Corr0.18036867395440587, MSE 0.1799832284450531, 1D N/A
Completing iteration 106000...
Train loss @ 106000:  0.11814132
Completing iteration 106250...
Completing iteration 106500...
Train loss @ 106500:  0.11865106
Completing iteration 106750...
Completing iteration 107000...
Train loss @ 107000:  0.11787449
Completing iteration 107250...
Completing iteration 107500...
Train loss @ 107500:  0.117678754
Completing iteration 107750...
Average Corr0.1696485721205618, MSE 0.17654889822006226, 1D N/A
Completing iteration 108000...
Train loss @ 108000:  0.11758252
Completing iteration 108250...
Completing iteration 108500...
Train loss @ 108500:  0.11745683
Completing iteration 108750...
Completing iteration 109000...
Train loss @ 109000:  0.11682648
Completing iteration 109250...
Completing iteration 109500...
Train loss @ 109500:  0.11710389
Completing iteration 109750...
Average Corr0.1647525541353632, MSE 0.18025681376457214, 1D N/A
Completing iteration 110000...
Train loss @ 110000:  0.1177359
Completing iteration 110250...
Completing iteration 110500...
Train loss @ 110500:  0.11692784
Completing iteration 110750...
Completing iteration 111000...
Train loss @ 111000:  0.11663048
Completing iteration 111250...
Completing iteration 111500...
Train loss @ 111500:  0.11641986
Completing iteration 111750...
Average Corr0.17751160205374986, MSE 0.18154415488243103, 1D N/A
Completing iteration 112000...
Train loss @ 112000:  0.11625252
Completing iteration 112250...
Completing iteration 112500...
Train loss @ 112500:  0.11629102
Completing iteration 112750...
Completing iteration 113000...
Train loss @ 113000:  0.11592307
Completing iteration 113250...
Completing iteration 113500...
Train loss @ 113500:  0.11623697
Completing iteration 113750...
Average Corr0.173442550654096, MSE 0.182241752743721, 1D N/A
Completing iteration 114000...
Train loss @ 114000:  0.11549133
Completing iteration 114250...
Completing iteration 114500...
Train loss @ 114500:  0.11599715
Completing iteration 114750...
Completing iteration 115000...
Train loss @ 115000:  0.11461346
Completing iteration 115250...
Completing iteration 115500...
Train loss @ 115500:  0.11506228
Completing iteration 115750...
Average Corr0.1645413466529272, MSE 0.18046480417251587, 1D N/A
Completing iteration 116000...
Train loss @ 116000:  0.115043245
Completing iteration 116250...
Completing iteration 116500...
Train loss @ 116500:  0.114391014
Completing iteration 116750...
Completing iteration 117000...
Train loss @ 117000:  0.11493501
Completing iteration 117250...
Completing iteration 117500...
Train loss @ 117500:  0.11508688
Completing iteration 117750...
Average Corr0.18027011800366607, MSE 0.18034809827804565, 1D N/A
Completing iteration 118000...
Train loss @ 118000:  0.11377745
Completing iteration 118250...
Completing iteration 118500...
Train loss @ 118500:  0.11383108
Completing iteration 118750...
Completing iteration 119000...
Train loss @ 119000:  0.11377554
Completing iteration 119250...
Completing iteration 119500...
Train loss @ 119500:  0.11387838
Completing iteration 119750...
Average Corr0.1300297718289551, MSE 0.18944481015205383, 1D N/A
Completing iteration 120000...
Train loss @ 120000:  0.11347778
Completing iteration 120250...
Completing iteration 120500...
Train loss @ 120500:  0.113346554
Completing iteration 120750...
Completing iteration 121000...
Train loss @ 121000:  0.1129304
Completing iteration 121250...
Completing iteration 121500...
Train loss @ 121500:  0.113098904
Completing iteration 121750...
Average Corr0.17210227233204617, MSE 0.18221822381019592, 1D N/A
Completing iteration 122000...
Train loss @ 122000:  0.11272151
Completing iteration 122250...
Completing iteration 122500...
Train loss @ 122500:  0.11308621
Completing iteration 122750...
Completing iteration 123000...
Train loss @ 123000:  0.11201049
Completing iteration 123250...
Completing iteration 123500...
Train loss @ 123500:  0.11224136
Completing iteration 123750...
Average Corr0.17423257573110632, MSE 0.1799318492412567, 1D N/A
Completing iteration 124000...
Train loss @ 124000:  0.11187314
Completing iteration 124250...
Completing iteration 124500...
Train loss @ 124500:  0.11178002
Completing iteration 124750...
Completing iteration 125000...
Train loss @ 125000:  0.112186484
Completing iteration 125250...
Completing iteration 125500...
Train loss @ 125500:  0.11135945
Completing iteration 125750...
Average Corr0.15448157099180973, MSE 0.18529310822486877, 1D N/A
Completing iteration 126000...
Train loss @ 126000:  0.111797705
Completing iteration 126250...
Completing iteration 126500...
Train loss @ 126500:  0.11073958
Completing iteration 126750...
Completing iteration 127000...
Train loss @ 127000:  0.11009762
Completing iteration 127250...
Completing iteration 127500...
Train loss @ 127500:  0.1109721
Completing iteration 127750...
Average Corr0.18204227502368073, MSE 0.18237261474132538, 1D N/A
Completing iteration 128000...
Train loss @ 128000:  0.110598266
Completing iteration 128250...
Completing iteration 128500...
Train loss @ 128500:  0.110246494
Completing iteration 128750...
Completing iteration 129000...
Train loss @ 129000:  0.11037987
Completing iteration 129250...
Completing iteration 129500...
Train loss @ 129500:  0.109911546
Completing iteration 129750...
Average Corr0.16817700773206976, MSE 0.17787235975265503, 1D N/A
Completing iteration 130000...
Train loss @ 130000:  0.11019287
Completing iteration 130250...
Completing iteration 130500...
Train loss @ 130500:  0.110027365
Completing iteration 130750...
Completing iteration 131000...
Train loss @ 131000:  0.108791426
Completing iteration 131250...
Completing iteration 131500...
Train loss @ 131500:  0.109775156
Completing iteration 131750...
Average Corr0.17434108759317335, MSE 0.18251463770866394, 1D N/A
Completing iteration 132000...
Train loss @ 132000:  0.109370954
Completing iteration 132250...
Completing iteration 132500...
Train loss @ 132500:  0.10960084
Completing iteration 132750...
Completing iteration 133000...
Train loss @ 133000:  0.10909413
Completing iteration 133250...
Completing iteration 133500...
Train loss @ 133500:  0.10895975
Completing iteration 133750...
Average Corr0.18427435580819537, MSE 0.17795111238956451, 1D N/A
Completing iteration 134000...
Train loss @ 134000:  0.10896323
Completing iteration 134250...
Completing iteration 134500...
Train loss @ 134500:  0.109160066
Completing iteration 134750...
Completing iteration 135000...
Train loss @ 135000:  0.109281346
Completing iteration 135250...
Completing iteration 135500...
Train loss @ 135500:  0.108408175
Completing iteration 135750...
Average Corr0.18938899344299384, MSE 0.1800205111503601, 1D N/A
Completing iteration 136000...
Train loss @ 136000:  0.10833688
slurmstepd: error: *** JOB 2094566 ON adroit-h11g3 CANCELLED AT 2024-04-27T01:29:57 ***
Exception in thread Thread-2:
Traceback (most recent call last):
  File "/scratch/network/louisv/.conda/envs/orca_env/lib/python3.9/threading.py", line 980, in _bootstrap_inner
