Training transformer model.
Not using SWA.
Attempting to load models...
no saved model found!
no saved optimizer found!
Beginning training loop...
Completing iteration 0...
Train loss @ 0:  0.34334275
Completing iteration 250...
Completing iteration 500...
Train loss @ 500:  0.19329345
Completing iteration 750...
Completing iteration 1000...
Train loss @ 1000:  0.18708149
Completing iteration 1250...
Completing iteration 1500...
Train loss @ 1500:  0.18777874
Completing iteration 1750...
Average Corr0.0015172044015578894, MSE 0.17754706740379333, 1D N/A
Completing iteration 2000...
Train loss @ 2000:  0.1879473
Completing iteration 2250...
Completing iteration 2500...
Train loss @ 2500:  0.18608396
Completing iteration 2750...
Completing iteration 3000...
Train loss @ 3000:  0.18674274
Completing iteration 3250...
Completing iteration 3500...
Train loss @ 3500:  0.1855101
Completing iteration 3750...
Average Corr0.035604382929761175, MSE 0.1752588450908661, 1D N/A
Completing iteration 4000...
Train loss @ 4000:  0.1845621
Completing iteration 4250...
Completing iteration 4500...
Train loss @ 4500:  0.18370487
Completing iteration 4750...
Completing iteration 5000...
Train loss @ 5000:  0.18256976
Completing iteration 5250...
Completing iteration 5500...
Train loss @ 5500:  0.18286768
Completing iteration 5750...
Average Corr0.07751991147232028, MSE 0.1756591498851776, 1D N/A
Completing iteration 6000...
Train loss @ 6000:  0.18196188
Completing iteration 6250...
Completing iteration 6500...
Train loss @ 6500:  0.18079214
Completing iteration 6750...
Completing iteration 7000...
Train loss @ 7000:  0.18007365
Completing iteration 7250...
Completing iteration 7500...
Train loss @ 7500:  0.18033214
Completing iteration 7750...
Average Corr0.08894621833210044, MSE 0.17339825630187988, 1D N/A
Completing iteration 8000...
Train loss @ 8000:  0.17958313
Completing iteration 8250...
Completing iteration 8500...
Train loss @ 8500:  0.17941721
Completing iteration 8750...
Completing iteration 9000...
Train loss @ 9000:  0.17971148
Completing iteration 9250...
Completing iteration 9500...
Train loss @ 9500:  0.1798736
Completing iteration 9750...
Average Corr0.09249642524841131, MSE 0.1797371506690979, 1D N/A
Completing iteration 10000...
Train loss @ 10000:  0.17890339
Completing iteration 10250...
Completing iteration 10500...
Train loss @ 10500:  0.1786362
Completing iteration 10750...
Completing iteration 11000...
Train loss @ 11000:  0.17849348
Completing iteration 11250...
Completing iteration 11500...
Train loss @ 11500:  0.17851728
Completing iteration 11750...
Average Corr0.07414583402632309, MSE 0.18066775798797607, 1D N/A
Completing iteration 12000...
Train loss @ 12000:  0.17816417
Completing iteration 12250...
Completing iteration 12500...
Train loss @ 12500:  0.17775133
Completing iteration 12750...
Completing iteration 13000...
Train loss @ 13000:  0.17711683
Completing iteration 13250...
Completing iteration 13500...
Train loss @ 13500:  0.17722858
Completing iteration 13750...
Average Corr0.1326602352178526, MSE 0.17039641737937927, 1D N/A
Completing iteration 14000...
Train loss @ 14000:  0.17792001
Completing iteration 14250...
Completing iteration 14500...
Train loss @ 14500:  0.17642634
Completing iteration 14750...
Completing iteration 15000...
Train loss @ 15000:  0.17756048
Completing iteration 15250...
Completing iteration 15500...
Train loss @ 15500:  0.17708632
Completing iteration 15750...
Average Corr0.01995184467784772, MSE 0.18490979075431824, 1D N/A
Completing iteration 16000...
Train loss @ 16000:  0.17685488
Completing iteration 16250...
Completing iteration 16500...
Train loss @ 16500:  0.17613079
Completing iteration 16750...
Completing iteration 17000...
Train loss @ 17000:  0.17673501
Completing iteration 17250...
Completing iteration 17500...
Train loss @ 17500:  0.17616375
Completing iteration 17750...
Average Corr0.1483397165686317, MSE 0.17060533165931702, 1D N/A
Completing iteration 18000...
Train loss @ 18000:  0.17661062
Completing iteration 18250...
Completing iteration 18500...
Train loss @ 18500:  0.1752373
Completing iteration 18750...
Completing iteration 19000...
Train loss @ 19000:  0.17433994
Completing iteration 19250...
Completing iteration 19500...
Train loss @ 19500:  0.17597108
Completing iteration 19750...
Average Corr0.027734904199752535, MSE 0.1945260614156723, 1D N/A
Completing iteration 20000...
Train loss @ 20000:  0.17515561
Completing iteration 20250...
Completing iteration 20500...
Train loss @ 20500:  0.17426658
Completing iteration 20750...
Completing iteration 21000...
Train loss @ 21000:  0.17337146
Completing iteration 21250...
Completing iteration 21500...
Train loss @ 21500:  0.17293152
Completing iteration 21750...
Average Corr0.09493383656846037, MSE 0.17581087350845337, 1D N/A
Completing iteration 22000...
Train loss @ 22000:  0.17425492
Completing iteration 22250...
Completing iteration 22500...
Train loss @ 22500:  0.17483136
Completing iteration 22750...
Completing iteration 23000...
Train loss @ 23000:  0.17268088
Completing iteration 23250...
Completing iteration 23500...
Train loss @ 23500:  0.17279895
Completing iteration 23750...
Average Corr0.15466125426703994, MSE 0.16846102476119995, 1D N/A
Completing iteration 24000...
Train loss @ 24000:  0.17346084
Completing iteration 24250...
Completing iteration 24500...
Train loss @ 24500:  0.17187424
Completing iteration 24750...
Completing iteration 25000...
Train loss @ 25000:  0.17281283
Completing iteration 25250...
Completing iteration 25500...
Train loss @ 25500:  0.17243154
Completing iteration 25750...
Average Corr0.08862720396378584, MSE 0.18066179752349854, 1D N/A
Completing iteration 26000...
Train loss @ 26000:  0.1719925
Completing iteration 26250...
Completing iteration 26500...
Train loss @ 26500:  0.1715892
Completing iteration 26750...
Completing iteration 27000...
Train loss @ 27000:  0.17120652
Completing iteration 27250...
Completing iteration 27500...
Train loss @ 27500:  0.17092004
Completing iteration 27750...
Average Corr0.08524686552728679, MSE 0.18853384256362915, 1D N/A
Completing iteration 28000...
Train loss @ 28000:  0.1711767
Completing iteration 28250...
Completing iteration 28500...
Train loss @ 28500:  0.16978732
Completing iteration 28750...
Completing iteration 29000...
Train loss @ 29000:  0.16949967
Completing iteration 29250...
Completing iteration 29500...
Train loss @ 29500:  0.16875978
Completing iteration 29750...
Average Corr0.006791563708821652, MSE 0.198786199092865, 1D N/A
Completing iteration 30000...
Train loss @ 30000:  0.16956352
Completing iteration 30250...
Completing iteration 30500...
Train loss @ 30500:  0.16887075
Completing iteration 30750...
Completing iteration 31000...
Train loss @ 31000:  0.16873999
Completing iteration 31250...
Completing iteration 31500...
Train loss @ 31500:  0.16850045
Completing iteration 31750...
Average Corr0.06790421772052548, MSE 0.19937151670455933, 1D N/A
Completing iteration 32000...
Train loss @ 32000:  0.16750479
Completing iteration 32250...
Completing iteration 32500...
Train loss @ 32500:  0.16739069
Completing iteration 32750...
Completing iteration 33000...
Train loss @ 33000:  0.16774751
Completing iteration 33250...
Completing iteration 33500...
Train loss @ 33500:  0.16646431
Completing iteration 33750...
Average Corr0.061164556675341736, MSE 0.21047958731651306, 1D N/A
Completing iteration 34000...
Train loss @ 34000:  0.1679396
Completing iteration 34250...
Completing iteration 34500...
Train loss @ 34500:  0.16540724
Completing iteration 34750...
Completing iteration 35000...
Train loss @ 35000:  0.16534048
Completing iteration 35250...
Completing iteration 35500...
Train loss @ 35500:  0.1656843
Completing iteration 35750...
Average Corr-0.002496230339462157, MSE 0.25704193115234375, 1D N/A
Completing iteration 36000...
Train loss @ 36000:  0.16538681
Completing iteration 36250...
Completing iteration 36500...
Train loss @ 36500:  0.16437866
Completing iteration 36750...
Completing iteration 37000...
Train loss @ 37000:  0.16392134
Completing iteration 37250...
Completing iteration 37500...
Train loss @ 37500:  0.16419208
Completing iteration 37750...
Average Corr0.11778734727066544, MSE 0.17480523884296417, 1D N/A
Completing iteration 38000...
Train loss @ 38000:  0.16402484
Completing iteration 38250...
Completing iteration 38500...
Train loss @ 38500:  0.16357957
Completing iteration 38750...
Completing iteration 39000...
Train loss @ 39000:  0.16334793
Completing iteration 39250...
Completing iteration 39500...
Train loss @ 39500:  0.16285644
Completing iteration 39750...
Average Corr0.005481020530692528, MSE 0.23616039752960205, 1D N/A
Completing iteration 40000...
Train loss @ 40000:  0.16213782
Completing iteration 40250...
Completing iteration 40500...
Train loss @ 40500:  0.1616736
Completing iteration 40750...
Completing iteration 41000...
Train loss @ 41000:  0.16184896
Completing iteration 41250...
Completing iteration 41500...
Train loss @ 41500:  0.16205865
Completing iteration 41750...
Average Corr0.10445738147717022, MSE 0.17528074979782104, 1D N/A
Completing iteration 42000...
Train loss @ 42000:  0.16126543
Completing iteration 42250...
Completing iteration 42500...
Train loss @ 42500:  0.16044857
Completing iteration 42750...
Completing iteration 43000...
Train loss @ 43000:  0.16058768
Completing iteration 43250...
Completing iteration 43500...
Train loss @ 43500:  0.15963413
Completing iteration 43750...
Average Corr0.1279822219485774, MSE 0.18954913318157196, 1D N/A
Completing iteration 44000...
Train loss @ 44000:  0.1597801
Completing iteration 44250...
Completing iteration 44500...
Train loss @ 44500:  0.15891248
Completing iteration 44750...
Completing iteration 45000...
Train loss @ 45000:  0.1585313
Completing iteration 45250...
Completing iteration 45500...
Train loss @ 45500:  0.1574674
Completing iteration 45750...
Average Corr0.10778628036761974, MSE 0.220266655087471, 1D N/A
Completing iteration 46000...
Train loss @ 46000:  0.15794313
Completing iteration 46250...
Completing iteration 46500...
Train loss @ 46500:  0.15597671
Completing iteration 46750...
Completing iteration 47000...
Train loss @ 47000:  0.1560697
Completing iteration 47250...
Completing iteration 47500...
Train loss @ 47500:  0.15486492
Completing iteration 47750...
Average Corr0.05139227405122993, MSE 0.2460719496011734, 1D N/A
Completing iteration 48000...
Train loss @ 48000:  0.15538484
Completing iteration 48250...
Completing iteration 48500...
Train loss @ 48500:  0.15520293
Completing iteration 48750...
Completing iteration 49000...
Train loss @ 49000:  0.154363
Completing iteration 49250...
Completing iteration 49500...
Train loss @ 49500:  0.1538107
Completing iteration 49750...
Average Corr0.019075602219308256, MSE 0.3710077404975891, 1D N/A
Completing iteration 50000...
Train loss @ 50000:  0.1538931
Completing iteration 50250...
Completing iteration 50500...
Train loss @ 50500:  0.1530436
Completing iteration 50750...
Completing iteration 51000...
Train loss @ 51000:  0.15313812
Completing iteration 51250...
Completing iteration 51500...
Train loss @ 51500:  0.15135182
Completing iteration 51750...
Average Corr0.033198896205958076, MSE 0.2732362151145935, 1D N/A
Completing iteration 52000...
Train loss @ 52000:  0.15131138
Completing iteration 52250...
Completing iteration 52500...
Train loss @ 52500:  0.15177883
Completing iteration 52750...
Completing iteration 53000...
Train loss @ 53000:  0.15177195
Completing iteration 53250...
Completing iteration 53500...
Train loss @ 53500:  0.15019824
Completing iteration 53750...
Average Corr0.12058242009311236, MSE 0.1879172921180725, 1D N/A
Completing iteration 54000...
Train loss @ 54000:  0.15102558
Completing iteration 54250...
Completing iteration 54500...
Train loss @ 54500:  0.14827919
Completing iteration 54750...
Completing iteration 55000...
Train loss @ 55000:  0.14931616
Completing iteration 55250...
Completing iteration 55500...
Train loss @ 55500:  0.14938702
Completing iteration 55750...
Average Corr0.105792296693961, MSE 0.18865683674812317, 1D N/A
Completing iteration 56000...
Train loss @ 56000:  0.14887998
Completing iteration 56250...
Completing iteration 56500...
Train loss @ 56500:  0.14854299
Completing iteration 56750...
Completing iteration 57000...
Train loss @ 57000:  0.14799875
Completing iteration 57250...
Completing iteration 57500...
Train loss @ 57500:  0.14784752
Completing iteration 57750...
Average Corr0.05147892199610925, MSE 0.3629745841026306, 1D N/A
Completing iteration 58000...
Train loss @ 58000:  0.14612485
Completing iteration 58250...
Completing iteration 58500...
Train loss @ 58500:  0.14736164
Completing iteration 58750...
Completing iteration 59000...
Train loss @ 59000:  0.14700344
Completing iteration 59250...
Completing iteration 59500...
Train loss @ 59500:  0.14674868
Completing iteration 59750...
Average Corr0.06063160881607823, MSE 0.2271227389574051, 1D N/A
Completing iteration 60000...
Train loss @ 60000:  0.14579293
Completing iteration 60250...
Completing iteration 60500...
Train loss @ 60500:  0.14580521
Completing iteration 60750...
Completing iteration 61000...
Train loss @ 61000:  0.14532842
Completing iteration 61250...
Completing iteration 61500...
Train loss @ 61500:  0.14571847
Completing iteration 61750...
Average Corr0.1379908032509565, MSE 0.18975555896759033, 1D N/A
Completing iteration 62000...
Train loss @ 62000:  0.14418048
Completing iteration 62250...
Completing iteration 62500...
Train loss @ 62500:  0.14427735
Completing iteration 62750...
Completing iteration 63000...
Train loss @ 63000:  0.1440642
Completing iteration 63250...
Completing iteration 63500...
Train loss @ 63500:  0.14358084
Completing iteration 63750...
Average Corr0.1171522517949172, MSE 0.22767756879329681, 1D N/A
Completing iteration 64000...
Train loss @ 64000:  0.14318159
Completing iteration 64250...
Completing iteration 64500...
Train loss @ 64500:  0.14309232
Completing iteration 64750...
Completing iteration 65000...
Train loss @ 65000:  0.14292987
Completing iteration 65250...
Completing iteration 65500...
Train loss @ 65500:  0.1419758
Completing iteration 65750...
Average Corr0.1290756796847985, MSE 0.18813419342041016, 1D N/A
Completing iteration 66000...
Train loss @ 66000:  0.14319462
Completing iteration 66250...
Completing iteration 66500...
Train loss @ 66500:  0.1422771
Completing iteration 66750...
Completing iteration 67000...
Train loss @ 67000:  0.14162026
Completing iteration 67250...
Completing iteration 67500...
Train loss @ 67500:  0.140419
Completing iteration 67750...
Average Corr0.16921411840135728, MSE 0.18685804307460785, 1D N/A
Completing iteration 68000...
Train loss @ 68000:  0.14155994
Completing iteration 68250...
Completing iteration 68500...
Train loss @ 68500:  0.13956702
slurmstepd: error: *** JOB 2083337 ON adroit-h11g3 CANCELLED AT 2024-04-24T23:49:20 DUE TO TIME LIMIT ***
