Training transformer model.
Not using SWA.
Attempting to load models...
no saved model found!
no saved optimizer found!
Beginning training loop...
Completing iteration 0...
Train loss @ 0:  0.36155903
Completing iteration 250...
Completing iteration 500...
Train loss @ 500:  0.18692729
Completing iteration 750...
Completing iteration 1000...
Train loss @ 1000:  0.17817448
Completing iteration 1250...
Completing iteration 1500...
Train loss @ 1500:  0.17612843
Completing iteration 1750...
Average Corr0.13187514007685094, MSE 0.1773766428232193, 1D N/A
Completing iteration 2000...
Train loss @ 2000:  0.17560853
slurmstepd: error: *** JOB 2083202 ON adroit-h11g3 CANCELLED AT 2024-04-23T23:24:14 ***
