Training transformer model: transformer intermediate.
Not using SWA.
Attempting to load models...
no saved model found!
no saved optimizer found!
Beginning training loop...
Completing iteration 0...
Train loss @ 0:  1.1023686
Completing iteration 250...
Completing iteration 500...
Train loss @ 500:  0.5714657
Completing iteration 750...
Completing iteration 1000...
Train loss @ 1000:  0.5042897
Completing iteration 1250...
Completing iteration 1500...
Train loss @ 1500:  0.4995465
Completing iteration 1750...
Average Corr0.08761169431006531, MSE 0.19772449135780334, 1D 0.3355281352996826
Completing iteration 2000...
Train loss @ 2000:  0.5025011
Completing iteration 2250...
Completing iteration 2500...
Train loss @ 2500:  0.49737984
Completing iteration 2750...
Completing iteration 3000...
Train loss @ 3000:  0.50018054
Completing iteration 3250...
Completing iteration 3500...
Train loss @ 3500:  0.5001743
Completing iteration 3750...
Average Corr0.11032305033511969, MSE 0.1933259665966034, 1D 0.33283472061157227
Completing iteration 4000...
Train loss @ 4000:  0.49567714
Completing iteration 4250...
Completing iteration 4500...
Train loss @ 4500:  0.4983976
Completing iteration 4750...
Completing iteration 5000...
Train loss @ 5000:  0.49487993
Completing iteration 5250...
Completing iteration 5500...
Train loss @ 5500:  0.4963818
Completing iteration 5750...
Average Corr0.11139821932653421, MSE 0.19335730373859406, 1D 0.3327202796936035
Completing iteration 6000...
Train loss @ 6000:  0.49906427
Completing iteration 6250...
Completing iteration 6500...
Train loss @ 6500:  0.49568483
Completing iteration 6750...
Completing iteration 7000...
Train loss @ 7000:  0.49300635
Completing iteration 7250...
Completing iteration 7500...
Train loss @ 7500:  0.49282628
Completing iteration 7750...
Average Corr0.1632825807604926, MSE 0.17303875088691711, 1D 0.33084458112716675
Completing iteration 8000...
Train loss @ 8000:  0.49287763
Completing iteration 8250...
Completing iteration 8500...
Train loss @ 8500:  0.49518457
Completing iteration 8750...
Completing iteration 9000...
Train loss @ 9000:  0.49281964
Completing iteration 9250...
Completing iteration 9500...
Train loss @ 9500:  0.49538353
Completing iteration 9750...
Average Corr0.1534467436727265, MSE 0.174432635307312, 1D 0.33045271039009094
Completing iteration 10000...
Train loss @ 10000:  0.49504733
Completing iteration 10250...
Completing iteration 10500...
Train loss @ 10500:  0.4924629
Completing iteration 10750...
Completing iteration 11000...
Train loss @ 11000:  0.49454957
Completing iteration 11250...
Completing iteration 11500...
Train loss @ 11500:  0.49478915
Completing iteration 11750...
Average Corr0.17094247373537014, MSE 0.17112824320793152, 1D 0.33022603392601013
Completing iteration 12000...
Train loss @ 12000:  0.49321014
Completing iteration 12250...
Completing iteration 12500...
Train loss @ 12500:  0.49133953
Completing iteration 12750...
Completing iteration 13000...
Train loss @ 13000:  0.49154788
Completing iteration 13250...
Completing iteration 13500...
Train loss @ 13500:  0.49296448
Completing iteration 13750...
slurmstepd: error: *** JOB 2074025 ON adroit-h11g3 CANCELLED AT 2024-04-23T14:28:45 DUE TO TIME LIMIT ***
