Training transformer model. (BLUR)
Not using SWA.
Attempting to load models...
no saved model found!
no saved optimizer found!
Beginning training loop...
Completing iteration 0...
Train loss @ 0:  0.33911622
Completing iteration 250...
Completing iteration 500...
Train loss @ 500:  0.19474518
Completing iteration 750...
Completing iteration 1000...
Train loss @ 1000:  0.18694429
Completing iteration 1250...
Completing iteration 1500...
Train loss @ 1500:  0.18724488
Completing iteration 1750...
Average Corr0.01915784080387441, MSE 0.17784294486045837, 1D N/A
Completing iteration 2000...
Train loss @ 2000:  0.18632382
Completing iteration 2250...
Completing iteration 2500...
Train loss @ 2500:  0.18352212
Completing iteration 2750...
Completing iteration 3000...
Train loss @ 3000:  0.18382077
Completing iteration 3250...
Completing iteration 3500...
Train loss @ 3500:  0.18297923
Completing iteration 3750...
Average Corr0.051454195310004204, MSE 0.1748245656490326, 1D N/A
Completing iteration 4000...
Train loss @ 4000:  0.18285614
Completing iteration 4250...
Completing iteration 4500...
Train loss @ 4500:  0.18218596
Completing iteration 4750...
Completing iteration 5000...
Train loss @ 5000:  0.18135841
Completing iteration 5250...
Completing iteration 5500...
Train loss @ 5500:  0.18166907
Completing iteration 5750...
Average Corr0.09175144900328004, MSE 0.172016903758049, 1D N/A
Completing iteration 6000...
Train loss @ 6000:  0.18085313
Completing iteration 6250...
Completing iteration 6500...
Train loss @ 6500:  0.1794497
Completing iteration 6750...
Completing iteration 7000...
Train loss @ 7000:  0.17895313
Completing iteration 7250...
Completing iteration 7500...
Train loss @ 7500:  0.17899212
Completing iteration 7750...
Average Corr0.1268324560962501, MSE 0.1697811782360077, 1D N/A
Completing iteration 8000...
Train loss @ 8000:  0.17834936
Completing iteration 8250...
Completing iteration 8500...
Train loss @ 8500:  0.17798276
Completing iteration 8750...
Completing iteration 9000...
Train loss @ 9000:  0.17835532
Completing iteration 9250...
Completing iteration 9500...
Train loss @ 9500:  0.17839184
Completing iteration 9750...
Average Corr0.08361416196384408, MSE 0.17162680625915527, 1D N/A
Completing iteration 10000...
Train loss @ 10000:  0.17731155
Completing iteration 10250...
Completing iteration 10500...
Train loss @ 10500:  0.17711513
Completing iteration 10750...
Completing iteration 11000...
Train loss @ 11000:  0.1769047
Completing iteration 11250...
Completing iteration 11500...
Train loss @ 11500:  0.17696393
Completing iteration 11750...
Average Corr0.14843204284987344, MSE 0.16920030117034912, 1D N/A
Completing iteration 12000...
Train loss @ 12000:  0.17664652
Completing iteration 12250...
Completing iteration 12500...
Train loss @ 12500:  0.17608353
Completing iteration 12750...
Completing iteration 13000...
Train loss @ 13000:  0.17551968
Completing iteration 13250...
Completing iteration 13500...
Train loss @ 13500:  0.17564878
Completing iteration 13750...
Average Corr0.11858652326789658, MSE 0.17104564607143402, 1D N/A
Completing iteration 14000...
Train loss @ 14000:  0.17631824
Completing iteration 14250...
Completing iteration 14500...
Train loss @ 14500:  0.17504555
Completing iteration 14750...
Completing iteration 15000...
Train loss @ 15000:  0.17611536
Completing iteration 15250...
Completing iteration 15500...
Train loss @ 15500:  0.17558219
Completing iteration 15750...
Average Corr0.07914500909122445, MSE 0.17721965909004211, 1D N/A
Completing iteration 16000...
Train loss @ 16000:  0.17537256
Completing iteration 16250...
Completing iteration 16500...
Train loss @ 16500:  0.17441083
Completing iteration 16750...
Completing iteration 17000...
Train loss @ 17000:  0.17526978
Completing iteration 17250...
Completing iteration 17500...
Train loss @ 17500:  0.17467098
Completing iteration 17750...
Average Corr0.11668682112904963, MSE 0.17567463219165802, 1D N/A
Completing iteration 18000...
Train loss @ 18000:  0.17493846
Completing iteration 18250...
Completing iteration 18500...
Train loss @ 18500:  0.17388825
Completing iteration 18750...
Completing iteration 19000...
Train loss @ 19000:  0.17270812
Completing iteration 19250...
Completing iteration 19500...
Train loss @ 19500:  0.17454822
Completing iteration 19750...
Average Corr0.15663361783178648, MSE 0.17706194519996643, 1D N/A
Completing iteration 20000...
Train loss @ 20000:  0.17351624
Completing iteration 20250...
Completing iteration 20500...
Train loss @ 20500:  0.17288758
Completing iteration 20750...
Completing iteration 21000...
Train loss @ 21000:  0.17171387
Completing iteration 21250...
Completing iteration 21500...
Train loss @ 21500:  0.17134018
Completing iteration 21750...
Average Corr0.0775879342404079, MSE 0.1773412823677063, 1D N/A
Completing iteration 22000...
Train loss @ 22000:  0.17291263
Completing iteration 22250...
Completing iteration 22500...
Train loss @ 22500:  0.17328128
Completing iteration 22750...
Completing iteration 23000...
Train loss @ 23000:  0.17119555
Completing iteration 23250...
Completing iteration 23500...
Train loss @ 23500:  0.17136468
Completing iteration 23750...
Average Corr0.0974123633239223, MSE 0.17381510138511658, 1D N/A
Completing iteration 24000...
Train loss @ 24000:  0.17177102
Completing iteration 24250...
Completing iteration 24500...
Train loss @ 24500:  0.16999726
Completing iteration 24750...
Completing iteration 25000...
Train loss @ 25000:  0.1708957
Completing iteration 25250...
Completing iteration 25500...
Train loss @ 25500:  0.17075473
Completing iteration 25750...
Average Corr0.06093595650915305, MSE 0.18018180131912231, 1D N/A
Completing iteration 26000...
Train loss @ 26000:  0.17026426
Completing iteration 26250...
Completing iteration 26500...
Train loss @ 26500:  0.16956589
Completing iteration 26750...
Completing iteration 27000...
Train loss @ 27000:  0.16908157
Completing iteration 27250...
Completing iteration 27500...
Train loss @ 27500:  0.16885711
Completing iteration 27750...
Average Corr0.1431458664695794, MSE 0.18098552525043488, 1D N/A
Completing iteration 28000...
Train loss @ 28000:  0.16890767
Completing iteration 28250...
Completing iteration 28500...
Train loss @ 28500:  0.16751926
Completing iteration 28750...
Completing iteration 29000...
Train loss @ 29000:  0.16705193
Completing iteration 29250...
Completing iteration 29500...
Train loss @ 29500:  0.1664844
Completing iteration 29750...
Average Corr0.11093145897589464, MSE 0.17723152041435242, 1D N/A
Completing iteration 30000...
Train loss @ 30000:  0.16687989
Completing iteration 30250...
Completing iteration 30500...
Train loss @ 30500:  0.16705565
Completing iteration 30750...
Completing iteration 31000...
Train loss @ 31000:  0.16601892
Completing iteration 31250...
Completing iteration 31500...
Train loss @ 31500:  0.16554904
Completing iteration 31750...
Average Corr0.17455949681733285, MSE 0.1717718094587326, 1D N/A
Completing iteration 32000...
Train loss @ 32000:  0.1645087
Completing iteration 32250...
Completing iteration 32500...
Train loss @ 32500:  0.1647027
Completing iteration 32750...
Completing iteration 33000...
Train loss @ 33000:  0.16435912
Completing iteration 33250...
Completing iteration 33500...
Train loss @ 33500:  0.16309474
Completing iteration 33750...
Average Corr0.05102511310235576, MSE 0.19436807930469513, 1D N/A
Completing iteration 34000...
Train loss @ 34000:  0.16444682
Completing iteration 34250...
Completing iteration 34500...
Train loss @ 34500:  0.16211005
Completing iteration 34750...
Completing iteration 35000...
Train loss @ 35000:  0.16208734
Completing iteration 35250...
Completing iteration 35500...
Train loss @ 35500:  0.16200219
Completing iteration 35750...
Average Corr0.15196226379860703, MSE 0.17796646058559418, 1D N/A
Completing iteration 36000...
Train loss @ 36000:  0.16213398
Completing iteration 36250...
Completing iteration 36500...
Train loss @ 36500:  0.16058393
Completing iteration 36750...
Completing iteration 37000...
Train loss @ 37000:  0.15985888
Completing iteration 37250...
Completing iteration 37500...
Train loss @ 37500:  0.16062263
Completing iteration 37750...
Average Corr0.08500707918189732, MSE 0.1853494793176651, 1D N/A
Completing iteration 38000...
Train loss @ 38000:  0.16015054
Completing iteration 38250...
Completing iteration 38500...
Train loss @ 38500:  0.1592446
Completing iteration 38750...
Completing iteration 39000...
Train loss @ 39000:  0.15903762
Completing iteration 39250...
Completing iteration 39500...
Train loss @ 39500:  0.15871136
Completing iteration 39750...
Average Corr0.07549072538731122, MSE 0.20511846244335175, 1D N/A
Completing iteration 40000...
Train loss @ 40000:  0.15699066
Completing iteration 40250...
Completing iteration 40500...
Train loss @ 40500:  0.15721397
Completing iteration 40750...
Completing iteration 41000...
Train loss @ 41000:  0.15704289
Completing iteration 41250...
Completing iteration 41500...
Train loss @ 41500:  0.15697452
Completing iteration 41750...
Average Corr0.16067039683175763, MSE 0.17140278220176697, 1D N/A
Completing iteration 42000...
Train loss @ 42000:  0.15630163
Completing iteration 42250...
Completing iteration 42500...
Train loss @ 42500:  0.15561618
Completing iteration 42750...
Completing iteration 43000...
Train loss @ 43000:  0.15527987
Completing iteration 43250...
Completing iteration 43500...
Train loss @ 43500:  0.1545498
Completing iteration 43750...
Average Corr0.10880793394220546, MSE 0.18150974810123444, 1D N/A
Completing iteration 44000...
Train loss @ 44000:  0.15471669
Completing iteration 44250...
Completing iteration 44500...
Train loss @ 44500:  0.15387377
Completing iteration 44750...
Completing iteration 45000...
Train loss @ 45000:  0.15342586
Completing iteration 45250...
Completing iteration 45500...
Train loss @ 45500:  0.15313068
Completing iteration 45750...
Average Corr0.08999615309113965, MSE 0.18604642152786255, 1D N/A
Completing iteration 46000...
Train loss @ 46000:  0.15238272
Completing iteration 46250...
Completing iteration 46500...
Train loss @ 46500:  0.151117
Completing iteration 46750...
Completing iteration 47000...
Train loss @ 47000:  0.15137725
Completing iteration 47250...
Completing iteration 47500...
Train loss @ 47500:  0.15053488
Completing iteration 47750...
Average Corr0.05895545677100433, MSE 0.20594476163387299, 1D N/A
Completing iteration 48000...
Train loss @ 48000:  0.15079477
Completing iteration 48250...
Completing iteration 48500...
Train loss @ 48500:  0.15005668
Completing iteration 48750...
Completing iteration 49000...
Train loss @ 49000:  0.14921112
Completing iteration 49250...
Completing iteration 49500...
Train loss @ 49500:  0.14889276
Completing iteration 49750...
Average Corr0.1477419734859364, MSE 0.17894212901592255, 1D N/A
Completing iteration 50000...
Train loss @ 50000:  0.14886044
Completing iteration 50250...
Completing iteration 50500...
Train loss @ 50500:  0.14796881
Completing iteration 50750...
Completing iteration 51000...
Train loss @ 51000:  0.14787292
Completing iteration 51250...
Completing iteration 51500...
Train loss @ 51500:  0.14640112
Completing iteration 51750...
Average Corr0.1402063831001367, MSE 0.17806614935398102, 1D N/A
Completing iteration 52000...
Train loss @ 52000:  0.14626585
Completing iteration 52250...
Completing iteration 52500...
Train loss @ 52500:  0.14672263
Completing iteration 52750...
Completing iteration 53000...
Train loss @ 53000:  0.14557405
Completing iteration 53250...
Completing iteration 53500...
Train loss @ 53500:  0.14498685
Completing iteration 53750...
Average Corr0.15094539370391893, MSE 0.17609405517578125, 1D N/A
Completing iteration 54000...
Train loss @ 54000:  0.14578618
Completing iteration 54250...
Completing iteration 54500...
Train loss @ 54500:  0.1430874
Completing iteration 54750...
Completing iteration 55000...
Train loss @ 55000:  0.14379416
Completing iteration 55250...
Completing iteration 55500...
Train loss @ 55500:  0.14342262
Completing iteration 55750...
Average Corr0.13222144266319288, MSE 0.18024742603302002, 1D N/A
Completing iteration 56000...
Train loss @ 56000:  0.14339185
Completing iteration 56250...
Completing iteration 56500...
Train loss @ 56500:  0.14279257
Completing iteration 56750...
Completing iteration 57000...
Train loss @ 57000:  0.14250888
Completing iteration 57250...
Completing iteration 57500...
Train loss @ 57500:  0.14208265
Completing iteration 57750...
Average Corr0.17337289091752625, MSE 0.17681992053985596, 1D N/A
Completing iteration 58000...
Train loss @ 58000:  0.14128698
Completing iteration 58250...
Completing iteration 58500...
Train loss @ 58500:  0.14133275
Completing iteration 58750...
Completing iteration 59000...
Train loss @ 59000:  0.14120522
Completing iteration 59250...
Completing iteration 59500...
Train loss @ 59500:  0.14064083
Completing iteration 59750...
Average Corr0.09553049206837594, MSE 0.18346050381660461, 1D N/A
Completing iteration 60000...
Train loss @ 60000:  0.14065808
Completing iteration 60250...
Completing iteration 60500...
Train loss @ 60500:  0.1406839
Completing iteration 60750...
Completing iteration 61000...
Train loss @ 61000:  0.13971211
Completing iteration 61250...
Completing iteration 61500...
Train loss @ 61500:  0.14022572
Completing iteration 61750...
Average Corr0.11357846871888828, MSE 0.18557754158973694, 1D N/A
Completing iteration 62000...
Train loss @ 62000:  0.13852298
Completing iteration 62250...
Completing iteration 62500...
Train loss @ 62500:  0.13864525
Completing iteration 62750...
Completing iteration 63000...
Train loss @ 63000:  0.13842736
Completing iteration 63250...
Completing iteration 63500...
Train loss @ 63500:  0.13849372
Completing iteration 63750...
Average Corr0.14971000373800392, MSE 0.17744597792625427, 1D N/A
Completing iteration 64000...
Train loss @ 64000:  0.13800465
Completing iteration 64250...
Completing iteration 64500...
Train loss @ 64500:  0.13757184
Completing iteration 64750...
Completing iteration 65000...
Train loss @ 65000:  0.13791703
Completing iteration 65250...
Completing iteration 65500...
Train loss @ 65500:  0.13632175
Completing iteration 65750...
Average Corr0.16736357782611852, MSE 0.176543191075325, 1D N/A
Completing iteration 66000...
Train loss @ 66000:  0.13779083
Completing iteration 66250...
Completing iteration 66500...
Train loss @ 66500:  0.13694414
Completing iteration 66750...
Completing iteration 67000...
Train loss @ 67000:  0.1363106
Completing iteration 67250...
Completing iteration 67500...
Train loss @ 67500:  0.13506037
Completing iteration 67750...
Average Corr0.15025710251056837, MSE 0.17472144961357117, 1D N/A
Completing iteration 68000...
Train loss @ 68000:  0.13612865
Completing iteration 68250...
Completing iteration 68500...
Train loss @ 68500:  0.13459271
Completing iteration 68750...
slurmstepd: error: *** JOB 2086630 ON adroit-h11g3 CANCELLED AT 2024-04-26T00:10:20 DUE TO TIME LIMIT ***
