Training transformer model.
Not using SWA.
Attempting to load models...
no saved model found!
no saved optimizer found!
Beginning training loop...
Completing iteration 0...
Train loss @ 0:  1.0439107
Completing iteration 250...
Completing iteration 500...
Train loss @ 500:  0.57179654
Completing iteration 750...
Completing iteration 1000...
Train loss @ 1000:  0.5117216
Completing iteration 1250...
Completing iteration 1500...
Train loss @ 1500:  0.50917155
Completing iteration 1750...
Average Corr0.0006739690766645618, MSE 0.17758449912071228, 1D 0.33324500918388367
Completing iteration 2000...
Train loss @ 2000:  0.5121764
Completing iteration 2250...
Completing iteration 2500...
Train loss @ 2500:  0.5079828
Completing iteration 2750...
Completing iteration 3000...
Train loss @ 3000:  0.51098734
Completing iteration 3250...
Completing iteration 3500...
Train loss @ 3500:  0.511187
Completing iteration 3750...
Average Corr0.000514882392932265, MSE 0.1776026338338852, 1D 0.33099064230918884
Completing iteration 4000...
Train loss @ 4000:  0.506955
Completing iteration 4250...
Completing iteration 4500...
Train loss @ 4500:  0.5108806
Completing iteration 4750...
Completing iteration 5000...
Train loss @ 5000:  0.50646013
Completing iteration 5250...
Completing iteration 5500...
Train loss @ 5500:  0.5076221
Completing iteration 5750...
Average Corr0.0005030100630247078, MSE 0.17756392061710358, 1D 0.3304232954978943
Completing iteration 6000...
Train loss @ 6000:  0.5113559
Completing iteration 6250...
Completing iteration 6500...
Train loss @ 6500:  0.50749403
Completing iteration 6750...
Completing iteration 7000...
Train loss @ 7000:  0.5057292
Completing iteration 7250...
Completing iteration 7500...
Train loss @ 7500:  0.5049111
Completing iteration 7750...
Average Corr0.0003343674878945878, MSE 0.17773649096488953, 1D 0.3295678496360779
Completing iteration 8000...
Train loss @ 8000:  0.50582254
Completing iteration 8250...
Completing iteration 8500...
Train loss @ 8500:  0.5084057
Completing iteration 8750...
Completing iteration 9000...
Train loss @ 9000:  0.50587296
Completing iteration 9250...
Completing iteration 9500...
Train loss @ 9500:  0.5082191
Completing iteration 9750...
Average Corr0.00039449516850374126, MSE 0.17756539583206177, 1D 0.32929137349128723
Completing iteration 10000...
Train loss @ 10000:  0.5076318
Completing iteration 10250...
Completing iteration 10500...
Train loss @ 10500:  0.50583225
Completing iteration 10750...
Completing iteration 11000...
Train loss @ 11000:  0.50753856
Completing iteration 11250...
Completing iteration 11500...
Train loss @ 11500:  0.5084333
Completing iteration 11750...
Average Corr0.0003145365936005532, MSE 0.1775629073381424, 1D 0.3290210962295532
Completing iteration 12000...
Train loss @ 12000:  0.50711256
Completing iteration 12250...
Completing iteration 12500...
Train loss @ 12500:  0.5046014
Completing iteration 12750...
Completing iteration 13000...
Train loss @ 13000:  0.50560075
Completing iteration 13250...
Completing iteration 13500...
Train loss @ 13500:  0.5066005
Completing iteration 13750...
Average Corr0.0003795959068984937, MSE 0.17780886590480804, 1D 0.3299306631088257
Completing iteration 14000...
Train loss @ 14000:  0.50745505
Completing iteration 14250...
Completing iteration 14500...
Train loss @ 14500:  0.5051472
Completing iteration 14750...
Completing iteration 15000...
Train loss @ 15000:  0.5062821
Completing iteration 15250...
Completing iteration 15500...
Train loss @ 15500:  0.506849
Completing iteration 15750...
Average Corr0.00039165193578819197, MSE 0.1779005378484726, 1D 0.3292387127876282
Completing iteration 16000...
Train loss @ 16000:  0.5073302
Completing iteration 16250...
Completing iteration 16500...
Train loss @ 16500:  0.5048658
Completing iteration 16750...
Completing iteration 17000...
Train loss @ 17000:  0.50830305
Completing iteration 17250...
Completing iteration 17500...
Train loss @ 17500:  0.506072
Completing iteration 17750...
Average Corr0.0004817580435194205, MSE 0.17757757008075714, 1D 0.33002305030822754
Completing iteration 18000...
Train loss @ 18000:  0.509609
Completing iteration 18250...
Completing iteration 18500...
Train loss @ 18500:  0.50732726
Completing iteration 18750...
Completing iteration 19000...
Train loss @ 19000:  0.5055507
Completing iteration 19250...
Completing iteration 19500...
Train loss @ 19500:  0.5104571
Completing iteration 19750...
Average Corr0.0001986234294359312, MSE 0.1775672882795334, 1D 0.32894837856292725
Completing iteration 20000...
Train loss @ 20000:  0.50503623
Completing iteration 20250...
Completing iteration 20500...
Train loss @ 20500:  0.50474054
Completing iteration 20750...
Completing iteration 21000...
Train loss @ 21000:  0.5077339
Completing iteration 21250...
Completing iteration 21500...
Train loss @ 21500:  0.5064292
Completing iteration 21750...
Average Corr0.00028574761936153877, MSE 0.1785803586244583, 1D 0.3283286988735199
Completing iteration 22000...
Train loss @ 22000:  0.508304
Completing iteration 22250...
Completing iteration 22500...
Train loss @ 22500:  0.50972354
Completing iteration 22750...
Completing iteration 23000...
Train loss @ 23000:  0.5064165
Completing iteration 23250...
Completing iteration 23500...
Train loss @ 23500:  0.5077452
Completing iteration 23750...
Average Corr0.00037538838440626544, MSE 0.1781369149684906, 1D 0.3302966058254242
Completing iteration 24000...
Train loss @ 24000:  0.5070234
Completing iteration 24250...
Completing iteration 24500...
Train loss @ 24500:  0.50525385
Completing iteration 24750...
Completing iteration 25000...
Train loss @ 25000:  0.5074472
Completing iteration 25250...
Completing iteration 25500...
Train loss @ 25500:  0.5059007
Completing iteration 25750...
Average Corr0.00034673927239676903, MSE 0.17756561934947968, 1D 0.3292545676231384
Completing iteration 26000...
Train loss @ 26000:  0.50514567
Completing iteration 26250...
Completing iteration 26500...
Train loss @ 26500:  0.5080177
Completing iteration 26750...
Completing iteration 27000...
Train loss @ 27000:  0.50617933
Completing iteration 27250...
Completing iteration 27500...
Train loss @ 27500:  0.50378764
Completing iteration 27750...
Average Corr0.00025721426343510963, MSE 0.17777498066425323, 1D 0.32818281650543213
Completing iteration 28000...
Train loss @ 28000:  0.5093277
Completing iteration 28250...
Completing iteration 28500...
Train loss @ 28500:  0.5043343
Completing iteration 28750...
Completing iteration 29000...
Train loss @ 29000:  0.5072759
Completing iteration 29250...
Completing iteration 29500...
Train loss @ 29500:  0.506102
Completing iteration 29750...
Average Corr0.00029087726651503507, MSE 0.17756862938404083, 1D 0.32811713218688965
Completing iteration 30000...
Train loss @ 30000:  0.50799555
Completing iteration 30250...
Completing iteration 30500...
Train loss @ 30500:  0.5068886
Completing iteration 30750...
Completing iteration 31000...
Train loss @ 31000:  0.50769514
Completing iteration 31250...
Completing iteration 31500...
Train loss @ 31500:  0.5068041
Completing iteration 31750...
Average Corr0.00033997768679834225, MSE 0.1776827573776245, 1D 0.32953977584838867
Completing iteration 32000...
Train loss @ 32000:  0.50498706
Completing iteration 32250...
Completing iteration 32500...
Train loss @ 32500:  0.5048666
Completing iteration 32750...
Completing iteration 33000...
Train loss @ 33000:  0.5057866
Completing iteration 33250...
Completing iteration 33500...
Train loss @ 33500:  0.5044707
Completing iteration 33750...
Average Corr0.0002862765666354499, MSE 0.1778699904680252, 1D 0.3284922242164612
Completing iteration 34000...
Train loss @ 34000:  0.5073669
Completing iteration 34250...
Completing iteration 34500...
Train loss @ 34500:  0.5032609
Completing iteration 34750...
Completing iteration 35000...
Train loss @ 35000:  0.5058236
Completing iteration 35250...
Completing iteration 35500...
Train loss @ 35500:  0.50446004
Completing iteration 35750...
Average Corr0.0003192033625987708, MSE 0.17756935954093933, 1D 0.32802361249923706
Completing iteration 36000...
Train loss @ 36000:  0.50573015
Completing iteration 36250...
Completing iteration 36500...
Train loss @ 36500:  0.5053179
Completing iteration 36750...
Completing iteration 37000...
Train loss @ 37000:  0.5048132
Completing iteration 37250...
Completing iteration 37500...
Train loss @ 37500:  0.5056413
Completing iteration 37750...
Average Corr0.0003797250421779127, MSE 0.17756295204162598, 1D 0.3295075297355652
Completing iteration 38000...
Train loss @ 38000:  0.5038877
Completing iteration 38250...
Completing iteration 38500...
Train loss @ 38500:  0.5053031
Completing iteration 38750...
Completing iteration 39000...
Train loss @ 39000:  0.50380653
Completing iteration 39250...
Completing iteration 39500...
Train loss @ 39500:  0.5041217
Completing iteration 39750...
Average Corr0.00032905705460857315, MSE 0.17773713171482086, 1D 0.32846033573150635
Completing iteration 40000...
Train loss @ 40000:  0.5049425
Completing iteration 40250...
Completing iteration 40500...
Train loss @ 40500:  0.505325
Completing iteration 40750...
Completing iteration 41000...
Train loss @ 41000:  0.50806206
Completing iteration 41250...
Completing iteration 41500...
Train loss @ 41500:  0.5067389
Completing iteration 41750...
Average Corr0.00023256426872925997, MSE 0.1775703728199005, 1D 0.32866090536117554
Completing iteration 42000...
Train loss @ 42000:  0.5048617
Completing iteration 42250...
Completing iteration 42500...
Train loss @ 42500:  0.5046468
Completing iteration 42750...
Completing iteration 43000...
Train loss @ 43000:  0.5032771
Completing iteration 43250...
Completing iteration 43500...
Train loss @ 43500:  0.50432694
Completing iteration 43750...
Average Corr0.00026339555305594645, MSE 0.1775781810283661, 1D 0.328430712223053
Completing iteration 44000...
Train loss @ 44000:  0.5066342
Completing iteration 44250...
Completing iteration 44500...
Train loss @ 44500:  0.5066849
Completing iteration 44750...
Completing iteration 45000...
Train loss @ 45000:  0.5067975
Completing iteration 45250...
Completing iteration 45500...
Train loss @ 45500:  0.5048183
Completing iteration 45750...
Average Corr0.00023493080827988552, MSE 0.17758402228355408, 1D 0.32786476612091064
Completing iteration 46000...
Train loss @ 46000:  0.5046642
Completing iteration 46250...
Completing iteration 46500...
Train loss @ 46500:  0.5036909
Completing iteration 46750...
Completing iteration 47000...
Train loss @ 47000:  0.50366
Completing iteration 47250...
Completing iteration 47500...
Train loss @ 47500:  0.5012269
Completing iteration 47750...
Average Corr0.00017704925085657011, MSE 0.1776430606842041, 1D 0.32806816697120667
Completing iteration 48000...
Train loss @ 48000:  0.50482327
Completing iteration 48250...
Completing iteration 48500...
Train loss @ 48500:  0.50511724
Completing iteration 48750...
Completing iteration 49000...
Train loss @ 49000:  0.506307
Completing iteration 49250...
Completing iteration 49500...
Train loss @ 49500:  0.50462145
Completing iteration 49750...
Average Corr0.00041293210038116776, MSE 0.17792077362537384, 1D 0.328921377658844
Completing iteration 50000...
Train loss @ 50000:  0.50482804
Completing iteration 50250...
Completing iteration 50500...
Train loss @ 50500:  0.50607777
Completing iteration 50750...
Completing iteration 51000...
Train loss @ 51000:  0.506067
Completing iteration 51250...
Completing iteration 51500...
Train loss @ 51500:  0.50488645
Completing iteration 51750...
Average Corr0.0004106400699803863, MSE 0.17786934971809387, 1D 0.3308698832988739
Completing iteration 52000...
Train loss @ 52000:  0.504165
Completing iteration 52250...
Completing iteration 52500...
Train loss @ 52500:  0.5064598
Completing iteration 52750...
Completing iteration 53000...
Train loss @ 53000:  0.50499517
Completing iteration 53250...
Completing iteration 53500...
Train loss @ 53500:  0.50339097
Completing iteration 53750...
Average Corr0.00029178053786465375, MSE 0.17817112803459167, 1D 0.3276694715023041
Completing iteration 54000...
Train loss @ 54000:  0.50771546
Completing iteration 54250...
Completing iteration 54500...
Train loss @ 54500:  0.5009036
Completing iteration 54750...
Completing iteration 55000...
Train loss @ 55000:  0.5050979
Completing iteration 55250...
Completing iteration 55500...
Train loss @ 55500:  0.505423
Completing iteration 55750...
Average Corr0.0002639248865373004, MSE 0.17794311046600342, 1D 0.3284013867378235
Completing iteration 56000...
Train loss @ 56000:  0.50496143
Completing iteration 56250...
Completing iteration 56500...
Train loss @ 56500:  0.5076385
Completing iteration 56750...
Completing iteration 57000...
Train loss @ 57000:  0.5031694
Completing iteration 57250...
Completing iteration 57500...
Train loss @ 57500:  0.50693935
slurmstepd: error: *** JOB 2069243 ON adroit-h11g2 CANCELLED AT 2024-04-11T11:01:10 ***
